[ 2016-12-23T11:59:48+08:00 ] ::1 /app/weibo2/index.php/UserSetting/index.html
INFO: [ app_begin ] --START--
INFO: Run Behavior\ReadHtmlCache [ RunTime:0.000947s ]
INFO: [ app_begin ] --END-- [ RunTime:0.001857s ]
NOTIC: [8192] mysql_connect(): The mysql extension is deprecated and will be removed in the future: use mysqli or PDO instead /Applications/XAMPP/xamppfiles/htdocs/app/ThinkPHP/Library/Think/Db/Driver/Mysql.class.php 第 52 行.
SQL: SHOW COLUMNS FROM `hd_userinfo` [ RunTime:0.004212s ]
SQL: SELECT `username`,`truename`,`sex`,`location`,`constellation`,`intro`,`face180` FROM `hd_userinfo` WHERE ( `uid` = 25 ) LIMIT 1   [ RunTime:0.000400s ]
INFO: [ view_parse ] --START--
INFO: [ template_filter ] --START--
INFO: Run Behavior\ContentReplace [ RunTime:0.000193s ]
INFO: [ template_filter ] --END-- [ RunTime:0.000257s ]
SQL: SHOW COLUMNS FROM `hd_userinfo` [ RunTime:0.001438s ]
SQL: SELECT `style` FROM `hd_userinfo` WHERE ( `uid` = 25 ) LIMIT 1   [ RunTime:0.000292s ]
SQL: SELECT `username` FROM `hd_userinfo` WHERE ( `uid` = 25 ) LIMIT 1   [ RunTime:0.000209s ]
SQL: SHOW COLUMNS FROM `hd_group` [ RunTime:0.001249s ]
SQL: SELECT * FROM `hd_group` WHERE ( `uid` = 25 )  [ RunTime:0.000305s ]
SQL: SELECT * FROM `hd_group` WHERE ( `uid` = 25 )  [ RunTime:0.000208s ]
INFO: Run Behavior\ParseTemplate [ RunTime:0.030662s ]
INFO: [ view_parse ] --END-- [ RunTime:0.030723s ]
INFO: [ view_filter ] --START--
INFO: Run Behavior\WriteHtmlCache [ RunTime:0.000604s ]
INFO: [ view_filter ] --END-- [ RunTime:0.000646s ]
INFO: [ app_end ] --START--
INFO: Run Behavior\ShowPageTrace [ RunTime:0.001435s ]
INFO: [ app_end ] --END-- [ RunTime:0.001494s ]

[ 2016-12-23T11:59:50+08:00 ] ::1 /app/weibo2/index.php/UserSetting/
INFO: [ app_begin ] --START--
INFO: Run Behavior\ReadHtmlCache [ RunTime:0.000411s ]
INFO: [ app_begin ] --END-- [ RunTime:0.000735s ]
NOTIC: [8192] mysql_connect(): The mysql extension is deprecated and will be removed in the future: use mysqli or PDO instead /Applications/XAMPP/xamppfiles/htdocs/app/ThinkPHP/Library/Think/Db/Driver/Mysql.class.php 第 52 行.
SQL: SHOW COLUMNS FROM `hd_userinfo` [ RunTime:0.002782s ]
SQL: SELECT `username`,`truename`,`sex`,`location`,`constellation`,`intro`,`face180` FROM `hd_userinfo` WHERE ( `uid` = 25 ) LIMIT 1   [ RunTime:0.000340s ]
INFO: [ view_parse ] --START--
INFO: [ template_filter ] --START--
INFO: Run Behavior\ContentReplace [ RunTime:0.000108s ]
INFO: [ template_filter ] --END-- [ RunTime:0.000172s ]
SQL: SHOW COLUMNS FROM `hd_userinfo` [ RunTime:0.001345s ]
SQL: SELECT `style` FROM `hd_userinfo` WHERE ( `uid` = 25 ) LIMIT 1   [ RunTime:0.000273s ]
SQL: SELECT `username` FROM `hd_userinfo` WHERE ( `uid` = 25 ) LIMIT 1   [ RunTime:0.000206s ]
SQL: SHOW COLUMNS FROM `hd_group` [ RunTime:0.001364s ]
SQL: SELECT * FROM `hd_group` WHERE ( `uid` = 25 )  [ RunTime:0.000238s ]
SQL: SELECT * FROM `hd_group` WHERE ( `uid` = 25 )  [ RunTime:0.000182s ]
INFO: Run Behavior\ParseTemplate [ RunTime:0.022107s ]
INFO: [ view_parse ] --END-- [ RunTime:0.022157s ]
INFO: [ view_filter ] --START--
INFO: Run Behavior\WriteHtmlCache [ RunTime:0.000198s ]
INFO: [ view_filter ] --END-- [ RunTime:0.000243s ]
INFO: [ app_end ] --START--
INFO: Run Behavior\ShowPageTrace [ RunTime:0.000672s ]
INFO: [ app_end ] --END-- [ RunTime:0.000744s ]

[ 2016-12-23T15:05:28+08:00 ] ::1 /app/weibo2/index.php/UserSetting/index.html
INFO: [ app_begin ] --START--
INFO: Run Behavior\ReadHtmlCache [ RunTime:0.001053s ]
INFO: [ app_begin ] --END-- [ RunTime:0.001902s ]
NOTIC: [8192] mysql_connect(): The mysql extension is deprecated and will be removed in the future: use mysqli or PDO instead /Applications/XAMPP/xamppfiles/htdocs/app/ThinkPHP/Library/Think/Db/Driver/Mysql.class.php 第 52 行.
SQL: SHOW COLUMNS FROM `hd_userinfo` [ RunTime:0.003775s ]
SQL: SELECT `username`,`truename`,`sex`,`location`,`constellation`,`intro`,`face180` FROM `hd_userinfo` WHERE ( `uid` = 25 ) LIMIT 1   [ RunTime:0.000576s ]
INFO: [ view_parse ] --START--
INFO: [ template_filter ] --START--
INFO: Run Behavior\ContentReplace [ RunTime:0.000185s ]
INFO: [ template_filter ] --END-- [ RunTime:0.000249s ]
SQL: SHOW COLUMNS FROM `hd_userinfo` [ RunTime:0.001711s ]
SQL: SELECT `style` FROM `hd_userinfo` WHERE ( `uid` = 25 ) LIMIT 1   [ RunTime:0.000278s ]
SQL: SELECT `username` FROM `hd_userinfo` WHERE ( `uid` = 25 ) LIMIT 1   [ RunTime:0.000192s ]
SQL: SHOW COLUMNS FROM `hd_group` [ RunTime:0.001301s ]
SQL: SELECT * FROM `hd_group` WHERE ( `uid` = 25 )  [ RunTime:0.000286s ]
SQL: SELECT * FROM `hd_group` WHERE ( `uid` = 25 )  [ RunTime:0.000154s ]
INFO: Run Behavior\ParseTemplate [ RunTime:0.032425s ]
INFO: [ view_parse ] --END-- [ RunTime:0.032482s ]
INFO: [ view_filter ] --START--
INFO: Run Behavior\WriteHtmlCache [ RunTime:0.000481s ]
INFO: [ view_filter ] --END-- [ RunTime:0.000531s ]
INFO: [ app_end ] --START--
INFO: Run Behavior\ShowPageTrace [ RunTime:0.000910s ]
INFO: [ app_end ] --END-- [ RunTime:0.000983s ]

[ 2016-12-23T15:05:31+08:00 ] ::1 /app/weibo2/index.php/UserSetting/
INFO: [ app_begin ] --START--
INFO: Run Behavior\ReadHtmlCache [ RunTime:0.000530s ]
INFO: [ app_begin ] --END-- [ RunTime:0.000782s ]
NOTIC: [8192] mysql_connect(): The mysql extension is deprecated and will be removed in the future: use mysqli or PDO instead /Applications/XAMPP/xamppfiles/htdocs/app/ThinkPHP/Library/Think/Db/Driver/Mysql.class.php 第 52 行.
SQL: SHOW COLUMNS FROM `hd_userinfo` [ RunTime:0.002224s ]
SQL: SELECT `username`,`truename`,`sex`,`location`,`constellation`,`intro`,`face180` FROM `hd_userinfo` WHERE ( `uid` = 25 ) LIMIT 1   [ RunTime:0.000388s ]
INFO: [ view_parse ] --START--
INFO: [ template_filter ] --START--
INFO: Run Behavior\ContentReplace [ RunTime:0.000097s ]
INFO: [ template_filter ] --END-- [ RunTime:0.000158s ]
SQL: SHOW COLUMNS FROM `hd_userinfo` [ RunTime:0.001521s ]
SQL: SELECT `style` FROM `hd_userinfo` WHERE ( `uid` = 25 ) LIMIT 1   [ RunTime:0.000311s ]
SQL: SELECT `username` FROM `hd_userinfo` WHERE ( `uid` = 25 ) LIMIT 1   [ RunTime:0.000215s ]
SQL: SHOW COLUMNS FROM `hd_group` [ RunTime:0.001196s ]
SQL: SELECT * FROM `hd_group` WHERE ( `uid` = 25 )  [ RunTime:0.000223s ]
SQL: SELECT * FROM `hd_group` WHERE ( `uid` = 25 )  [ RunTime:0.000171s ]
INFO: Run Behavior\ParseTemplate [ RunTime:0.019892s ]
INFO: [ view_parse ] --END-- [ RunTime:0.019940s ]
INFO: [ view_filter ] --START--
INFO: Run Behavior\WriteHtmlCache [ RunTime:0.000179s ]
INFO: [ view_filter ] --END-- [ RunTime:0.000222s ]
INFO: [ app_end ] --START--
INFO: Run Behavior\ShowPageTrace [ RunTime:0.000530s ]
INFO: [ app_end ] --END-- [ RunTime:0.000641s ]

[ 2016-12-23T16:21:33+08:00 ] ::1 /app/weibo2/index.php/Home/Login
INFO: [ app_begin ] --START--
INFO: Run Behavior\ReadHtmlCache [ RunTime:0.001114s ]
INFO: [ app_begin ] --END-- [ RunTime:0.002233s ]
INFO: [ view_parse ] --START--
INFO: [ template_filter ] --START--
INFO: Run Behavior\ContentReplace [ RunTime:0.000044s ]
INFO: [ template_filter ] --END-- [ RunTime:0.000130s ]
INFO: Run Behavior\ParseTemplate [ RunTime:0.012338s ]
INFO: [ view_parse ] --END-- [ RunTime:0.012429s ]
INFO: [ view_filter ] --START--
INFO: Run Behavior\WriteHtmlCache [ RunTime:0.000488s ]
INFO: [ view_filter ] --END-- [ RunTime:0.000530s ]
INFO: [ app_end ] --START--
INFO: Run Behavior\ShowPageTrace [ RunTime:0.000964s ]
INFO: [ app_end ] --END-- [ RunTime:0.001022s ]

[ 2016-12-23T16:21:43+08:00 ] ::1 /app/weibo2/index.php/Login/login.html
INFO: [ app_begin ] --START--
INFO: Run Behavior\ReadHtmlCache [ RunTime:0.000530s ]
INFO: [ app_begin ] --END-- [ RunTime:0.001040s ]
NOTIC: [8192] mysql_connect(): The mysql extension is deprecated and will be removed in the future: use mysqli or PDO instead /Applications/XAMPP/xamppfiles/htdocs/app/ThinkPHP/Library/Think/Db/Driver/Mysql.class.php 第 52 行.
SQL: SHOW COLUMNS FROM `hd_user` [ RunTime:0.003596s ]
SQL: SELECT * FROM `hd_user` WHERE ( `account` = 'admin001' ) LIMIT 1   [ RunTime:0.000725s ]
SQL: SELECT * FROM `hd_user` WHERE ( `password` = 'wjd123' ) LIMIT 1   [ RunTime:0.001069s ]
SQL: SELECT `id` FROM `hd_user` WHERE ( `account` = 'admin001' ) LIMIT 1   [ RunTime:0.000229s ]
SQL: SELECT `lock` FROM `hd_user` WHERE ( `account` = 'admin001' ) LIMIT 1   [ RunTime:0.000179s ]
SQL: SELECT `account` FROM `hd_user` WHERE ( `account` = 'admin001' ) LIMIT 1   [ RunTime:0.000177s ]

[ 2016-12-23T16:21:46+08:00 ] ::1 /app/weibo2/index.php/Index/index.html
INFO: [ app_begin ] --START--
INFO: Run Behavior\ReadHtmlCache [ RunTime:0.000375s ]
INFO: [ app_begin ] --END-- [ RunTime:0.000691s ]
NOTIC: [8192] mysql_connect(): The mysql extension is deprecated and will be removed in the future: use mysqli or PDO instead /Applications/XAMPP/xamppfiles/htdocs/app/ThinkPHP/Library/Think/Db/Driver/Mysql.class.php 第 52 行.
SQL: SHOW COLUMNS FROM `hd_follow` [ RunTime:0.002362s ]
SQL: SELECT `follow` FROM `hd_follow` WHERE ( `fans` = 22 )  [ RunTime:0.000796s ]
SQL: SHOW COLUMNS FROM `hd_weibo` [ RunTime:0.001420s ]
SQL: SHOW COLUMNS FROM `hd_userinfo` [ RunTime:0.001826s ]
SQL: SHOW COLUMNS FROM `hd_picture` [ RunTime:0.001542s ]
SQL: SELECT COUNT(*) AS tp_count FROM hd_weibo weibo LEFT JOIN hd_userinfo userinfo ON weibo.uid=userinfo.uid LEFT JOIN hd_picture picture ON weibo.id=picture.wid WHERE ( weibo.uid IN ('22','20','23','30','43','40','43','44','45') ) LIMIT 1   [ RunTime:0.002619s ]
SQL: SELECT weibo.id AS id,weibo.content AS content,weibo.isturn AS isturn,weibo.time AS time,weibo.turn AS turn,weibo.keep AS keep,weibo.comment AS comment,weibo.uid AS uid,userinfo.username AS username,userinfo.face50 AS face,picture.mini AS mini,picture.medium AS medium,picture.max AS max FROM hd_weibo weibo LEFT JOIN hd_userinfo userinfo ON weibo.uid=userinfo.uid LEFT JOIN hd_picture picture ON weibo.id=picture.wid WHERE ( weibo.uid IN ('22','20','23','30','43','40','43','44','45') ) ORDER BY weibo.time DESC LIMIT  0, 10   [ RunTime:0.002429s ]
INFO: [ view_parse ] --START--
INFO: [ template_filter ] --START--
INFO: Run Behavior\ContentReplace [ RunTime:0.000135s ]
INFO: [ template_filter ] --END-- [ RunTime:0.000222s ]
SQL: SELECT `style` FROM `hd_userinfo` WHERE ( `uid` = 22 ) LIMIT 1   [ RunTime:0.000365s ]
SQL: SELECT `username` FROM `hd_userinfo` WHERE ( `uid` = 22 ) LIMIT 1   [ RunTime:0.000198s ]
SQL: SHOW COLUMNS FROM `hd_group` [ RunTime:0.001581s ]
SQL: SELECT * FROM `hd_group` WHERE ( `uid` = 22 )  [ RunTime:0.000945s ]
SQL: SELECT * FROM `hd_group` WHERE ( `uid` = 22 )  [ RunTime:0.000242s ]
SQL: SELECT `username`,`face80` AS `face`,`follow`,`fans`,`weibo`,`uid` FROM `hd_userinfo` WHERE ( `uid` = 22 ) LIMIT 1   [ RunTime:0.000311s ]
SQL: SELECT `follow` FROM `hd_follow` WHERE ( `fans` = 22 )  [ RunTime:0.000180s ]
SQL: select uid,username,face50 as face,count(f.follow) as count from hd_follow f left join hd_userinfo u on f.follow = u.uid where f.fans IN(20,23,30,43,40,43,44,45) and f.follow not in (20,23,30,43,40,43,44,45) and f.follow <> 22 group by f.follow order by count desc limit 4 [ RunTime:0.003403s ]
INFO: Run Behavior\ParseTemplate [ RunTime:0.050491s ]
INFO: [ view_parse ] --END-- [ RunTime:0.050548s ]
INFO: [ view_filter ] --START--
INFO: Run Behavior\WriteHtmlCache [ RunTime:0.000282s ]
INFO: [ view_filter ] --END-- [ RunTime:0.000345s ]
INFO: [ app_end ] --START--
INFO: Run Behavior\ShowPageTrace [ RunTime:0.000656s ]
INFO: [ app_end ] --END-- [ RunTime:0.000734s ]

[ 2016-12-23T16:21:51+08:00 ] ::1 /app/weibo2/index.php/Index/
INFO: [ app_begin ] --START--
INFO: Run Behavior\ReadHtmlCache [ RunTime:0.000414s ]
INFO: [ app_begin ] --END-- [ RunTime:0.000731s ]
NOTIC: [8192] mysql_connect(): The mysql extension is deprecated and will be removed in the future: use mysqli or PDO instead /Applications/XAMPP/xamppfiles/htdocs/app/ThinkPHP/Library/Think/Db/Driver/Mysql.class.php 第 52 行.
SQL: SHOW COLUMNS FROM `hd_follow` [ RunTime:0.001384s ]
SQL: SELECT `follow` FROM `hd_follow` WHERE ( `fans` = 22 )  [ RunTime:0.000288s ]
SQL: SHOW COLUMNS FROM `hd_weibo` [ RunTime:0.001361s ]
SQL: SHOW COLUMNS FROM `hd_userinfo` [ RunTime:0.001417s ]
SQL: SHOW COLUMNS FROM `hd_picture` [ RunTime:0.001377s ]
SQL: SELECT COUNT(*) AS tp_count FROM hd_weibo weibo LEFT JOIN hd_userinfo userinfo ON weibo.uid=userinfo.uid LEFT JOIN hd_picture picture ON weibo.id=picture.wid WHERE ( weibo.uid IN ('22','20','23','30','43','40','43','44','45') ) LIMIT 1   [ RunTime:0.000555s ]
SQL: SELECT weibo.id AS id,weibo.content AS content,weibo.isturn AS isturn,weibo.time AS time,weibo.turn AS turn,weibo.keep AS keep,weibo.comment AS comment,weibo.uid AS uid,userinfo.username AS username,userinfo.face50 AS face,picture.mini AS mini,picture.medium AS medium,picture.max AS max FROM hd_weibo weibo LEFT JOIN hd_userinfo userinfo ON weibo.uid=userinfo.uid LEFT JOIN hd_picture picture ON weibo.id=picture.wid WHERE ( weibo.uid IN ('22','20','23','30','43','40','43','44','45') ) ORDER BY weibo.time DESC LIMIT  0, 10   [ RunTime:0.002119s ]
INFO: [ view_parse ] --START--
INFO: [ template_filter ] --START--
INFO: Run Behavior\ContentReplace [ RunTime:0.000126s ]
INFO: [ template_filter ] --END-- [ RunTime:0.000186s ]
SQL: SELECT `style` FROM `hd_userinfo` WHERE ( `uid` = 22 ) LIMIT 1   [ RunTime:0.000343s ]
SQL: SELECT `username` FROM `hd_userinfo` WHERE ( `uid` = 22 ) LIMIT 1   [ RunTime:0.000251s ]
SQL: SHOW COLUMNS FROM `hd_group` [ RunTime:0.001401s ]
SQL: SELECT * FROM `hd_group` WHERE ( `uid` = 22 )  [ RunTime:0.000387s ]
SQL: SELECT * FROM `hd_group` WHERE ( `uid` = 22 )  [ RunTime:0.000477s ]
SQL: SELECT `username`,`face80` AS `face`,`follow`,`fans`,`weibo`,`uid` FROM `hd_userinfo` WHERE ( `uid` = 22 ) LIMIT 1   [ RunTime:0.000381s ]
SQL: SELECT `follow` FROM `hd_follow` WHERE ( `fans` = 22 )  [ RunTime:0.000712s ]
SQL: select uid,username,face50 as face,count(f.follow) as count from hd_follow f left join hd_userinfo u on f.follow = u.uid where f.fans IN(20,23,30,43,40,43,44,45) and f.follow not in (20,23,30,43,40,43,44,45) and f.follow <> 22 group by f.follow order by count desc limit 4 [ RunTime:0.001150s ]
INFO: Run Behavior\ParseTemplate [ RunTime:0.041322s ]
INFO: [ view_parse ] --END-- [ RunTime:0.041372s ]
INFO: [ view_filter ] --START--
INFO: Run Behavior\WriteHtmlCache [ RunTime:0.000233s ]
INFO: [ view_filter ] --END-- [ RunTime:0.000288s ]
INFO: [ app_end ] --START--
INFO: Run Behavior\ShowPageTrace [ RunTime:0.000646s ]
INFO: [ app_end ] --END-- [ RunTime:0.000737s ]

[ 2016-12-23T16:21:55+08:00 ] ::1 /app/weibo2/index.php/UserSetting/index.html
INFO: [ app_begin ] --START--
INFO: Run Behavior\ReadHtmlCache [ RunTime:0.000360s ]
INFO: [ app_begin ] --END-- [ RunTime:0.000665s ]
NOTIC: [8192] mysql_connect(): The mysql extension is deprecated and will be removed in the future: use mysqli or PDO instead /Applications/XAMPP/xamppfiles/htdocs/app/ThinkPHP/Library/Think/Db/Driver/Mysql.class.php 第 52 行.
SQL: SHOW COLUMNS FROM `hd_userinfo` [ RunTime:0.001487s ]
SQL: SELECT `username`,`truename`,`sex`,`location`,`constellation`,`intro`,`face180` FROM `hd_userinfo` WHERE ( `uid` = 22 ) LIMIT 1   [ RunTime:0.000649s ]
INFO: [ view_parse ] --START--
INFO: [ template_filter ] --START--
INFO: Run Behavior\ContentReplace [ RunTime:0.000164s ]
INFO: [ template_filter ] --END-- [ RunTime:0.001304s ]
SQL: SHOW COLUMNS FROM `hd_userinfo` [ RunTime:0.001952s ]
SQL: SELECT `style` FROM `hd_userinfo` WHERE ( `uid` = 22 ) LIMIT 1   [ RunTime:0.000407s ]
SQL: SELECT `username` FROM `hd_userinfo` WHERE ( `uid` = 22 ) LIMIT 1   [ RunTime:0.000384s ]
SQL: SHOW COLUMNS FROM `hd_group` [ RunTime:0.001791s ]
SQL: SELECT * FROM `hd_group` WHERE ( `uid` = 22 )  [ RunTime:0.001107s ]
SQL: SELECT * FROM `hd_group` WHERE ( `uid` = 22 )  [ RunTime:0.000358s ]
INFO: Run Behavior\ParseTemplate [ RunTime:0.031095s ]
INFO: [ view_parse ] --END-- [ RunTime:0.031180s ]
INFO: [ view_filter ] --START--
INFO: Run Behavior\WriteHtmlCache [ RunTime:0.000231s ]
INFO: [ view_filter ] --END-- [ RunTime:0.000310s ]
INFO: [ app_end ] --START--
INFO: Run Behavior\ShowPageTrace [ RunTime:0.000830s ]
INFO: [ app_end ] --END-- [ RunTime:0.000932s ]

[ 2016-12-23T16:21:57+08:00 ] ::1 /app/weibo2/index.php/UserSetting/
INFO: [ app_begin ] --START--
INFO: Run Behavior\ReadHtmlCache [ RunTime:0.000306s ]
INFO: [ app_begin ] --END-- [ RunTime:0.000552s ]
NOTIC: [8192] mysql_connect(): The mysql extension is deprecated and will be removed in the future: use mysqli or PDO instead /Applications/XAMPP/xamppfiles/htdocs/app/ThinkPHP/Library/Think/Db/Driver/Mysql.class.php 第 52 行.
SQL: SHOW COLUMNS FROM `hd_userinfo` [ RunTime:0.002628s ]
SQL: SELECT `username`,`truename`,`sex`,`location`,`constellation`,`intro`,`face180` FROM `hd_userinfo` WHERE ( `uid` = 22 ) LIMIT 1   [ RunTime:0.000269s ]
INFO: [ view_parse ] --START--
INFO: [ template_filter ] --START--
INFO: Run Behavior\ContentReplace [ RunTime:0.000094s ]
INFO: [ template_filter ] --END-- [ RunTime:0.000153s ]
SQL: SHOW COLUMNS FROM `hd_userinfo` [ RunTime:0.001562s ]
SQL: SELECT `style` FROM `hd_userinfo` WHERE ( `uid` = 22 ) LIMIT 1   [ RunTime:0.000254s ]
SQL: SELECT `username` FROM `hd_userinfo` WHERE ( `uid` = 22 ) LIMIT 1   [ RunTime:0.000214s ]
SQL: SHOW COLUMNS FROM `hd_group` [ RunTime:0.001417s ]
SQL: SELECT * FROM `hd_group` WHERE ( `uid` = 22 )  [ RunTime:0.000291s ]
SQL: SELECT * FROM `hd_group` WHERE ( `uid` = 22 )  [ RunTime:0.000242s ]
INFO: Run Behavior\ParseTemplate [ RunTime:0.020808s ]
INFO: [ view_parse ] --END-- [ RunTime:0.020864s ]
INFO: [ view_filter ] --START--
INFO: Run Behavior\WriteHtmlCache [ RunTime:0.000248s ]
INFO: [ view_filter ] --END-- [ RunTime:0.000305s ]
INFO: [ app_end ] --START--
INFO: Run Behavior\ShowPageTrace [ RunTime:0.000927s ]
INFO: [ app_end ] --END-- [ RunTime:0.001054s ]

[ 2016-12-23T18:44:35+08:00 ] ::1 /app/weibo2/index.php/Index/loginOut.html
INFO: [ app_begin ] --START--
INFO: Run Behavior\ReadHtmlCache [ RunTime:0.001678s ]
INFO: [ app_begin ] --END-- [ RunTime:0.003099s ]

[ 2016-12-23T18:44:35+08:00 ] ::1 /app/weibo2/index.php/Login/index.html
INFO: [ app_begin ] --START--
INFO: Run Behavior\ReadHtmlCache [ RunTime:0.000365s ]
INFO: [ app_begin ] --END-- [ RunTime:0.000690s ]
INFO: [ view_parse ] --START--
INFO: [ template_filter ] --START--
INFO: Run Behavior\ContentReplace [ RunTime:0.000043s ]
INFO: [ template_filter ] --END-- [ RunTime:0.000125s ]
INFO: Run Behavior\ParseTemplate [ RunTime:0.012143s ]
INFO: [ view_parse ] --END-- [ RunTime:0.012231s ]
INFO: [ view_filter ] --START--
INFO: Run Behavior\WriteHtmlCache [ RunTime:0.000439s ]
INFO: [ view_filter ] --END-- [ RunTime:0.000484s ]
INFO: [ app_end ] --START--
INFO: Run Behavior\ShowPageTrace [ RunTime:0.000964s ]
INFO: [ app_end ] --END-- [ RunTime:0.001066s ]

[ 2016-12-23T18:44:37+08:00 ] ::1 /app/weibo2/index.php/Login/register.html
INFO: [ app_begin ] --START--
INFO: Run Behavior\ReadHtmlCache [ RunTime:0.000430s ]
INFO: [ app_begin ] --END-- [ RunTime:0.000778s ]
INFO: [ view_parse ] --START--
INFO: [ template_filter ] --START--
INFO: Run Behavior\ContentReplace [ RunTime:0.000029s ]
INFO: [ template_filter ] --END-- [ RunTime:0.000096s ]
INFO: Run Behavior\ParseTemplate [ RunTime:0.006537s ]
INFO: [ view_parse ] --END-- [ RunTime:0.006632s ]
INFO: [ view_filter ] --START--
INFO: Run Behavior\WriteHtmlCache [ RunTime:0.000222s ]
INFO: [ view_filter ] --END-- [ RunTime:0.000297s ]
INFO: [ app_end ] --START--
INFO: Run Behavior\ShowPageTrace [ RunTime:0.000739s ]
INFO: [ app_end ] --END-- [ RunTime:0.000852s ]

[ 2016-12-23T18:44:37+08:00 ] ::1 /app/weibo2/index.php/Login/verifyImage.html
INFO: [ app_begin ] --START--
INFO: Run Behavior\ReadHtmlCache [ RunTime:0.000369s ]
INFO: [ app_begin ] --END-- [ RunTime:0.000668s ]
INFO: [ app_end ] --START--
INFO: Run Behavior\ShowPageTrace [ RunTime:0.000748s ]
INFO: [ app_end ] --END-- [ RunTime:0.000881s ]

[ 2016-12-23T18:44:43+08:00 ] ::1 /app/weibo2/index.php/Login/checkAccount
INFO: [ app_begin ] --START--
INFO: Run Behavior\ReadHtmlCache [ RunTime:0.000454s ]
INFO: [ app_begin ] --END-- [ RunTime:0.000872s ]
NOTIC: [8192] mysql_connect(): The mysql extension is deprecated and will be removed in the future: use mysqli or PDO instead /Applications/XAMPP/xamppfiles/htdocs/app/ThinkPHP/Library/Think/Db/Driver/Mysql.class.php 第 52 行.
SQL: SHOW COLUMNS FROM `hd_user` [ RunTime:0.003650s ]
SQL: SELECT `id` FROM `hd_user` WHERE ( `account` = 'sdgsdg' ) LIMIT 1   [ RunTime:0.000420s ]
INFO: [ app_end ] --START--
INFO: Run Behavior\ShowPageTrace [ RunTime:0.000663s ]
INFO: [ app_end ] --END-- [ RunTime:0.000725s ]

[ 2016-12-23T18:44:57+08:00 ] ::1 /app/weibo2/index.php/Login/checkUsername
INFO: [ app_begin ] --START--
INFO: Run Behavior\ReadHtmlCache [ RunTime:0.000471s ]
INFO: [ app_begin ] --END-- [ RunTime:0.000884s ]
NOTIC: [8192] mysql_connect(): The mysql extension is deprecated and will be removed in the future: use mysqli or PDO instead /Applications/XAMPP/xamppfiles/htdocs/app/ThinkPHP/Library/Think/Db/Driver/Mysql.class.php 第 52 行.
SQL: SHOW COLUMNS FROM `hd_userinfo` [ RunTime:0.002313s ]
SQL: SELECT `id` FROM `hd_userinfo` WHERE ( `username` = 'dfgdf' ) LIMIT 1   [ RunTime:0.000681s ]
INFO: [ app_end ] --START--
INFO: Run Behavior\ShowPageTrace [ RunTime:0.001136s ]
INFO: [ app_end ] --END-- [ RunTime:0.001200s ]

[ 2016-12-23T18:44:58+08:00 ] ::1 /app/weibo2/index.php/Login/verifyImage.html?0.315604389065245
INFO: [ app_begin ] --START--
INFO: Run Behavior\ReadHtmlCache [ RunTime:0.000311s ]
INFO: [ app_begin ] --END-- [ RunTime:0.000558s ]
INFO: [ app_end ] --START--
INFO: Run Behavior\ShowPageTrace [ RunTime:0.000714s ]
INFO: [ app_end ] --END-- [ RunTime:0.000819s ]

[ 2016-12-23T18:45:04+08:00 ] ::1 /app/weibo2/index.php/Login/checkVerify
INFO: [ app_begin ] --START--
INFO: Run Behavior\ReadHtmlCache [ RunTime:0.000526s ]
INFO: [ app_begin ] --END-- [ RunTime:0.000972s ]
INFO: [ app_end ] --START--
INFO: Run Behavior\ShowPageTrace [ RunTime:0.001156s ]
INFO: [ app_end ] --END-- [ RunTime:0.001338s ]

[ 2016-12-23T18:45:05+08:00 ] ::1 /app/weibo2/index.php/Login/runRegis.html
INFO: [ app_begin ] --START--
INFO: Run Behavior\ReadHtmlCache [ RunTime:0.000542s ]
INFO: [ app_begin ] --END-- [ RunTime:0.001010s ]
NOTIC: [8192] mysql_connect(): The mysql extension is deprecated and will be removed in the future: use mysqli or PDO instead /Applications/XAMPP/xamppfiles/htdocs/app/ThinkPHP/Library/Think/Db/Driver/Mysql.class.php 第 52 行.
SQL: SHOW COLUMNS FROM `hd_user` [ RunTime:0.001459s ]
NOTIC: [8] Undefined offset: 0 /Applications/XAMPP/xamppfiles/htdocs/app/ThinkPHP/Library/Think/Db.class.php 第 690 行.
SQL: INSERT INTO `hd_user` (`account`,`password`,`registime`) VALUES ('sdgsdg','admin002',1482489905) [ RunTime:0.001772s ]
NOTIC: [8] Undefined index: mapping_name /Applications/XAMPP/xamppfiles/htdocs/app/ThinkPHP/Library/Think/Model/RelationModel.class.php 第 259 行.
SQL: SHOW COLUMNS FROM `hd_userinfo` [ RunTime:0.001179s ]
SQL: INSERT INTO `hd_userinfo` (`username`,`uid`) VALUES ('dfgdf',52) [ RunTime:0.000877s ]

[ 2016-12-23T18:45:08+08:00 ] ::1 /app/weibo2/index.php
INFO: [ app_begin ] --START--
INFO: Run Behavior\ReadHtmlCache [ RunTime:0.000377s ]
INFO: [ app_begin ] --END-- [ RunTime:0.000671s ]
NOTIC: [8192] mysql_connect(): The mysql extension is deprecated and will be removed in the future: use mysqli or PDO instead /Applications/XAMPP/xamppfiles/htdocs/app/ThinkPHP/Library/Think/Db/Driver/Mysql.class.php 第 52 行.
SQL: SHOW COLUMNS FROM `hd_follow` [ RunTime:0.001803s ]
SQL: SELECT `follow` FROM `hd_follow` WHERE ( `fans` = 52 )  [ RunTime:0.000457s ]
SQL: SHOW COLUMNS FROM `hd_weibo` [ RunTime:0.002415s ]
SQL: SHOW COLUMNS FROM `hd_userinfo` [ RunTime:0.002132s ]
SQL: SHOW COLUMNS FROM `hd_picture` [ RunTime:0.001587s ]
SQL: SELECT COUNT(*) AS tp_count FROM hd_weibo weibo LEFT JOIN hd_userinfo userinfo ON weibo.uid=userinfo.uid LEFT JOIN hd_picture picture ON weibo.id=picture.wid WHERE ( weibo.uid IN (52) ) LIMIT 1   [ RunTime:0.000599s ]
SQL: SELECT weibo.id AS id,weibo.content AS content,weibo.isturn AS isturn,weibo.time AS time,weibo.turn AS turn,weibo.keep AS keep,weibo.comment AS comment,weibo.uid AS uid,userinfo.username AS username,userinfo.face50 AS face,picture.mini AS mini,picture.medium AS medium,picture.max AS max FROM hd_weibo weibo LEFT JOIN hd_userinfo userinfo ON weibo.uid=userinfo.uid LEFT JOIN hd_picture picture ON weibo.id=picture.wid WHERE ( weibo.uid IN (52) ) ORDER BY weibo.time DESC LIMIT  0, 10   [ RunTime:0.000499s ]
INFO: [ view_parse ] --START--
INFO: [ template_filter ] --START--
INFO: Run Behavior\ContentReplace [ RunTime:0.000276s ]
INFO: [ template_filter ] --END-- [ RunTime:0.000373s ]
SQL: SELECT `style` FROM `hd_userinfo` WHERE ( `uid` = 52 ) LIMIT 1   [ RunTime:0.000415s ]
SQL: SELECT `username` FROM `hd_userinfo` WHERE ( `uid` = 52 ) LIMIT 1   [ RunTime:0.000281s ]
SQL: SHOW COLUMNS FROM `hd_group` [ RunTime:0.001750s ]
SQL: SELECT * FROM `hd_group` WHERE ( `uid` = 52 )  [ RunTime:0.000278s ]
SQL: SELECT * FROM `hd_group` WHERE ( `uid` = 52 )  [ RunTime:0.000200s ]
SQL: SELECT `username`,`face80` AS `face`,`follow`,`fans`,`weibo`,`uid` FROM `hd_userinfo` WHERE ( `uid` = 52 ) LIMIT 1   [ RunTime:0.000256s ]
SQL: SELECT `follow` FROM `hd_follow` WHERE ( `fans` = 52 )  [ RunTime:0.000179s ]
NOTIC: [2] Invalid argument supplied for foreach() /Applications/XAMPP/xamppfiles/htdocs/app/weibo2/Runtime/Cache/Home/0efc8b79eef6978edf8b40ecef127bab.php 第 444 行.
NOTIC: [2] implode(): Invalid arguments passed /Applications/XAMPP/xamppfiles/htdocs/app/weibo2/Runtime/Cache/Home/0efc8b79eef6978edf8b40ecef127bab.php 第 444 行.
NOTIC: [2] implode(): Invalid arguments passed /Applications/XAMPP/xamppfiles/htdocs/app/weibo2/Runtime/Cache/Home/0efc8b79eef6978edf8b40ecef127bab.php 第 444 行.
SQL: select uid,username,face50 as face,count(f.follow) as count from hd_follow f left join hd_userinfo u on f.follow = u.uid where f.fans IN() and f.follow not in () and f.follow <> 52 group by f.follow order by count desc limit 4 [ RunTime:0.000147s ]
ERR: 1064:You have an error in your SQL syntax; check the manual that corresponds to your MariaDB server version for the right syntax to use near ') and f.follow not in () and f.follow <> 52 group by f.follow order by count des' at line 1
 [ SQL语句 ] : select uid,username,face50 as face,count(f.follow) as count from hd_follow f left join hd_userinfo u on f.follow = u.uid where f.fans IN() and f.follow not in () and f.follow <> 52 group by f.follow order by count desc limit 4
NOTIC: [2] Invalid argument supplied for foreach() /Applications/XAMPP/xamppfiles/htdocs/app/weibo2/Runtime/Cache/Home/0efc8b79eef6978edf8b40ecef127bab.php 第 444 行.
INFO: Run Behavior\ParseTemplate [ RunTime:0.045444s ]
INFO: [ view_parse ] --END-- [ RunTime:0.045508s ]
INFO: [ view_filter ] --START--
INFO: Run Behavior\WriteHtmlCache [ RunTime:0.000553s ]
INFO: [ view_filter ] --END-- [ RunTime:0.000627s ]
INFO: [ app_end ] --START--
INFO: Run Behavior\ShowPageTrace [ RunTime:0.000922s ]
INFO: [ app_end ] --END-- [ RunTime:0.001076s ]

