[ 2017-03-06T21:28:28+08:00 ] ::1 /app/blog/index.php/Admin/Index/index
INFO: [ app_begin ] --START--
INFO: Run Behavior\ReadHtmlCache [ RunTime:0.000479s ]
INFO: [ app_begin ] --END-- [ RunTime:0.000871s ]

[ 2017-03-06T21:28:28+08:00 ] ::1 /app/blog/index.php/Admin/Login/index
INFO: [ app_begin ] --START--
INFO: Run Behavior\ReadHtmlCache [ RunTime:0.000362s ]
INFO: [ app_begin ] --END-- [ RunTime:0.000687s ]
INFO: [ view_parse ] --START--
INFO: [ template_filter ] --START--
INFO: Run Behavior\ContentReplace [ RunTime:0.000038s ]
INFO: [ template_filter ] --END-- [ RunTime:0.000112s ]
INFO: Run Behavior\ParseTemplate [ RunTime:0.007157s ]
INFO: [ view_parse ] --END-- [ RunTime:0.007271s ]
INFO: [ view_filter ] --START--
INFO: Run Behavior\WriteHtmlCache [ RunTime:0.000120s ]
INFO: [ view_filter ] --END-- [ RunTime:0.000162s ]
INFO: [ app_end ] --START--
INFO: Run Behavior\ShowPageTrace [ RunTime:0.000518s ]
INFO: [ app_end ] --END-- [ RunTime:0.000573s ]

[ 2017-03-06T21:28:28+08:00 ] ::1 /app/blog/index.php/Admin/Login/verify
INFO: [ app_begin ] --START--
INFO: Run Behavior\ReadHtmlCache [ RunTime:0.000930s ]
INFO: [ app_begin ] --END-- [ RunTime:0.001685s ]
INFO: [ app_end ] --START--
INFO: Run Behavior\ShowPageTrace [ RunTime:0.001055s ]
INFO: [ app_end ] --END-- [ RunTime:0.001233s ]

