[ 2016-11-06T17:26:20+08:00 ] ::1 /app/index.php/Home/User
INFO: [ app_begin ] --START--
INFO: Run Behavior\ReadHtmlCache [ RunTime:0.001660s ]
INFO: [ app_begin ] --END-- [ RunTime:0.002643s ]
INFO: [ view_parse ] --START--
NOTIC: [8] Undefined index: name /Applications/XAMPP/xamppfiles/htdocs/app/ThinkPHP/Library/Think/Template/TagLib/Html.class.php 第 79 行.
NOTIC: [8] Undefined index: value /Applications/XAMPP/xamppfiles/htdocs/app/ThinkPHP/Library/Think/Template/TagLib/Html.class.php 第 80 行.
INFO: [ template_filter ] --START--
INFO: Run Behavior\ContentReplace [ RunTime:0.000028s ]
INFO: [ template_filter ] --END-- [ RunTime:0.000111s ]
INFO: Run Behavior\ParseTemplate [ RunTime:0.031641s ]
INFO: [ view_parse ] --END-- [ RunTime:0.031799s ]
INFO: [ view_filter ] --START--
INFO: Run Behavior\WriteHtmlCache [ RunTime:0.000748s ]
INFO: [ view_filter ] --END-- [ RunTime:0.000824s ]
INFO: [ app_end ] --START--
INFO: Run Behavior\ShowPageTrace [ RunTime:0.001077s ]
INFO: [ app_end ] --END-- [ RunTime:0.001145s ]

[ 2016-11-06T17:31:10+08:00 ] ::1 /app/index.php/Home/User
INFO: [ app_begin ] --START--
INFO: Run Behavior\ReadHtmlCache [ RunTime:0.001123s ]
INFO: [ app_begin ] --END-- [ RunTime:0.001969s ]
INFO: [ view_parse ] --START--
NOTIC: [2] simplexml_load_string(): Entity: line 1: parser error : Unescaped '&lt;' not allowed in attributes values /Applications/XAMPP/xamppfiles/htdocs/app/ThinkPHP/Library/Think/Template/TagLib.class.php 第 80 行.
NOTIC: [2] simplexml_load_string(): &lt;tpl&gt;&lt;tag value='按钮 /&gt;&lt;/tpl&gt; /Applications/XAMPP/xamppfiles/htdocs/app/ThinkPHP/Library/Think/Template/TagLib.class.php 第 80 行.
NOTIC: [2] simplexml_load_string():                           ^ /Applications/XAMPP/xamppfiles/htdocs/app/ThinkPHP/Library/Think/Template/TagLib.class.php 第 80 行.
NOTIC: [2] simplexml_load_string(): Entity: line 1: parser error : attributes construct error /Applications/XAMPP/xamppfiles/htdocs/app/ThinkPHP/Library/Think/Template/TagLib.class.php 第 80 行.
NOTIC: [2] simplexml_load_string(): &lt;tpl&gt;&lt;tag value='按钮 /&gt;&lt;/tpl&gt; /Applications/XAMPP/xamppfiles/htdocs/app/ThinkPHP/Library/Think/Template/TagLib.class.php 第 80 行.
NOTIC: [2] simplexml_load_string():                           ^ /Applications/XAMPP/xamppfiles/htdocs/app/ThinkPHP/Library/Think/Template/TagLib.class.php 第 80 行.
NOTIC: [2] simplexml_load_string(): Entity: line 1: parser error : Couldn't find end of Start Tag tag line 1 /Applications/XAMPP/xamppfiles/htdocs/app/ThinkPHP/Library/Think/Template/TagLib.class.php 第 80 行.
NOTIC: [2] simplexml_load_string(): &lt;tpl&gt;&lt;tag value='按钮 /&gt;&lt;/tpl&gt; /Applications/XAMPP/xamppfiles/htdocs/app/ThinkPHP/Library/Think/Template/TagLib.class.php 第 80 行.
NOTIC: [2] simplexml_load_string():                           ^ /Applications/XAMPP/xamppfiles/htdocs/app/ThinkPHP/Library/Think/Template/TagLib.class.php 第 80 行.
ERR: XML标签语法错误 : value='按钮

[ 2016-11-06T17:31:24+08:00 ] ::1 /app/index.php/Home/User
INFO: [ app_begin ] --START--
INFO: Run Behavior\ReadHtmlCache [ RunTime:0.000669s ]
INFO: [ app_begin ] --END-- [ RunTime:0.001227s ]
INFO: [ view_parse ] --START--
NOTIC: [8] Undefined index: name /Applications/XAMPP/xamppfiles/htdocs/app/ThinkPHP/Library/Think/Template/TagLib/Html.class.php 第 79 行.
INFO: [ template_filter ] --START--
INFO: Run Behavior\ContentReplace [ RunTime:0.000027s ]
INFO: [ template_filter ] --END-- [ RunTime:0.000104s ]
INFO: Run Behavior\ParseTemplate [ RunTime:0.013226s ]
INFO: [ view_parse ] --END-- [ RunTime:0.013336s ]
INFO: [ view_filter ] --START--
INFO: Run Behavior\WriteHtmlCache [ RunTime:0.000444s ]
INFO: [ view_filter ] --END-- [ RunTime:0.000490s ]
INFO: [ app_end ] --START--
INFO: Run Behavior\ShowPageTrace [ RunTime:0.001168s ]
INFO: [ app_end ] --END-- [ RunTime:0.001241s ]

[ 2016-11-06T17:43:16+08:00 ] ::1 /app/index.php/Home/User
INFO: [ app_begin ] --START--
INFO: Run Behavior\ReadHtmlCache [ RunTime:0.000956s ]
INFO: [ app_begin ] --END-- [ RunTime:0.001765s ]
INFO: [ view_parse ] --START--
INFO: [ template_filter ] --START--
INFO: Run Behavior\ContentReplace [ RunTime:0.000028s ]
INFO: [ template_filter ] --END-- [ RunTime:0.000109s ]
NOTIC: [8] Use of undefined constant __EXE__ - assumed '__EXE__' /Applications/XAMPP/xamppfiles/htdocs/app/weibo/Runtime/Cache/Home/91c22633669b5d93cf476d35cb6896e3.php 第 10 行.
INFO: Run Behavior\ParseTemplate [ RunTime:0.008410s ]
INFO: [ view_parse ] --END-- [ RunTime:0.008493s ]
INFO: [ view_filter ] --START--
INFO: Run Behavior\WriteHtmlCache [ RunTime:0.000500s ]
INFO: [ view_filter ] --END-- [ RunTime:0.000551s ]
INFO: [ app_end ] --START--
INFO: Run Behavior\ShowPageTrace [ RunTime:0.001088s ]
INFO: [ app_end ] --END-- [ RunTime:0.001161s ]

[ 2016-11-06T17:43:28+08:00 ] ::1 /app/index.php/Home/User/index
INFO: [ app_begin ] --START--
INFO: Run Behavior\ReadHtmlCache [ RunTime:0.000585s ]
INFO: [ app_begin ] --END-- [ RunTime:0.001106s ]
INFO: [ view_parse ] --START--
INFO: [ template_filter ] --START--
INFO: Run Behavior\ContentReplace [ RunTime:0.000028s ]
INFO: [ template_filter ] --END-- [ RunTime:0.000118s ]
NOTIC: [8] Use of undefined constant __EXE__ - assumed '__EXE__' /Applications/XAMPP/xamppfiles/htdocs/app/weibo/Runtime/Cache/Home/91c22633669b5d93cf476d35cb6896e3.php 第 10 行.
INFO: Run Behavior\ParseTemplate [ RunTime:0.009091s ]
INFO: [ view_parse ] --END-- [ RunTime:0.009159s ]
INFO: [ view_filter ] --START--
INFO: Run Behavior\WriteHtmlCache [ RunTime:0.000168s ]
INFO: [ view_filter ] --END-- [ RunTime:0.000222s ]
INFO: [ app_end ] --START--
INFO: Run Behavior\ShowPageTrace [ RunTime:0.000799s ]
INFO: [ app_end ] --END-- [ RunTime:0.000892s ]

[ 2016-11-06T17:44:39+08:00 ] ::1 /app/index.php/Home/User/index
INFO: [ app_begin ] --START--
INFO: Run Behavior\ReadHtmlCache [ RunTime:0.000642s ]
INFO: [ app_begin ] --END-- [ RunTime:0.001198s ]
INFO: [ view_parse ] --START--
INFO: [ template_filter ] --START--
INFO: Run Behavior\ContentReplace [ RunTime:0.000041s ]
INFO: [ template_filter ] --END-- [ RunTime:0.000144s ]
INFO: Run Behavior\ParseTemplate [ RunTime:0.007710s ]
INFO: [ view_parse ] --END-- [ RunTime:0.007830s ]
INFO: [ view_filter ] --START--
INFO: Run Behavior\WriteHtmlCache [ RunTime:0.000245s ]
INFO: [ view_filter ] --END-- [ RunTime:0.000321s ]
INFO: [ app_end ] --START--
INFO: Run Behavior\ShowPageTrace [ RunTime:0.000690s ]
INFO: [ app_end ] --END-- [ RunTime:0.000784s ]

[ 2016-11-06T17:44:51+08:00 ] ::1 /app/index.php/Home/User/index.html
INFO: [ app_begin ] --START--
INFO: Run Behavior\ReadHtmlCache [ RunTime:0.000527s ]
INFO: [ app_begin ] --END-- [ RunTime:0.000804s ]
INFO: [ view_parse ] --START--
INFO: [ template_filter ] --START--
INFO: Run Behavior\ContentReplace [ RunTime:0.000028s ]
INFO: [ template_filter ] --END-- [ RunTime:0.000095s ]
INFO: Run Behavior\ParseTemplate [ RunTime:0.005133s ]
INFO: [ view_parse ] --END-- [ RunTime:0.005214s ]
INFO: [ view_filter ] --START--
INFO: Run Behavior\WriteHtmlCache [ RunTime:0.000166s ]
INFO: [ view_filter ] --END-- [ RunTime:0.000210s ]
INFO: [ app_end ] --START--
INFO: Run Behavior\ShowPageTrace [ RunTime:0.000450s ]
INFO: [ app_end ] --END-- [ RunTime:0.000507s ]

[ 2016-11-06T17:47:31+08:00 ] ::1 /app/index.php/Home/User/index.html
INFO: [ app_begin ] --START--
INFO: Run Behavior\ReadHtmlCache [ RunTime:0.000746s ]
INFO: [ app_begin ] --END-- [ RunTime:0.001766s ]
INFO: [ view_parse ] --START--
INFO: [ template_filter ] --START--
INFO: Run Behavior\ContentReplace [ RunTime:0.000028s ]
INFO: [ template_filter ] --END-- [ RunTime:0.000115s ]
INFO: Run Behavior\ParseTemplate [ RunTime:0.008374s ]
INFO: [ view_parse ] --END-- [ RunTime:0.008488s ]
INFO: [ view_filter ] --START--
INFO: Run Behavior\WriteHtmlCache [ RunTime:0.000275s ]
INFO: [ view_filter ] --END-- [ RunTime:0.000346s ]
INFO: [ app_end ] --START--
INFO: Run Behavior\ShowPageTrace [ RunTime:0.001125s ]
INFO: [ app_end ] --END-- [ RunTime:0.001302s ]

