[ 2016-11-09T12:44:46+08:00 ] ::1 /app/index.php/Admin/Goods/add
INFO: [ app_begin ] --START--
INFO: Run Behavior\ReadHtmlCache [ RunTime:0.001078s ]
INFO: [ app_begin ] --END-- [ RunTime:0.002018s ]
SQL: DESCRIBE sw_goods [ RunTime:0.004715s ]
SQL: INSERT INTO `sw_goods` (`goods_name`,`goods_price`,`goods_number`) VALUES ('iphone5s',5000,53) [ RunTime:0.004100s ]
INFO: [ view_parse ] --START--
INFO: [ template_filter ] --START--
INFO: Run Behavior\ContentReplace [ RunTime:0.000033s ]
INFO: [ template_filter ] --END-- [ RunTime:0.000111s ]
NOTIC: [8] Undefined variable: _v /Applications/XAMPP/xamppfiles/htdocs/app/weibo/Runtime/Cache/Admin/24f76157fa561f83be4d01c2fc6c8d04.php 第 34 行.
NOTIC: [8] Undefined variable: _v /Applications/XAMPP/xamppfiles/htdocs/app/weibo/Runtime/Cache/Admin/24f76157fa561f83be4d01c2fc6c8d04.php 第 34 行.
NOTIC: [8] Undefined variable: _v /Applications/XAMPP/xamppfiles/htdocs/app/weibo/Runtime/Cache/Admin/24f76157fa561f83be4d01c2fc6c8d04.php 第 45 行.
NOTIC: [8] Undefined variable: _v /Applications/XAMPP/xamppfiles/htdocs/app/weibo/Runtime/Cache/Admin/24f76157fa561f83be4d01c2fc6c8d04.php 第 45 行.
INFO: Run Behavior\ParseTemplate [ RunTime:0.010091s ]
INFO: [ view_parse ] --END-- [ RunTime:0.010155s ]
INFO: [ view_filter ] --START--
INFO: Run Behavior\WriteHtmlCache [ RunTime:0.000509s ]
INFO: [ view_filter ] --END-- [ RunTime:0.000551s ]
INFO: [ app_end ] --START--
INFO: Run Behavior\ShowPageTrace [ RunTime:0.000914s ]
INFO: [ app_end ] --END-- [ RunTime:0.000968s ]

[ 2016-11-09T12:49:07+08:00 ] ::1 /app/index.php/Admin/Goods/add
INFO: [ app_begin ] --START--
INFO: Run Behavior\ReadHtmlCache [ RunTime:0.000892s ]
INFO: [ app_begin ] --END-- [ RunTime:0.001576s ]
SQL: DESCRIBE sw_goods [ RunTime:0.003392s ]
SQL: INSERT INTO `sw_goods` (`goods_name`,`goods_price`) VALUES ('htc',3000) [ RunTime:0.001947s ]
INFO: [ view_parse ] --START--
INFO: [ template_filter ] --START--
INFO: Run Behavior\ContentReplace [ RunTime:0.000055s ]
INFO: [ template_filter ] --END-- [ RunTime:0.000155s ]
NOTIC: [8] Undefined variable: _v /Applications/XAMPP/xamppfiles/htdocs/app/weibo/Runtime/Cache/Admin/24f76157fa561f83be4d01c2fc6c8d04.php 第 34 行.
NOTIC: [8] Undefined variable: _v /Applications/XAMPP/xamppfiles/htdocs/app/weibo/Runtime/Cache/Admin/24f76157fa561f83be4d01c2fc6c8d04.php 第 34 行.
NOTIC: [8] Undefined variable: _v /Applications/XAMPP/xamppfiles/htdocs/app/weibo/Runtime/Cache/Admin/24f76157fa561f83be4d01c2fc6c8d04.php 第 45 行.
NOTIC: [8] Undefined variable: _v /Applications/XAMPP/xamppfiles/htdocs/app/weibo/Runtime/Cache/Admin/24f76157fa561f83be4d01c2fc6c8d04.php 第 45 行.
INFO: Run Behavior\ParseTemplate [ RunTime:0.008834s ]
INFO: [ view_parse ] --END-- [ RunTime:0.008888s ]
INFO: [ view_filter ] --START--
INFO: Run Behavior\WriteHtmlCache [ RunTime:0.000475s ]
INFO: [ view_filter ] --END-- [ RunTime:0.000519s ]
INFO: [ app_end ] --START--
INFO: Run Behavior\ShowPageTrace [ RunTime:0.000807s ]
INFO: [ app_end ] --END-- [ RunTime:0.000853s ]

[ 2016-11-09T12:49:09+08:00 ] ::1 /app/index.php/Admin/Goods/add
INFO: [ app_begin ] --START--
INFO: Run Behavior\ReadHtmlCache [ RunTime:0.000314s ]
INFO: [ app_begin ] --END-- [ RunTime:0.000567s ]
SQL: DESCRIBE sw_goods [ RunTime:0.002891s ]
SQL: INSERT INTO `sw_goods` (`goods_name`,`goods_price`) VALUES ('htc',3000) [ RunTime:0.000940s ]
INFO: [ view_parse ] --START--
INFO: [ template_filter ] --START--
INFO: Run Behavior\ContentReplace [ RunTime:0.000035s ]
INFO: [ template_filter ] --END-- [ RunTime:0.000100s ]
NOTIC: [8] Undefined variable: _v /Applications/XAMPP/xamppfiles/htdocs/app/weibo/Runtime/Cache/Admin/24f76157fa561f83be4d01c2fc6c8d04.php 第 34 行.
NOTIC: [8] Undefined variable: _v /Applications/XAMPP/xamppfiles/htdocs/app/weibo/Runtime/Cache/Admin/24f76157fa561f83be4d01c2fc6c8d04.php 第 34 行.
NOTIC: [8] Undefined variable: _v /Applications/XAMPP/xamppfiles/htdocs/app/weibo/Runtime/Cache/Admin/24f76157fa561f83be4d01c2fc6c8d04.php 第 45 行.
NOTIC: [8] Undefined variable: _v /Applications/XAMPP/xamppfiles/htdocs/app/weibo/Runtime/Cache/Admin/24f76157fa561f83be4d01c2fc6c8d04.php 第 45 行.
INFO: Run Behavior\ParseTemplate [ RunTime:0.006604s ]
INFO: [ view_parse ] --END-- [ RunTime:0.006879s ]
INFO: [ view_filter ] --START--
INFO: Run Behavior\WriteHtmlCache [ RunTime:0.000385s ]
INFO: [ view_filter ] --END-- [ RunTime:0.000548s ]
INFO: [ app_end ] --START--
INFO: Run Behavior\ShowPageTrace [ RunTime:0.000708s ]
INFO: [ app_end ] --END-- [ RunTime:0.000806s ]

[ 2016-11-09T12:59:41+08:00 ] ::1 /app/index.php/Admin/Goods/add
INFO: [ app_begin ] --START--
INFO: Run Behavior\ReadHtmlCache [ RunTime:0.001054s ]
INFO: [ app_begin ] --END-- [ RunTime:0.001926s ]
INFO: [ view_parse ] --START--
INFO: [ template_filter ] --START--
INFO: Run Behavior\ContentReplace [ RunTime:0.000063s ]
INFO: [ template_filter ] --END-- [ RunTime:0.000170s ]
NOTIC: [8] Undefined variable: _v /Applications/XAMPP/xamppfiles/htdocs/app/weibo/Runtime/Cache/Admin/24f76157fa561f83be4d01c2fc6c8d04.php 第 34 行.
NOTIC: [8] Undefined variable: _v /Applications/XAMPP/xamppfiles/htdocs/app/weibo/Runtime/Cache/Admin/24f76157fa561f83be4d01c2fc6c8d04.php 第 34 行.
NOTIC: [8] Undefined variable: _v /Applications/XAMPP/xamppfiles/htdocs/app/weibo/Runtime/Cache/Admin/24f76157fa561f83be4d01c2fc6c8d04.php 第 45 行.
NOTIC: [8] Undefined variable: _v /Applications/XAMPP/xamppfiles/htdocs/app/weibo/Runtime/Cache/Admin/24f76157fa561f83be4d01c2fc6c8d04.php 第 45 行.
INFO: Run Behavior\ParseTemplate [ RunTime:0.010383s ]
INFO: [ view_parse ] --END-- [ RunTime:0.010457s ]
INFO: [ view_filter ] --START--
INFO: Run Behavior\WriteHtmlCache [ RunTime:0.000619s ]
INFO: [ view_filter ] --END-- [ RunTime:0.000664s ]
INFO: [ app_end ] --START--
INFO: Run Behavior\ShowPageTrace [ RunTime:0.001033s ]
INFO: [ app_end ] --END-- [ RunTime:0.001104s ]

[ 2016-11-09T13:01:48+08:00 ] ::1 /app/index.php/Admin/Goods/add
INFO: [ app_begin ] --START--
INFO: Run Behavior\ReadHtmlCache [ RunTime:0.000992s ]
INFO: [ app_begin ] --END-- [ RunTime:0.001910s ]
INFO: [ view_parse ] --START--
INFO: [ template_filter ] --START--
INFO: Run Behavior\ContentReplace [ RunTime:0.000044s ]
INFO: [ template_filter ] --END-- [ RunTime:0.000126s ]
NOTIC: [8] Undefined variable: _v /Applications/XAMPP/xamppfiles/htdocs/app/weibo/Runtime/Cache/Admin/24f76157fa561f83be4d01c2fc6c8d04.php 第 34 行.
NOTIC: [8] Undefined variable: _v /Applications/XAMPP/xamppfiles/htdocs/app/weibo/Runtime/Cache/Admin/24f76157fa561f83be4d01c2fc6c8d04.php 第 34 行.
NOTIC: [8] Undefined variable: _v /Applications/XAMPP/xamppfiles/htdocs/app/weibo/Runtime/Cache/Admin/24f76157fa561f83be4d01c2fc6c8d04.php 第 45 行.
NOTIC: [8] Undefined variable: _v /Applications/XAMPP/xamppfiles/htdocs/app/weibo/Runtime/Cache/Admin/24f76157fa561f83be4d01c2fc6c8d04.php 第 45 行.
INFO: Run Behavior\ParseTemplate [ RunTime:0.008963s ]
INFO: [ view_parse ] --END-- [ RunTime:0.009022s ]
INFO: [ view_filter ] --START--
INFO: Run Behavior\WriteHtmlCache [ RunTime:0.000604s ]
INFO: [ view_filter ] --END-- [ RunTime:0.000653s ]
INFO: [ app_end ] --START--
INFO: Run Behavior\ShowPageTrace [ RunTime:0.000981s ]
INFO: [ app_end ] --END-- [ RunTime:0.001045s ]

[ 2016-11-09T13:01:50+08:00 ] ::1 /app/index.php/Admin/Goods/add
INFO: [ app_begin ] --START--
INFO: Run Behavior\ReadHtmlCache [ RunTime:0.000386s ]
INFO: [ app_begin ] --END-- [ RunTime:0.000682s ]
INFO: [ view_parse ] --START--
INFO: [ template_filter ] --START--
INFO: Run Behavior\ContentReplace [ RunTime:0.000030s ]
INFO: [ template_filter ] --END-- [ RunTime:0.000081s ]
NOTIC: [8] Undefined variable: _v /Applications/XAMPP/xamppfiles/htdocs/app/weibo/Runtime/Cache/Admin/24f76157fa561f83be4d01c2fc6c8d04.php 第 34 行.
NOTIC: [8] Undefined variable: _v /Applications/XAMPP/xamppfiles/htdocs/app/weibo/Runtime/Cache/Admin/24f76157fa561f83be4d01c2fc6c8d04.php 第 34 行.
NOTIC: [8] Undefined variable: _v /Applications/XAMPP/xamppfiles/htdocs/app/weibo/Runtime/Cache/Admin/24f76157fa561f83be4d01c2fc6c8d04.php 第 45 行.
NOTIC: [8] Undefined variable: _v /Applications/XAMPP/xamppfiles/htdocs/app/weibo/Runtime/Cache/Admin/24f76157fa561f83be4d01c2fc6c8d04.php 第 45 行.
INFO: Run Behavior\ParseTemplate [ RunTime:0.004873s ]
INFO: [ view_parse ] --END-- [ RunTime:0.004916s ]
INFO: [ view_filter ] --START--
INFO: Run Behavior\WriteHtmlCache [ RunTime:0.000112s ]
INFO: [ view_filter ] --END-- [ RunTime:0.000150s ]
INFO: [ app_end ] --START--
INFO: Run Behavior\ShowPageTrace [ RunTime:0.000362s ]
INFO: [ app_end ] --END-- [ RunTime:0.000407s ]

[ 2016-11-09T13:02:03+08:00 ] ::1 /app/index.php/Admin/Goods/add
INFO: [ app_begin ] --START--
INFO: Run Behavior\ReadHtmlCache [ RunTime:0.000408s ]
INFO: [ app_begin ] --END-- [ RunTime:0.000733s ]
INFO: [ view_parse ] --START--
INFO: [ template_filter ] --START--
INFO: Run Behavior\ContentReplace [ RunTime:0.000040s ]
INFO: [ template_filter ] --END-- [ RunTime:0.000140s ]
NOTIC: [8] Undefined variable: _v /Applications/XAMPP/xamppfiles/htdocs/app/weibo/Runtime/Cache/Admin/24f76157fa561f83be4d01c2fc6c8d04.php 第 34 行.
NOTIC: [8] Undefined variable: _v /Applications/XAMPP/xamppfiles/htdocs/app/weibo/Runtime/Cache/Admin/24f76157fa561f83be4d01c2fc6c8d04.php 第 34 行.
NOTIC: [8] Undefined variable: _v /Applications/XAMPP/xamppfiles/htdocs/app/weibo/Runtime/Cache/Admin/24f76157fa561f83be4d01c2fc6c8d04.php 第 45 行.
NOTIC: [8] Undefined variable: _v /Applications/XAMPP/xamppfiles/htdocs/app/weibo/Runtime/Cache/Admin/24f76157fa561f83be4d01c2fc6c8d04.php 第 45 行.
INFO: Run Behavior\ParseTemplate [ RunTime:0.007102s ]
INFO: [ view_parse ] --END-- [ RunTime:0.007193s ]
INFO: [ view_filter ] --START--
INFO: Run Behavior\WriteHtmlCache [ RunTime:0.000166s ]
INFO: [ view_filter ] --END-- [ RunTime:0.000205s ]
INFO: [ app_end ] --START--
INFO: Run Behavior\ShowPageTrace [ RunTime:0.000419s ]
INFO: [ app_end ] --END-- [ RunTime:0.000462s ]

[ 2016-11-09T13:02:04+08:00 ] ::1 /app/index.php/Admin/Goods/add
INFO: [ app_begin ] --START--
INFO: Run Behavior\ReadHtmlCache [ RunTime:0.000384s ]
INFO: [ app_begin ] --END-- [ RunTime:0.000734s ]
INFO: [ view_parse ] --START--
INFO: [ template_filter ] --START--
INFO: Run Behavior\ContentReplace [ RunTime:0.000038s ]
INFO: [ template_filter ] --END-- [ RunTime:0.000109s ]
NOTIC: [8] Undefined variable: _v /Applications/XAMPP/xamppfiles/htdocs/app/weibo/Runtime/Cache/Admin/24f76157fa561f83be4d01c2fc6c8d04.php 第 34 行.
NOTIC: [8] Undefined variable: _v /Applications/XAMPP/xamppfiles/htdocs/app/weibo/Runtime/Cache/Admin/24f76157fa561f83be4d01c2fc6c8d04.php 第 34 行.
NOTIC: [8] Undefined variable: _v /Applications/XAMPP/xamppfiles/htdocs/app/weibo/Runtime/Cache/Admin/24f76157fa561f83be4d01c2fc6c8d04.php 第 45 行.
NOTIC: [8] Undefined variable: _v /Applications/XAMPP/xamppfiles/htdocs/app/weibo/Runtime/Cache/Admin/24f76157fa561f83be4d01c2fc6c8d04.php 第 45 行.
INFO: Run Behavior\ParseTemplate [ RunTime:0.005718s ]
INFO: [ view_parse ] --END-- [ RunTime:0.005782s ]
INFO: [ view_filter ] --START--
INFO: Run Behavior\WriteHtmlCache [ RunTime:0.000147s ]
INFO: [ view_filter ] --END-- [ RunTime:0.000192s ]
INFO: [ app_end ] --START--
INFO: Run Behavior\ShowPageTrace [ RunTime:0.000412s ]
INFO: [ app_end ] --END-- [ RunTime:0.000463s ]

[ 2016-11-09T13:08:03+08:00 ] ::1 /app/index.php/Admin/Goods/add
INFO: [ app_begin ] --START--
INFO: Run Behavior\ReadHtmlCache [ RunTime:0.000810s ]
INFO: [ app_begin ] --END-- [ RunTime:0.001478s ]
INFO: [ view_parse ] --START--
INFO: [ template_filter ] --START--
INFO: Run Behavior\ContentReplace [ RunTime:0.000057s ]
INFO: [ template_filter ] --END-- [ RunTime:0.000160s ]
NOTIC: [8] Undefined variable: _v /Applications/XAMPP/xamppfiles/htdocs/app/weibo/Runtime/Cache/Admin/24f76157fa561f83be4d01c2fc6c8d04.php 第 34 行.
NOTIC: [8] Undefined variable: _v /Applications/XAMPP/xamppfiles/htdocs/app/weibo/Runtime/Cache/Admin/24f76157fa561f83be4d01c2fc6c8d04.php 第 34 行.
NOTIC: [8] Undefined variable: _v /Applications/XAMPP/xamppfiles/htdocs/app/weibo/Runtime/Cache/Admin/24f76157fa561f83be4d01c2fc6c8d04.php 第 45 行.
NOTIC: [8] Undefined variable: _v /Applications/XAMPP/xamppfiles/htdocs/app/weibo/Runtime/Cache/Admin/24f76157fa561f83be4d01c2fc6c8d04.php 第 45 行.
INFO: Run Behavior\ParseTemplate [ RunTime:0.010544s ]
INFO: [ view_parse ] --END-- [ RunTime:0.010624s ]
INFO: [ view_filter ] --START--
INFO: Run Behavior\WriteHtmlCache [ RunTime:0.000499s ]
INFO: [ view_filter ] --END-- [ RunTime:0.000552s ]
INFO: [ app_end ] --START--
INFO: Run Behavior\ShowPageTrace [ RunTime:0.000787s ]
INFO: [ app_end ] --END-- [ RunTime:0.000844s ]

[ 2016-11-09T13:08:05+08:00 ] ::1 /app/index.php/Admin/Goods/add
INFO: [ app_begin ] --START--
INFO: Run Behavior\ReadHtmlCache [ RunTime:0.000450s ]
INFO: [ app_begin ] --END-- [ RunTime:0.000979s ]
INFO: [ view_parse ] --START--
INFO: [ template_filter ] --START--
INFO: Run Behavior\ContentReplace [ RunTime:0.000040s ]
INFO: [ template_filter ] --END-- [ RunTime:0.000112s ]
NOTIC: [8] Undefined variable: _v /Applications/XAMPP/xamppfiles/htdocs/app/weibo/Runtime/Cache/Admin/24f76157fa561f83be4d01c2fc6c8d04.php 第 34 行.
NOTIC: [8] Undefined variable: _v /Applications/XAMPP/xamppfiles/htdocs/app/weibo/Runtime/Cache/Admin/24f76157fa561f83be4d01c2fc6c8d04.php 第 34 行.
NOTIC: [8] Undefined variable: _v /Applications/XAMPP/xamppfiles/htdocs/app/weibo/Runtime/Cache/Admin/24f76157fa561f83be4d01c2fc6c8d04.php 第 45 行.
NOTIC: [8] Undefined variable: _v /Applications/XAMPP/xamppfiles/htdocs/app/weibo/Runtime/Cache/Admin/24f76157fa561f83be4d01c2fc6c8d04.php 第 45 行.
INFO: Run Behavior\ParseTemplate [ RunTime:0.006136s ]
INFO: [ view_parse ] --END-- [ RunTime:0.006195s ]
INFO: [ view_filter ] --START--
INFO: Run Behavior\WriteHtmlCache [ RunTime:0.000140s ]
INFO: [ view_filter ] --END-- [ RunTime:0.000183s ]
INFO: [ app_end ] --START--
INFO: Run Behavior\ShowPageTrace [ RunTime:0.000411s ]
INFO: [ app_end ] --END-- [ RunTime:0.000459s ]

[ 2016-11-09T13:08:06+08:00 ] ::1 /app/index.php/Admin/Goods/add
INFO: [ app_begin ] --START--
INFO: Run Behavior\ReadHtmlCache [ RunTime:0.000415s ]
INFO: [ app_begin ] --END-- [ RunTime:0.000673s ]
INFO: [ view_parse ] --START--
INFO: [ template_filter ] --START--
INFO: Run Behavior\ContentReplace [ RunTime:0.000035s ]
INFO: [ template_filter ] --END-- [ RunTime:0.000103s ]
NOTIC: [8] Undefined variable: _v /Applications/XAMPP/xamppfiles/htdocs/app/weibo/Runtime/Cache/Admin/24f76157fa561f83be4d01c2fc6c8d04.php 第 34 行.
NOTIC: [8] Undefined variable: _v /Applications/XAMPP/xamppfiles/htdocs/app/weibo/Runtime/Cache/Admin/24f76157fa561f83be4d01c2fc6c8d04.php 第 34 行.
NOTIC: [8] Undefined variable: _v /Applications/XAMPP/xamppfiles/htdocs/app/weibo/Runtime/Cache/Admin/24f76157fa561f83be4d01c2fc6c8d04.php 第 45 行.
NOTIC: [8] Undefined variable: _v /Applications/XAMPP/xamppfiles/htdocs/app/weibo/Runtime/Cache/Admin/24f76157fa561f83be4d01c2fc6c8d04.php 第 45 行.
INFO: Run Behavior\ParseTemplate [ RunTime:0.005899s ]
INFO: [ view_parse ] --END-- [ RunTime:0.005962s ]
INFO: [ view_filter ] --START--
INFO: Run Behavior\WriteHtmlCache [ RunTime:0.000170s ]
INFO: [ view_filter ] --END-- [ RunTime:0.000214s ]
INFO: [ app_end ] --START--
INFO: Run Behavior\ShowPageTrace [ RunTime:0.000450s ]
INFO: [ app_end ] --END-- [ RunTime:0.000503s ]

[ 2016-11-09T13:08:57+08:00 ] ::1 /app/index.php/Admin/Goods/add
INFO: [ app_begin ] --START--
INFO: Run Behavior\ReadHtmlCache [ RunTime:0.000392s ]
INFO: [ app_begin ] --END-- [ RunTime:0.000717s ]
INFO: [ view_parse ] --START--
INFO: [ template_filter ] --START--
INFO: Run Behavior\ContentReplace [ RunTime:0.000037s ]
INFO: [ template_filter ] --END-- [ RunTime:0.000110s ]
NOTIC: [8] Undefined variable: _v /Applications/XAMPP/xamppfiles/htdocs/app/weibo/Runtime/Cache/Admin/24f76157fa561f83be4d01c2fc6c8d04.php 第 34 行.
NOTIC: [8] Undefined variable: _v /Applications/XAMPP/xamppfiles/htdocs/app/weibo/Runtime/Cache/Admin/24f76157fa561f83be4d01c2fc6c8d04.php 第 34 行.
NOTIC: [8] Undefined variable: _v /Applications/XAMPP/xamppfiles/htdocs/app/weibo/Runtime/Cache/Admin/24f76157fa561f83be4d01c2fc6c8d04.php 第 45 行.
NOTIC: [8] Undefined variable: _v /Applications/XAMPP/xamppfiles/htdocs/app/weibo/Runtime/Cache/Admin/24f76157fa561f83be4d01c2fc6c8d04.php 第 45 行.
INFO: Run Behavior\ParseTemplate [ RunTime:0.007558s ]
INFO: [ view_parse ] --END-- [ RunTime:0.007652s ]
INFO: [ view_filter ] --START--
INFO: Run Behavior\WriteHtmlCache [ RunTime:0.000160s ]
INFO: [ view_filter ] --END-- [ RunTime:0.000206s ]
INFO: [ app_end ] --START--
INFO: Run Behavior\ShowPageTrace [ RunTime:0.000419s ]
INFO: [ app_end ] --END-- [ RunTime:0.000467s ]

[ 2016-11-09T13:09:24+08:00 ] ::1 /app/index.php/Admin/Goods/add
INFO: [ app_begin ] --START--
INFO: Run Behavior\ReadHtmlCache [ RunTime:0.000342s ]
INFO: [ app_begin ] --END-- [ RunTime:0.000599s ]
INFO: [ app_end ] --START--
INFO: Run Behavior\ShowPageTrace [ RunTime:0.000337s ]
INFO: [ app_end ] --END-- [ RunTime:0.000417s ]

[ 2016-11-09T13:09:32+08:00 ] ::1 /app/index.php/Admin/Goods/add
INFO: [ app_begin ] --START--
INFO: Run Behavior\ReadHtmlCache [ RunTime:0.000529s ]
INFO: [ app_begin ] --END-- [ RunTime:0.000891s ]
INFO: [ app_end ] --START--
INFO: Run Behavior\ShowPageTrace [ RunTime:0.000635s ]
INFO: [ app_end ] --END-- [ RunTime:0.000717s ]

[ 2016-11-09T13:09:34+08:00 ] ::1 /app/index.php/Admin/Goods/add
INFO: [ app_begin ] --START--
INFO: Run Behavior\ReadHtmlCache [ RunTime:0.000389s ]
INFO: [ app_begin ] --END-- [ RunTime:0.000728s ]
INFO: [ app_end ] --START--
INFO: Run Behavior\ShowPageTrace [ RunTime:0.000553s ]
INFO: [ app_end ] --END-- [ RunTime:0.000651s ]

[ 2016-11-09T13:09:35+08:00 ] ::1 /app/index.php/Admin/Goods/add
INFO: [ app_begin ] --START--
INFO: Run Behavior\ReadHtmlCache [ RunTime:0.000424s ]
INFO: [ app_begin ] --END-- [ RunTime:0.000905s ]
INFO: [ app_end ] --START--
INFO: Run Behavior\ShowPageTrace [ RunTime:0.000434s ]
INFO: [ app_end ] --END-- [ RunTime:0.000506s ]

[ 2016-11-09T13:09:35+08:00 ] ::1 /app/index.php/Admin/Goods/add
INFO: [ app_begin ] --START--
INFO: Run Behavior\ReadHtmlCache [ RunTime:0.000353s ]
INFO: [ app_begin ] --END-- [ RunTime:0.000719s ]
INFO: [ app_end ] --START--
INFO: Run Behavior\ShowPageTrace [ RunTime:0.000442s ]
INFO: [ app_end ] --END-- [ RunTime:0.000492s ]

[ 2016-11-09T13:09:39+08:00 ] ::1 /app/index.php/Admin/Goods/add
INFO: [ app_begin ] --START--
INFO: Run Behavior\ReadHtmlCache [ RunTime:0.000370s ]
INFO: [ app_begin ] --END-- [ RunTime:0.000679s ]
INFO: [ view_parse ] --START--
INFO: [ template_filter ] --START--
INFO: Run Behavior\ContentReplace [ RunTime:0.000051s ]
INFO: [ template_filter ] --END-- [ RunTime:0.000148s ]
NOTIC: [8] Undefined variable: _v /Applications/XAMPP/xamppfiles/htdocs/app/weibo/Runtime/Cache/Admin/24f76157fa561f83be4d01c2fc6c8d04.php 第 34 行.
NOTIC: [8] Undefined variable: _v /Applications/XAMPP/xamppfiles/htdocs/app/weibo/Runtime/Cache/Admin/24f76157fa561f83be4d01c2fc6c8d04.php 第 34 行.
NOTIC: [8] Undefined variable: _v /Applications/XAMPP/xamppfiles/htdocs/app/weibo/Runtime/Cache/Admin/24f76157fa561f83be4d01c2fc6c8d04.php 第 45 行.
NOTIC: [8] Undefined variable: _v /Applications/XAMPP/xamppfiles/htdocs/app/weibo/Runtime/Cache/Admin/24f76157fa561f83be4d01c2fc6c8d04.php 第 45 行.
INFO: Run Behavior\ParseTemplate [ RunTime:0.007480s ]
INFO: [ view_parse ] --END-- [ RunTime:0.007536s ]
INFO: [ view_filter ] --START--
INFO: Run Behavior\WriteHtmlCache [ RunTime:0.000183s ]
INFO: [ view_filter ] --END-- [ RunTime:0.000235s ]
INFO: [ app_end ] --START--
INFO: Run Behavior\ShowPageTrace [ RunTime:0.000764s ]
INFO: [ app_end ] --END-- [ RunTime:0.000839s ]

[ 2016-11-09T13:10:40+08:00 ] ::1 /app/index.php/Admin/Goods/add
INFO: [ app_begin ] --START--
INFO: Run Behavior\ReadHtmlCache [ RunTime:0.000793s ]
INFO: [ app_begin ] --END-- [ RunTime:0.001622s ]
INFO: [ app_end ] --START--
INFO: Run Behavior\ShowPageTrace [ RunTime:0.000857s ]
INFO: [ app_end ] --END-- [ RunTime:0.000929s ]

[ 2016-11-09T13:28:25+08:00 ] ::1 /app/index.php/Admin/Goods/add
INFO: [ app_begin ] --START--
INFO: Run Behavior\ReadHtmlCache [ RunTime:0.000752s ]
INFO: [ app_begin ] --END-- [ RunTime:0.001496s ]
SQL: DESCRIBE sw_goods [ RunTime:0.001717s ]
INFO: [ view_parse ] --START--
INFO: [ template_filter ] --START--
INFO: Run Behavior\ContentReplace [ RunTime:0.000032s ]
INFO: [ template_filter ] --END-- [ RunTime:0.000089s ]
NOTIC: [8] Undefined variable: _v /Applications/XAMPP/xamppfiles/htdocs/app/weibo/Runtime/Cache/Admin/24f76157fa561f83be4d01c2fc6c8d04.php 第 34 行.
NOTIC: [8] Undefined variable: _v /Applications/XAMPP/xamppfiles/htdocs/app/weibo/Runtime/Cache/Admin/24f76157fa561f83be4d01c2fc6c8d04.php 第 34 行.
NOTIC: [8] Undefined variable: _v /Applications/XAMPP/xamppfiles/htdocs/app/weibo/Runtime/Cache/Admin/24f76157fa561f83be4d01c2fc6c8d04.php 第 45 行.
NOTIC: [8] Undefined variable: _v /Applications/XAMPP/xamppfiles/htdocs/app/weibo/Runtime/Cache/Admin/24f76157fa561f83be4d01c2fc6c8d04.php 第 45 行.
INFO: Run Behavior\ParseTemplate [ RunTime:0.007755s ]
INFO: [ view_parse ] --END-- [ RunTime:0.007801s ]
INFO: [ view_filter ] --START--
INFO: Run Behavior\WriteHtmlCache [ RunTime:0.000473s ]
INFO: [ view_filter ] --END-- [ RunTime:0.000515s ]
INFO: [ app_end ] --START--
INFO: Run Behavior\ShowPageTrace [ RunTime:0.001036s ]
INFO: [ app_end ] --END-- [ RunTime:0.001100s ]

[ 2016-11-09T13:29:51+08:00 ] ::1 /app/index.php/Admin/Goods/add
INFO: [ app_begin ] --START--
INFO: Run Behavior\ReadHtmlCache [ RunTime:0.000980s ]
INFO: [ app_begin ] --END-- [ RunTime:0.001815s ]
SQL: DESCRIBE sw_goods [ RunTime:0.003351s ]
INFO: [ view_parse ] --START--
INFO: [ template_filter ] --START--
INFO: Run Behavior\ContentReplace [ RunTime:0.000045s ]
INFO: [ template_filter ] --END-- [ RunTime:0.000127s ]
NOTIC: [8] Undefined variable: _v /Applications/XAMPP/xamppfiles/htdocs/app/weibo/Runtime/Cache/Admin/24f76157fa561f83be4d01c2fc6c8d04.php 第 34 行.
NOTIC: [8] Undefined variable: _v /Applications/XAMPP/xamppfiles/htdocs/app/weibo/Runtime/Cache/Admin/24f76157fa561f83be4d01c2fc6c8d04.php 第 34 行.
NOTIC: [8] Undefined variable: _v /Applications/XAMPP/xamppfiles/htdocs/app/weibo/Runtime/Cache/Admin/24f76157fa561f83be4d01c2fc6c8d04.php 第 45 行.
NOTIC: [8] Undefined variable: _v /Applications/XAMPP/xamppfiles/htdocs/app/weibo/Runtime/Cache/Admin/24f76157fa561f83be4d01c2fc6c8d04.php 第 45 行.
INFO: Run Behavior\ParseTemplate [ RunTime:0.008855s ]
INFO: [ view_parse ] --END-- [ RunTime:0.008954s ]
INFO: [ view_filter ] --START--
INFO: Run Behavior\WriteHtmlCache [ RunTime:0.000532s ]
INFO: [ view_filter ] --END-- [ RunTime:0.000604s ]
INFO: [ app_end ] --START--
INFO: Run Behavior\ShowPageTrace [ RunTime:0.001303s ]
INFO: [ app_end ] --END-- [ RunTime:0.001442s ]

[ 2016-11-09T13:30:30+08:00 ] ::1 /app/index.php/Admin/Goods/add
INFO: [ app_begin ] --START--
INFO: Run Behavior\ReadHtmlCache [ RunTime:0.000540s ]
INFO: [ app_begin ] --END-- [ RunTime:0.001042s ]
SQL: DESCRIBE sw_goods [ RunTime:0.002019s ]
INFO: [ view_parse ] --START--
INFO: [ template_filter ] --START--
INFO: Run Behavior\ContentReplace [ RunTime:0.000032s ]
INFO: [ template_filter ] --END-- [ RunTime:0.000086s ]
NOTIC: [8] Undefined variable: _v /Applications/XAMPP/xamppfiles/htdocs/app/weibo/Runtime/Cache/Admin/24f76157fa561f83be4d01c2fc6c8d04.php 第 34 行.
NOTIC: [8] Undefined variable: _v /Applications/XAMPP/xamppfiles/htdocs/app/weibo/Runtime/Cache/Admin/24f76157fa561f83be4d01c2fc6c8d04.php 第 34 行.
NOTIC: [8] Undefined variable: _v /Applications/XAMPP/xamppfiles/htdocs/app/weibo/Runtime/Cache/Admin/24f76157fa561f83be4d01c2fc6c8d04.php 第 45 行.
NOTIC: [8] Undefined variable: _v /Applications/XAMPP/xamppfiles/htdocs/app/weibo/Runtime/Cache/Admin/24f76157fa561f83be4d01c2fc6c8d04.php 第 45 行.
INFO: Run Behavior\ParseTemplate [ RunTime:0.004959s ]
INFO: [ view_parse ] --END-- [ RunTime:0.005008s ]
INFO: [ view_filter ] --START--
INFO: Run Behavior\WriteHtmlCache [ RunTime:0.000109s ]
INFO: [ view_filter ] --END-- [ RunTime:0.000148s ]
INFO: [ app_end ] --START--
INFO: Run Behavior\ShowPageTrace [ RunTime:0.000348s ]
INFO: [ app_end ] --END-- [ RunTime:0.000388s ]

[ 2016-11-09T13:32:35+08:00 ] ::1 /app/index.php/Admin/Goods/add
INFO: [ app_begin ] --START--
INFO: Run Behavior\ReadHtmlCache [ RunTime:0.000834s ]
INFO: [ app_begin ] --END-- [ RunTime:0.001625s ]
SQL: DESCRIBE sw_goods [ RunTime:0.003415s ]
INFO: [ view_parse ] --START--
INFO: [ template_filter ] --START--
INFO: Run Behavior\ContentReplace [ RunTime:0.000037s ]
INFO: [ template_filter ] --END-- [ RunTime:0.000104s ]
NOTIC: [8] Undefined variable: _v /Applications/XAMPP/xamppfiles/htdocs/app/weibo/Runtime/Cache/Admin/24f76157fa561f83be4d01c2fc6c8d04.php 第 34 行.
NOTIC: [8] Undefined variable: _v /Applications/XAMPP/xamppfiles/htdocs/app/weibo/Runtime/Cache/Admin/24f76157fa561f83be4d01c2fc6c8d04.php 第 34 行.
NOTIC: [8] Undefined variable: _v /Applications/XAMPP/xamppfiles/htdocs/app/weibo/Runtime/Cache/Admin/24f76157fa561f83be4d01c2fc6c8d04.php 第 45 行.
NOTIC: [8] Undefined variable: _v /Applications/XAMPP/xamppfiles/htdocs/app/weibo/Runtime/Cache/Admin/24f76157fa561f83be4d01c2fc6c8d04.php 第 45 行.
INFO: Run Behavior\ParseTemplate [ RunTime:0.007822s ]
INFO: [ view_parse ] --END-- [ RunTime:0.007880s ]
INFO: [ view_filter ] --START--
INFO: Run Behavior\WriteHtmlCache [ RunTime:0.000558s ]
INFO: [ view_filter ] --END-- [ RunTime:0.000605s ]
INFO: [ app_end ] --START--
INFO: Run Behavior\ShowPageTrace [ RunTime:0.000913s ]
INFO: [ app_end ] --END-- [ RunTime:0.000973s ]

[ 2016-11-09T13:44:41+08:00 ] ::1 /app/index.php/Admin/Goods/upd
INFO: [ app_begin ] --START--
INFO: Run Behavior\ReadHtmlCache [ RunTime:0.000989s ]
INFO: [ app_begin ] --END-- [ RunTime:0.001786s ]
SQL: DESCRIBE sw_goods [ RunTime:0.003312s ]
SQL: UPDATE `sw_goods` SET `goods_name`='rrtyrt',`goods_price`=65756 WHERE ( `goods_id` = 60 ) [ RunTime:0.000327s ]
INFO: [ view_parse ] --START--
INFO: [ template_filter ] --START--
INFO: Run Behavior\ContentReplace [ RunTime:0.000034s ]
INFO: [ template_filter ] --END-- [ RunTime:0.000102s ]
INFO: Run Behavior\ParseTemplate [ RunTime:0.007810s ]
INFO: [ view_parse ] --END-- [ RunTime:0.007866s ]
INFO: [ view_filter ] --START--
INFO: Run Behavior\WriteHtmlCache [ RunTime:0.000467s ]
INFO: [ view_filter ] --END-- [ RunTime:0.000542s ]
INFO: [ app_end ] --START--
INFO: Run Behavior\ShowPageTrace [ RunTime:0.001041s ]
INFO: [ app_end ] --END-- [ RunTime:0.001120s ]

[ 2016-11-09T13:45:24+08:00 ] ::1 /app/index.php/Admin/Goods/upd
INFO: [ app_begin ] --START--
INFO: Run Behavior\ReadHtmlCache [ RunTime:0.000930s ]
INFO: [ app_begin ] --END-- [ RunTime:0.001733s ]
SQL: DESCRIBE sw_goods [ RunTime:0.001558s ]
SQL: UPDATE `sw_goods` SET `goods_name`='rrtyrt',`goods_price`=65756 WHERE ( `goods_id` = 70 ) [ RunTime:0.003639s ]
INFO: [ view_parse ] --START--
INFO: [ template_filter ] --START--
INFO: Run Behavior\ContentReplace [ RunTime:0.000033s ]
INFO: [ template_filter ] --END-- [ RunTime:0.000107s ]
INFO: Run Behavior\ParseTemplate [ RunTime:0.008224s ]
INFO: [ view_parse ] --END-- [ RunTime:0.008299s ]
INFO: [ view_filter ] --START--
INFO: Run Behavior\WriteHtmlCache [ RunTime:0.000478s ]
INFO: [ view_filter ] --END-- [ RunTime:0.000532s ]
INFO: [ app_end ] --START--
INFO: Run Behavior\ShowPageTrace [ RunTime:0.000853s ]
INFO: [ app_end ] --END-- [ RunTime:0.000915s ]

[ 2016-11-09T13:47:21+08:00 ] ::1 /app/index.php/Admin/Goods/upd
INFO: [ app_begin ] --START--
INFO: Run Behavior\ReadHtmlCache [ RunTime:0.000939s ]
INFO: [ app_begin ] --END-- [ RunTime:0.001733s ]
SQL: DESCRIBE sw_goods [ RunTime:0.003204s ]
SQL: UPDATE `sw_goods` SET `goods_name`='rrtyrt',`goods_price`=65756 WHERE ( goods_id<10 ) [ RunTime:0.002871s ]
INFO: [ view_parse ] --START--
INFO: [ template_filter ] --START--
INFO: Run Behavior\ContentReplace [ RunTime:0.000029s ]
INFO: [ template_filter ] --END-- [ RunTime:0.000112s ]
INFO: Run Behavior\ParseTemplate [ RunTime:0.009191s ]
INFO: [ view_parse ] --END-- [ RunTime:0.009268s ]
INFO: [ view_filter ] --START--
INFO: Run Behavior\WriteHtmlCache [ RunTime:0.000647s ]
INFO: [ view_filter ] --END-- [ RunTime:0.000707s ]
INFO: [ app_end ] --START--
INFO: Run Behavior\ShowPageTrace [ RunTime:0.000961s ]
INFO: [ app_end ] --END-- [ RunTime:0.001024s ]

[ 2016-11-09T13:51:47+08:00 ] ::1 /app/index.php/Admin/Goods/index
INFO: [ app_begin ] --START--
INFO: Run Behavior\ReadHtmlCache [ RunTime:0.000810s ]
INFO: [ app_begin ] --END-- [ RunTime:0.001533s ]
ERR: 非法操作:index

[ 2016-11-09T13:52:48+08:00 ] ::1 /app/index.php/Admin/Index/index
INFO: [ app_begin ] --START--
INFO: Run Behavior\ReadHtmlCache [ RunTime:0.000740s ]
INFO: [ app_begin ] --END-- [ RunTime:0.001234s ]
INFO: [ view_parse ] --START--
INFO: [ template_filter ] --START--
INFO: Run Behavior\ContentReplace [ RunTime:0.000044s ]
INFO: [ template_filter ] --END-- [ RunTime:0.000149s ]
INFO: Run Behavior\ParseTemplate [ RunTime:0.009071s ]
INFO: [ view_parse ] --END-- [ RunTime:0.009158s ]
INFO: [ view_filter ] --START--
INFO: Run Behavior\WriteHtmlCache [ RunTime:0.000514s ]
INFO: [ view_filter ] --END-- [ RunTime:0.000566s ]
INFO: [ app_end ] --START--
INFO: Run Behavior\ShowPageTrace [ RunTime:0.001097s ]
INFO: [ app_end ] --END-- [ RunTime:0.001161s ]

[ 2016-11-09T13:52:48+08:00 ] ::1 /app/index.php/Admin/Index/head
INFO: [ app_begin ] --START--
INFO: Run Behavior\ReadHtmlCache [ RunTime:0.000607s ]
INFO: [ app_begin ] --END-- [ RunTime:0.001128s ]
INFO: [ view_parse ] --START--
INFO: [ template_filter ] --START--
INFO: Run Behavior\ContentReplace [ RunTime:0.000047s ]
INFO: [ template_filter ] --END-- [ RunTime:0.000152s ]
INFO: Run Behavior\ParseTemplate [ RunTime:0.008115s ]
INFO: [ view_parse ] --END-- [ RunTime:0.008216s ]
INFO: [ view_filter ] --START--
INFO: Run Behavior\WriteHtmlCache [ RunTime:0.000196s ]
INFO: [ view_filter ] --END-- [ RunTime:0.000268s ]
INFO: [ app_end ] --START--
INFO: Run Behavior\ShowPageTrace [ RunTime:0.000648s ]
INFO: [ app_end ] --END-- [ RunTime:0.000751s ]

[ 2016-11-09T13:52:48+08:00 ] ::1 /app/index.php/Admin/Index/left
INFO: [ app_begin ] --START--
INFO: Run Behavior\ReadHtmlCache [ RunTime:0.001027s ]
INFO: [ app_begin ] --END-- [ RunTime:0.001787s ]
INFO: [ view_parse ] --START--
INFO: [ template_filter ] --START--
INFO: Run Behavior\ContentReplace [ RunTime:0.000296s ]
INFO: [ template_filter ] --END-- [ RunTime:0.000441s ]
INFO: Run Behavior\ParseTemplate [ RunTime:0.024516s ]
INFO: [ view_parse ] --END-- [ RunTime:0.024673s ]
INFO: [ view_filter ] --START--
INFO: Run Behavior\WriteHtmlCache [ RunTime:0.000277s ]
INFO: [ view_filter ] --END-- [ RunTime:0.000378s ]
INFO: [ app_end ] --START--
INFO: Run Behavior\ShowPageTrace [ RunTime:0.001223s ]
INFO: [ app_end ] --END-- [ RunTime:0.001368s ]

[ 2016-11-09T13:52:48+08:00 ] ::1 /app/index.php/Admin/Index/right
INFO: [ app_begin ] --START--
INFO: Run Behavior\ReadHtmlCache [ RunTime:0.001037s ]
INFO: [ app_begin ] --END-- [ RunTime:0.001633s ]
INFO: [ view_parse ] --START--
INFO: [ template_filter ] --START--
INFO: Run Behavior\ContentReplace [ RunTime:0.000058s ]
INFO: [ template_filter ] --END-- [ RunTime:0.000210s ]
INFO: Run Behavior\ParseTemplate [ RunTime:0.012509s ]
INFO: [ view_parse ] --END-- [ RunTime:0.012651s ]
INFO: [ view_filter ] --START--
INFO: Run Behavior\WriteHtmlCache [ RunTime:0.000244s ]
INFO: [ view_filter ] --END-- [ RunTime:0.000374s ]
INFO: [ app_end ] --START--
INFO: Run Behavior\ShowPageTrace [ RunTime:0.000936s ]
INFO: [ app_end ] --END-- [ RunTime:0.001061s ]

[ 2016-11-09T13:52:54+08:00 ] ::1 /app/index.php/Admin/Goods/showlist
INFO: [ app_begin ] --START--
INFO: Run Behavior\ReadHtmlCache [ RunTime:0.000393s ]
INFO: [ app_begin ] --END-- [ RunTime:0.000653s ]
SQL: DESCRIBE sw_goods [ RunTime:0.003363s ]
SQL: SELECT * FROM `sw_goods`  [ RunTime:0.000762s ]
INFO: [ view_parse ] --START--
INFO: [ template_filter ] --START--
INFO: Run Behavior\ContentReplace [ RunTime:0.000059s ]
INFO: [ template_filter ] --END-- [ RunTime:0.000171s ]
INFO: Run Behavior\ParseTemplate [ RunTime:0.007356s ]
INFO: [ view_parse ] --END-- [ RunTime:0.007429s ]
INFO: [ view_filter ] --START--
INFO: Run Behavior\WriteHtmlCache [ RunTime:0.000125s ]
INFO: [ view_filter ] --END-- [ RunTime:0.000170s ]
INFO: [ app_end ] --START--
INFO: Run Behavior\ShowPageTrace [ RunTime:0.001054s ]
INFO: [ app_end ] --END-- [ RunTime:0.001171s ]

[ 2016-11-09T13:52:58+08:00 ] ::1 /app/index.php/Admin/Goods/upd
INFO: [ app_begin ] --START--
INFO: Run Behavior\ReadHtmlCache [ RunTime:0.000320s ]
INFO: [ app_begin ] --END-- [ RunTime:0.000589s ]
SQL: DESCRIBE sw_goods [ RunTime:0.002921s ]
SQL: UPDATE `sw_goods` SET `goods_name`='rrtyrt',`goods_price`=65756 WHERE ( goods_id<10 ) [ RunTime:0.001966s ]
INFO: [ view_parse ] --START--
INFO: [ template_filter ] --START--
INFO: Run Behavior\ContentReplace [ RunTime:0.000026s ]
INFO: [ template_filter ] --END-- [ RunTime:0.000076s ]
INFO: Run Behavior\ParseTemplate [ RunTime:0.004978s ]
INFO: [ view_parse ] --END-- [ RunTime:0.005043s ]
INFO: [ view_filter ] --START--
INFO: Run Behavior\WriteHtmlCache [ RunTime:0.000351s ]
INFO: [ view_filter ] --END-- [ RunTime:0.000445s ]
INFO: [ app_end ] --START--
INFO: Run Behavior\ShowPageTrace [ RunTime:0.000603s ]
INFO: [ app_end ] --END-- [ RunTime:0.000670s ]

[ 2016-11-09T13:54:05+08:00 ] ::1 /app/index.php/Admin/Goods/showlist
INFO: [ app_begin ] --START--
INFO: Run Behavior\ReadHtmlCache [ RunTime:0.000754s ]
INFO: [ app_begin ] --END-- [ RunTime:0.001274s ]
SQL: DESCRIBE sw_goods [ RunTime:0.002802s ]
SQL: SELECT * FROM `sw_goods`  [ RunTime:0.000814s ]
INFO: [ view_parse ] --START--
INFO: [ template_filter ] --START--
INFO: Run Behavior\ContentReplace [ RunTime:0.000057s ]
INFO: [ template_filter ] --END-- [ RunTime:0.000229s ]
INFO: Run Behavior\ParseTemplate [ RunTime:0.007945s ]
INFO: [ view_parse ] --END-- [ RunTime:0.008012s ]
INFO: [ view_filter ] --START--
INFO: Run Behavior\WriteHtmlCache [ RunTime:0.000129s ]
INFO: [ view_filter ] --END-- [ RunTime:0.000184s ]
INFO: [ app_end ] --START--
INFO: Run Behavior\ShowPageTrace [ RunTime:0.000610s ]
INFO: [ app_end ] --END-- [ RunTime:0.000730s ]

[ 2016-11-09T13:54:14+08:00 ] ::1 /app/index.php/Admin/Goods/upd
INFO: [ app_begin ] --START--
INFO: Run Behavior\ReadHtmlCache [ RunTime:0.000405s ]
INFO: [ app_begin ] --END-- [ RunTime:0.000795s ]
SQL: DESCRIBE sw_goods [ RunTime:0.001866s ]
SQL: UPDATE `sw_goods` SET `goods_name`='rrtyrt',`goods_price`=65756 WHERE ( goods_id<10 ) [ RunTime:0.001736s ]
INFO: [ view_parse ] --START--
INFO: [ template_filter ] --START--
INFO: Run Behavior\ContentReplace [ RunTime:0.000052s ]
INFO: [ template_filter ] --END-- [ RunTime:0.000160s ]
INFO: Run Behavior\ParseTemplate [ RunTime:0.006929s ]
INFO: [ view_parse ] --END-- [ RunTime:0.007037s ]
INFO: [ view_filter ] --START--
INFO: Run Behavior\WriteHtmlCache [ RunTime:0.000286s ]
INFO: [ view_filter ] --END-- [ RunTime:0.000438s ]
INFO: [ app_end ] --START--
INFO: Run Behavior\ShowPageTrace [ RunTime:0.000666s ]
INFO: [ app_end ] --END-- [ RunTime:0.000760s ]

[ 2016-11-09T14:08:43+08:00 ] ::1 /app/index.php/Admin/Goods/showlist
INFO: [ app_begin ] --START--
INFO: Run Behavior\ReadHtmlCache [ RunTime:0.000816s ]
INFO: [ app_begin ] --END-- [ RunTime:0.001531s ]
SQL: DESCRIBE sw_goods [ RunTime:0.003758s ]
SQL: SELECT * FROM `sw_goods`  [ RunTime:0.001026s ]
INFO: [ view_parse ] --START--
INFO: [ template_filter ] --START--
INFO: Run Behavior\ContentReplace [ RunTime:0.000029s ]
INFO: [ template_filter ] --END-- [ RunTime:0.000103s ]
INFO: Run Behavior\ParseTemplate [ RunTime:0.011936s ]
INFO: [ view_parse ] --END-- [ RunTime:0.012038s ]
INFO: [ view_filter ] --START--
INFO: Run Behavior\WriteHtmlCache [ RunTime:0.000582s ]
INFO: [ view_filter ] --END-- [ RunTime:0.000653s ]
INFO: [ app_end ] --START--
INFO: Run Behavior\ShowPageTrace [ RunTime:0.000893s ]
INFO: [ app_end ] --END-- [ RunTime:0.000999s ]

[ 2016-11-09T14:08:49+08:00 ] ::1 /app/index.php/Admin/Goods/upd/goods_id/2
INFO: [ app_begin ] --START--
INFO: Run Behavior\ReadHtmlCache [ RunTime:0.000332s ]
INFO: [ app_begin ] --END-- [ RunTime:0.000678s ]
SQL: DESCRIBE sw_goods [ RunTime:0.001787s ]
SQL: SELECT * FROM `sw_goods` WHERE ( `goods_id` = 2 ) LIMIT 1   [ RunTime:0.000451s ]
INFO: [ view_parse ] --START--
INFO: [ template_filter ] --START--
INFO: Run Behavior\ContentReplace [ RunTime:0.000028s ]
INFO: [ template_filter ] --END-- [ RunTime:0.000093s ]
INFO: Run Behavior\ParseTemplate [ RunTime:0.005463s ]
INFO: [ view_parse ] --END-- [ RunTime:0.005525s ]
INFO: [ view_filter ] --START--
INFO: Run Behavior\WriteHtmlCache [ RunTime:0.000107s ]
INFO: [ view_filter ] --END-- [ RunTime:0.000145s ]
INFO: [ app_end ] --START--
INFO: Run Behavior\ShowPageTrace [ RunTime:0.000446s ]
INFO: [ app_end ] --END-- [ RunTime:0.000499s ]

[ 2016-11-09T14:09:09+08:00 ] ::1 /app/index.php/Admin/Goods/showlist
INFO: [ app_begin ] --START--
INFO: Run Behavior\ReadHtmlCache [ RunTime:0.000414s ]
INFO: [ app_begin ] --END-- [ RunTime:0.000867s ]
SQL: DESCRIBE sw_goods [ RunTime:0.002640s ]
SQL: SELECT * FROM `sw_goods`  [ RunTime:0.000746s ]
INFO: [ view_parse ] --START--
INFO: [ template_filter ] --START--
INFO: Run Behavior\ContentReplace [ RunTime:0.000051s ]
INFO: [ template_filter ] --END-- [ RunTime:0.000149s ]
INFO: Run Behavior\ParseTemplate [ RunTime:0.006710s ]
INFO: [ view_parse ] --END-- [ RunTime:0.006855s ]
INFO: [ view_filter ] --START--
INFO: Run Behavior\WriteHtmlCache [ RunTime:0.000449s ]
INFO: [ view_filter ] --END-- [ RunTime:0.000543s ]
INFO: [ app_end ] --START--
INFO: Run Behavior\ShowPageTrace [ RunTime:0.000607s ]
INFO: [ app_end ] --END-- [ RunTime:0.000700s ]

[ 2016-11-09T14:10:05+08:00 ] ::1 /app/index.php/Admin/Goods/upd/goods_id/12
INFO: [ app_begin ] --START--
INFO: Run Behavior\ReadHtmlCache [ RunTime:0.000319s ]
INFO: [ app_begin ] --END-- [ RunTime:0.000572s ]
SQL: DESCRIBE sw_goods [ RunTime:0.001710s ]
SQL: SELECT * FROM `sw_goods` WHERE ( `goods_id` = 12 ) LIMIT 1   [ RunTime:0.000356s ]
INFO: [ view_parse ] --START--
INFO: [ template_filter ] --START--
INFO: Run Behavior\ContentReplace [ RunTime:0.000028s ]
INFO: [ template_filter ] --END-- [ RunTime:0.000088s ]
INFO: Run Behavior\ParseTemplate [ RunTime:0.005987s ]
INFO: [ view_parse ] --END-- [ RunTime:0.006068s ]
INFO: [ view_filter ] --START--
INFO: Run Behavior\WriteHtmlCache [ RunTime:0.000120s ]
INFO: [ view_filter ] --END-- [ RunTime:0.000189s ]
INFO: [ app_end ] --START--
INFO: Run Behavior\ShowPageTrace [ RunTime:0.000462s ]
INFO: [ app_end ] --END-- [ RunTime:0.000516s ]

[ 2016-11-09T14:21:31+08:00 ] ::1 /app/index.php/Admin/Goods/showlist
INFO: [ app_begin ] --START--
INFO: Run Behavior\ReadHtmlCache [ RunTime:0.000845s ]
INFO: [ app_begin ] --END-- [ RunTime:0.001589s ]

[ 2016-11-09T14:21:40+08:00 ] ::1 /app/index.php/Admin/Goods/showlist
INFO: [ app_begin ] --START--
INFO: Run Behavior\ReadHtmlCache [ RunTime:0.000362s ]
INFO: [ app_begin ] --END-- [ RunTime:0.000621s ]

[ 2016-11-09T14:21:40+08:00 ] ::1 /app/index.php/Admin/Goods/showlist
INFO: [ app_begin ] --START--
INFO: Run Behavior\ReadHtmlCache [ RunTime:0.000366s ]
INFO: [ app_begin ] --END-- [ RunTime:0.000644s ]

[ 2016-11-09T14:21:45+08:00 ] ::1 /app/index.php/Admin/Index/index
INFO: [ app_begin ] --START--
INFO: Run Behavior\ReadHtmlCache [ RunTime:0.000368s ]
INFO: [ app_begin ] --END-- [ RunTime:0.000672s ]
INFO: [ view_parse ] --START--
INFO: [ template_filter ] --START--
INFO: Run Behavior\ContentReplace [ RunTime:0.000025s ]
INFO: [ template_filter ] --END-- [ RunTime:0.000086s ]
INFO: Run Behavior\ParseTemplate [ RunTime:0.008041s ]
INFO: [ view_parse ] --END-- [ RunTime:0.008111s ]
INFO: [ view_filter ] --START--
INFO: Run Behavior\WriteHtmlCache [ RunTime:0.000489s ]
INFO: [ view_filter ] --END-- [ RunTime:0.000532s ]
INFO: [ app_end ] --START--
INFO: Run Behavior\ShowPageTrace [ RunTime:0.000824s ]
INFO: [ app_end ] --END-- [ RunTime:0.000872s ]

[ 2016-11-09T14:21:45+08:00 ] ::1 /app/index.php/Admin/Index/left
INFO: [ app_begin ] --START--
INFO: Run Behavior\ReadHtmlCache [ RunTime:0.001248s ]
INFO: [ app_begin ] --END-- [ RunTime:0.001869s ]
INFO: [ view_parse ] --START--
INFO: [ template_filter ] --START--
INFO: Run Behavior\ContentReplace [ RunTime:0.000176s ]
INFO: [ template_filter ] --END-- [ RunTime:0.000270s ]
INFO: Run Behavior\ParseTemplate [ RunTime:0.034816s ]
INFO: [ view_parse ] --END-- [ RunTime:0.034937s ]
INFO: [ view_filter ] --START--
INFO: Run Behavior\WriteHtmlCache [ RunTime:0.000281s ]
INFO: [ view_filter ] --END-- [ RunTime:0.000402s ]
INFO: [ app_end ] --START--
INFO: Run Behavior\ShowPageTrace [ RunTime:0.002704s ]
INFO: [ app_end ] --END-- [ RunTime:0.002829s ]

[ 2016-11-09T14:21:45+08:00 ] ::1 /app/index.php/Admin/Index/right
INFO: [ app_begin ] --START--
INFO: Run Behavior\ReadHtmlCache [ RunTime:0.000630s ]
INFO: [ app_begin ] --END-- [ RunTime:0.001115s ]
INFO: [ view_parse ] --START--
INFO: [ template_filter ] --START--
INFO: Run Behavior\ContentReplace [ RunTime:0.000052s ]
INFO: [ template_filter ] --END-- [ RunTime:0.000165s ]
INFO: Run Behavior\ParseTemplate [ RunTime:0.010028s ]
INFO: [ view_parse ] --END-- [ RunTime:0.010150s ]
INFO: [ view_filter ] --START--
INFO: Run Behavior\WriteHtmlCache [ RunTime:0.000228s ]
INFO: [ view_filter ] --END-- [ RunTime:0.000307s ]
INFO: [ app_end ] --START--
INFO: Run Behavior\ShowPageTrace [ RunTime:0.000971s ]
INFO: [ app_end ] --END-- [ RunTime:0.001074s ]

[ 2016-11-09T14:21:45+08:00 ] ::1 /app/index.php/Admin/Index/head
INFO: [ app_begin ] --START--
INFO: Run Behavior\ReadHtmlCache [ RunTime:0.000611s ]
INFO: [ app_begin ] --END-- [ RunTime:0.002486s ]
INFO: [ view_parse ] --START--
INFO: [ template_filter ] --START--
INFO: Run Behavior\ContentReplace [ RunTime:0.000050s ]
INFO: [ template_filter ] --END-- [ RunTime:0.000160s ]
INFO: Run Behavior\ParseTemplate [ RunTime:0.011252s ]
INFO: [ view_parse ] --END-- [ RunTime:0.011369s ]
INFO: [ view_filter ] --START--
INFO: Run Behavior\WriteHtmlCache [ RunTime:0.000282s ]
INFO: [ view_filter ] --END-- [ RunTime:0.000401s ]
INFO: [ app_end ] --START--
INFO: Run Behavior\ShowPageTrace [ RunTime:0.000768s ]
INFO: [ app_end ] --END-- [ RunTime:0.000921s ]

[ 2016-11-09T14:21:49+08:00 ] ::1 /app/index.php/Admin/Goods/showlist
INFO: [ app_begin ] --START--
INFO: Run Behavior\ReadHtmlCache [ RunTime:0.000405s ]
INFO: [ app_begin ] --END-- [ RunTime:0.000831s ]

[ 2016-11-09T14:21:51+08:00 ] ::1 /app/index.php/Admin/Goods/showlist
INFO: [ app_begin ] --START--
INFO: Run Behavior\ReadHtmlCache [ RunTime:0.000397s ]
INFO: [ app_begin ] --END-- [ RunTime:0.000747s ]

[ 2016-11-09T14:21:53+08:00 ] ::1 /app/index.php/Admin/Goods/showlist
INFO: [ app_begin ] --START--
INFO: Run Behavior\ReadHtmlCache [ RunTime:0.000576s ]
INFO: [ app_begin ] --END-- [ RunTime:0.000931s ]

[ 2016-11-09T14:21:54+08:00 ] ::1 /app/index.php/Admin/Goods/showlist
INFO: [ app_begin ] --START--
INFO: Run Behavior\ReadHtmlCache [ RunTime:0.000557s ]
INFO: [ app_begin ] --END-- [ RunTime:0.000860s ]

[ 2016-11-09T14:21:56+08:00 ] ::1 /app/index.php/Admin/Goods/showlist
INFO: [ app_begin ] --START--
INFO: Run Behavior\ReadHtmlCache [ RunTime:0.000368s ]
INFO: [ app_begin ] --END-- [ RunTime:0.000771s ]

[ 2016-11-09T14:21:58+08:00 ] ::1 /app/index.php/Admin/Goods/showlist
INFO: [ app_begin ] --START--
INFO: Run Behavior\ReadHtmlCache [ RunTime:0.000461s ]
INFO: [ app_begin ] --END-- [ RunTime:0.000809s ]

[ 2016-11-09T14:23:17+08:00 ] ::1 /app/index.php/Admin/Index/index
INFO: [ app_begin ] --START--
INFO: Run Behavior\ReadHtmlCache [ RunTime:0.000361s ]
INFO: [ app_begin ] --END-- [ RunTime:0.000615s ]
INFO: [ view_parse ] --START--
INFO: [ template_filter ] --START--
INFO: Run Behavior\ContentReplace [ RunTime:0.000030s ]
INFO: [ template_filter ] --END-- [ RunTime:0.000103s ]
INFO: Run Behavior\ParseTemplate [ RunTime:0.005329s ]
INFO: [ view_parse ] --END-- [ RunTime:0.005427s ]
INFO: [ view_filter ] --START--
INFO: Run Behavior\WriteHtmlCache [ RunTime:0.000259s ]
INFO: [ view_filter ] --END-- [ RunTime:0.000338s ]
INFO: [ app_end ] --START--
INFO: Run Behavior\ShowPageTrace [ RunTime:0.000507s ]
INFO: [ app_end ] --END-- [ RunTime:0.000565s ]

[ 2016-11-09T14:23:17+08:00 ] ::1 /app/index.php/Admin/Index/head
INFO: [ app_begin ] --START--
INFO: Run Behavior\ReadHtmlCache [ RunTime:0.000602s ]
INFO: [ app_begin ] --END-- [ RunTime:0.001121s ]
INFO: [ view_parse ] --START--
INFO: [ template_filter ] --START--
INFO: Run Behavior\ContentReplace [ RunTime:0.000030s ]
INFO: [ template_filter ] --END-- [ RunTime:0.000091s ]
INFO: Run Behavior\ParseTemplate [ RunTime:0.006899s ]
INFO: [ view_parse ] --END-- [ RunTime:0.007038s ]
INFO: [ view_filter ] --START--
INFO: Run Behavior\WriteHtmlCache [ RunTime:0.000273s ]
INFO: [ view_filter ] --END-- [ RunTime:0.000345s ]
INFO: [ app_end ] --START--
INFO: Run Behavior\ShowPageTrace [ RunTime:0.000846s ]
INFO: [ app_end ] --END-- [ RunTime:0.000963s ]

[ 2016-11-09T14:23:17+08:00 ] ::1 /app/index.php/Admin/Index/left
INFO: [ app_begin ] --START--
INFO: Run Behavior\ReadHtmlCache [ RunTime:0.000607s ]
INFO: [ app_begin ] --END-- [ RunTime:0.001035s ]
INFO: [ view_parse ] --START--
INFO: [ template_filter ] --START--
INFO: Run Behavior\ContentReplace [ RunTime:0.000082s ]
INFO: [ template_filter ] --END-- [ RunTime:0.000191s ]
INFO: Run Behavior\ParseTemplate [ RunTime:0.015344s ]
INFO: [ view_parse ] --END-- [ RunTime:0.015476s ]
INFO: [ view_filter ] --START--
INFO: Run Behavior\WriteHtmlCache [ RunTime:0.000439s ]
INFO: [ view_filter ] --END-- [ RunTime:0.000545s ]
INFO: [ app_end ] --START--
INFO: Run Behavior\ShowPageTrace [ RunTime:0.000744s ]
INFO: [ app_end ] --END-- [ RunTime:0.000863s ]

[ 2016-11-09T14:23:17+08:00 ] ::1 /app/index.php/Admin/Index/right
INFO: [ app_begin ] --START--
INFO: Run Behavior\ReadHtmlCache [ RunTime:0.000592s ]
INFO: [ app_begin ] --END-- [ RunTime:0.001083s ]
INFO: [ view_parse ] --START--
INFO: [ template_filter ] --START--
INFO: Run Behavior\ContentReplace [ RunTime:0.000077s ]
INFO: [ template_filter ] --END-- [ RunTime:0.000523s ]
INFO: Run Behavior\ParseTemplate [ RunTime:0.012043s ]
INFO: [ view_parse ] --END-- [ RunTime:0.012178s ]
INFO: [ view_filter ] --START--
INFO: Run Behavior\WriteHtmlCache [ RunTime:0.000255s ]
INFO: [ view_filter ] --END-- [ RunTime:0.000344s ]
INFO: [ app_end ] --START--
INFO: Run Behavior\ShowPageTrace [ RunTime:0.000858s ]
INFO: [ app_end ] --END-- [ RunTime:0.000974s ]

[ 2016-11-09T14:23:19+08:00 ] ::1 /app/index.php/Admin/Goods/showlist
INFO: [ app_begin ] --START--
INFO: Run Behavior\ReadHtmlCache [ RunTime:0.000384s ]
INFO: [ app_begin ] --END-- [ RunTime:0.000698s ]
SQL: DESCRIBE sw_goods [ RunTime:0.003020s ]
SQL: SELECT * FROM `sw_goods`  [ RunTime:0.000835s ]
INFO: [ view_parse ] --START--
INFO: [ template_filter ] --START--
INFO: Run Behavior\ContentReplace [ RunTime:0.000026s ]
INFO: [ template_filter ] --END-- [ RunTime:0.000090s ]
INFO: Run Behavior\ParseTemplate [ RunTime:0.006883s ]
INFO: [ view_parse ] --END-- [ RunTime:0.006936s ]
INFO: [ view_filter ] --START--
INFO: Run Behavior\WriteHtmlCache [ RunTime:0.000115s ]
INFO: [ view_filter ] --END-- [ RunTime:0.000169s ]
INFO: [ app_end ] --START--
INFO: Run Behavior\ShowPageTrace [ RunTime:0.000604s ]
INFO: [ app_end ] --END-- [ RunTime:0.000676s ]

[ 2016-11-09T14:23:24+08:00 ] ::1 /app/index.php/Admin/Goods/upd/goods_id/10
INFO: [ app_begin ] --START--
INFO: Run Behavior\ReadHtmlCache [ RunTime:0.000407s ]
INFO: [ app_begin ] --END-- [ RunTime:0.000742s ]
SQL: DESCRIBE sw_goods [ RunTime:0.002009s ]
SQL: SELECT * FROM `sw_goods` WHERE ( `goods_id` = 10 ) LIMIT 1   [ RunTime:0.000352s ]
INFO: [ view_parse ] --START--
INFO: [ template_filter ] --START--
INFO: Run Behavior\ContentReplace [ RunTime:0.000031s ]
INFO: [ template_filter ] --END-- [ RunTime:0.000092s ]
INFO: Run Behavior\ParseTemplate [ RunTime:0.006158s ]
INFO: [ view_parse ] --END-- [ RunTime:0.006213s ]
INFO: [ view_filter ] --START--
INFO: Run Behavior\WriteHtmlCache [ RunTime:0.000120s ]
INFO: [ view_filter ] --END-- [ RunTime:0.000159s ]
INFO: [ app_end ] --START--
INFO: Run Behavior\ShowPageTrace [ RunTime:0.000363s ]
INFO: [ app_end ] --END-- [ RunTime:0.000404s ]

[ 2016-11-09T14:23:44+08:00 ] ::1 /app/index.php/Admin/Goods/upd/goods_id/10
INFO: [ app_begin ] --START--
INFO: Run Behavior\ReadHtmlCache [ RunTime:0.000335s ]
INFO: [ app_begin ] --END-- [ RunTime:0.000636s ]
SQL: DESCRIBE sw_goods [ RunTime:0.001755s ]
SQL: UPDATE `sw_goods` SET `goods_name`='索爱C708',`goods_category_id`=0,`goods_price`='99900.00',`goods_introduce`='&lt;p&gt;C702可以说是一种在外观上复古的产物，不仅延续T系列早期的直板造型，而且在屏幕和键盘的组合分布上都继承了前辈的精髓。C702的机身尺寸为106×48×15.5毫米，重量为105克。此外索尼爱立信为C702融入了&lt;font size=&quot;3&quot; color=&quot;#ff0000&quot;&gt;&lt;strong&gt;三防特性，即防尘、防滑和防水溅&lt;/strong&gt;&lt;/font&gt;，这款新的C702搭载了索尼爱立信经典A200平台，界面布局与W908c、K858c一致，典型的特征就是配备左右软键、中央确定键和通话/挂机键。&lt;/p&gt;
&lt;p&gt;索尼爱立信C702配备一块&lt;strong&gt;&lt;font size=&quot;3&quot; color=&quot;#ff0000&quot;&gt;2.2英寸26万色TFT液晶显示屏&lt;/font&gt;&lt;/strong&gt;，分辨率为240×320像素(QVGA)，显示效果属于目前主流水准。C702可以说是索尼爱立信首批&lt;strong&gt;&lt;font size=&quot;3&quot; color=&quot;#ff0000&quot;&gt;内置GPS模块&lt;/font&gt;&lt;/strong&gt;的 手机产品之一，C702的搜星、定位一气呵成，十分精准，误差大约在10米之内。基本上定位后可以将有效卫星数量控制在4—6颗，可以说可以满足我们的需 要了。C702还提供了“影像定位”功能，配合内置的AGPS全球定位辅助系统，只须启动Geo-Tagging智能影像定位功能，便可将拍摄地点记录在 照片内，方便用户随时查询。&lt;/p&gt;
&lt;p&gt; &lt;/p&gt;
&lt;p&gt;作为一款Cyber-shot系列影像手机，索尼爱立信C702在拍照功能方面同样有不俗的表现。并且手机内置的&lt;strong&gt;&lt;font size=&quot;3&quot; color=&quot;#ff0000&quot;&gt;320万像素摄像头&lt;/font&gt;&lt;/strong&gt;也 同样在拍照功能上也不错的表现。不仅支持自动聚焦和双LED闪光功能，而且还拥有2倍数码变焦、防红眼、Photo fix优画及场景模式等功能。索尼爱立信C702除了配备的是最大光圈为F3.2的4.2毫米镜头之外，该机也如同门中的旗舰C902一样增加了对脸部有 先自动聚焦功能的支持。&lt;/p&gt;
&lt;p&gt; &lt;/p&gt;' WHERE ( `goods_id` = 10 ) [ RunTime:0.002378s ]
INFO: [ app_end ] --START--
INFO: Run Behavior\ShowPageTrace [ RunTime:0.000650s ]
INFO: [ app_end ] --END-- [ RunTime:0.000745s ]

[ 2016-11-09T14:41:46+08:00 ] ::1 /app/index.php/Home/User/register
INFO: [ app_begin ] --START--
INFO: Run Behavior\ReadHtmlCache [ RunTime:0.000779s ]
INFO: [ app_begin ] --END-- [ RunTime:0.001478s ]

[ 2016-11-09T14:42:44+08:00 ] ::1 /app/index.php/Home/User/register
INFO: [ app_begin ] --START--
INFO: Run Behavior\ReadHtmlCache [ RunTime:0.000408s ]
INFO: [ app_begin ] --END-- [ RunTime:0.000759s ]

[ 2016-11-09T14:43:18+08:00 ] ::1 /app/index.php/Home/User/register
INFO: [ app_begin ] --START--
INFO: Run Behavior\ReadHtmlCache [ RunTime:0.000384s ]
INFO: [ app_begin ] --END-- [ RunTime:0.000724s ]

[ 2016-11-09T14:43:21+08:00 ] ::1 /app/index.php/Home/User/register
INFO: [ app_begin ] --START--
INFO: Run Behavior\ReadHtmlCache [ RunTime:0.000312s ]
INFO: [ app_begin ] --END-- [ RunTime:0.000556s ]

[ 2016-11-09T14:43:51+08:00 ] ::1 /app/index.php/Home/User/register
INFO: [ app_begin ] --START--
INFO: Run Behavior\ReadHtmlCache [ RunTime:0.000323s ]
INFO: [ app_begin ] --END-- [ RunTime:0.000584s ]

[ 2016-11-09T14:44:31+08:00 ] ::1 /app/index.php/Home/User/register
INFO: [ app_begin ] --START--
INFO: Run Behavior\ReadHtmlCache [ RunTime:0.000556s ]
INFO: [ app_begin ] --END-- [ RunTime:0.000899s ]

[ 2016-11-09T14:45:40+08:00 ] ::1 /app/index.php/Home/User/register
INFO: [ app_begin ] --START--
INFO: Run Behavior\ReadHtmlCache [ RunTime:0.000502s ]
INFO: [ app_begin ] --END-- [ RunTime:0.000854s ]

[ 2016-11-09T14:48:54+08:00 ] ::1 /app/index.php/Home/User/register
INFO: [ app_begin ] --START--
INFO: Run Behavior\ReadHtmlCache [ RunTime:0.000830s ]
INFO: [ app_begin ] --END-- [ RunTime:0.001654s ]

[ 2016-11-09T14:49:31+08:00 ] ::1 /app/index.php/Home/User/register
INFO: [ app_begin ] --START--
INFO: Run Behavior\ReadHtmlCache [ RunTime:0.000590s ]
INFO: [ app_begin ] --END-- [ RunTime:0.001097s ]
SQL: DESCRIBE sw_user [ RunTime:0.004529s ]
INFO: [ view_parse ] --START--
INFO: [ template_filter ] --START--
INFO: Run Behavior\ContentReplace [ RunTime:0.000088s ]
INFO: [ template_filter ] --END-- [ RunTime:0.000194s ]
INFO: Run Behavior\ParseTemplate [ RunTime:0.014026s ]
INFO: [ view_parse ] --END-- [ RunTime:0.014101s ]
INFO: [ view_filter ] --START--
INFO: Run Behavior\WriteHtmlCache [ RunTime:0.000588s ]
INFO: [ view_filter ] --END-- [ RunTime:0.000687s ]
INFO: [ app_end ] --START--
INFO: Run Behavior\ShowPageTrace [ RunTime:0.001114s ]
INFO: [ app_end ] --END-- [ RunTime:0.001211s ]

[ 2016-11-09T14:57:01+08:00 ] ::1 /app/index.php/Home/User/register
INFO: [ app_begin ] --START--
INFO: Run Behavior\ReadHtmlCache [ RunTime:0.000836s ]
INFO: [ app_begin ] --END-- [ RunTime:0.001636s ]
SQL: DESCRIBE sw_user [ RunTime:0.003450s ]
INFO: [ view_parse ] --START--
INFO: [ template_filter ] --START--
INFO: Run Behavior\ContentReplace [ RunTime:0.000053s ]
INFO: [ template_filter ] --END-- [ RunTime:0.000111s ]
INFO: Run Behavior\ParseTemplate [ RunTime:0.010631s ]
INFO: [ view_parse ] --END-- [ RunTime:0.010717s ]
INFO: [ view_filter ] --START--
INFO: Run Behavior\WriteHtmlCache [ RunTime:0.000512s ]
INFO: [ view_filter ] --END-- [ RunTime:0.000587s ]
INFO: [ app_end ] --START--
INFO: Run Behavior\ShowPageTrace [ RunTime:0.001368s ]
INFO: [ app_end ] --END-- [ RunTime:0.001469s ]

[ 2016-11-09T15:02:06+08:00 ] ::1 /app/index.php/Home/User/index.php?r=user/register
INFO: [ app_begin ] --START--
INFO: Run Behavior\ReadHtmlCache [ RunTime:0.000847s ]
INFO: [ app_begin ] --END-- [ RunTime:0.001626s ]
ERR: 非法操作:index.php

[ 2016-11-09T15:02:11+08:00 ] ::1 /app/index.php/Home/User/index.php?r=user/login
INFO: [ app_begin ] --START--
INFO: Run Behavior\ReadHtmlCache [ RunTime:0.000394s ]
INFO: [ app_begin ] --END-- [ RunTime:0.000722s ]
ERR: 非法操作:index.php

[ 2016-11-09T15:06:30+08:00 ] ::1 /app/index.php/Home/User/register
INFO: [ app_begin ] --START--
INFO: Run Behavior\ReadHtmlCache [ RunTime:0.000789s ]
INFO: [ app_begin ] --END-- [ RunTime:0.001513s ]
SQL: DESCRIBE sw_user [ RunTime:0.003571s ]
INFO: [ view_parse ] --START--
INFO: [ template_filter ] --START--
INFO: Run Behavior\ContentReplace [ RunTime:0.000059s ]
INFO: [ template_filter ] --END-- [ RunTime:0.000126s ]
INFO: Run Behavior\ParseTemplate [ RunTime:0.012954s ]
INFO: [ view_parse ] --END-- [ RunTime:0.013030s ]
INFO: [ view_filter ] --START--
INFO: Run Behavior\WriteHtmlCache [ RunTime:0.000502s ]
INFO: [ view_filter ] --END-- [ RunTime:0.000559s ]
INFO: [ app_end ] --START--
INFO: Run Behavior\ShowPageTrace [ RunTime:0.000863s ]
INFO: [ app_end ] --END-- [ RunTime:0.000934s ]

[ 2016-11-09T15:06:32+08:00 ] ::1 /app/index.php/Home/User/register
INFO: [ app_begin ] --START--
INFO: Run Behavior\ReadHtmlCache [ RunTime:0.000316s ]
INFO: [ app_begin ] --END-- [ RunTime:0.000588s ]
SQL: DESCRIBE sw_user [ RunTime:0.001560s ]

[ 2016-11-09T15:07:35+08:00 ] ::1 /app/index.php/Home/User/register
INFO: [ app_begin ] --START--
INFO: Run Behavior\ReadHtmlCache [ RunTime:0.000413s ]
INFO: [ app_begin ] --END-- [ RunTime:0.000691s ]
SQL: DESCRIBE sw_user [ RunTime:0.003045s ]
INFO: [ view_parse ] --START--
INFO: [ template_filter ] --START--
INFO: Run Behavior\ContentReplace [ RunTime:0.000064s ]
INFO: [ template_filter ] --END-- [ RunTime:0.000134s ]
INFO: Run Behavior\ParseTemplate [ RunTime:0.009144s ]
INFO: [ view_parse ] --END-- [ RunTime:0.009198s ]
INFO: [ view_filter ] --START--
INFO: Run Behavior\WriteHtmlCache [ RunTime:0.000123s ]
INFO: [ view_filter ] --END-- [ RunTime:0.000161s ]
INFO: [ app_end ] --START--
INFO: Run Behavior\ShowPageTrace [ RunTime:0.000618s ]
INFO: [ app_end ] --END-- [ RunTime:0.000707s ]

[ 2016-11-09T15:07:38+08:00 ] ::1 /app/index.php/Home/User/register
INFO: [ app_begin ] --START--
INFO: Run Behavior\ReadHtmlCache [ RunTime:0.000331s ]
INFO: [ app_begin ] --END-- [ RunTime:0.000609s ]
SQL: DESCRIBE sw_user [ RunTime:0.001527s ]

[ 2016-11-09T15:08:01+08:00 ] ::1 /app/index.php/Home/User/register
INFO: [ app_begin ] --START--
INFO: Run Behavior\ReadHtmlCache [ RunTime:0.000630s ]
INFO: [ app_begin ] --END-- [ RunTime:0.001150s ]
SQL: DESCRIBE sw_user [ RunTime:0.003015s ]
INFO: [ view_parse ] --START--
INFO: [ template_filter ] --START--
INFO: Run Behavior\ContentReplace [ RunTime:0.000068s ]
INFO: [ template_filter ] --END-- [ RunTime:0.000150s ]
INFO: Run Behavior\ParseTemplate [ RunTime:0.010761s ]
INFO: [ view_parse ] --END-- [ RunTime:0.010823s ]
INFO: [ view_filter ] --START--
INFO: Run Behavior\WriteHtmlCache [ RunTime:0.000146s ]
INFO: [ view_filter ] --END-- [ RunTime:0.000190s ]
INFO: [ app_end ] --START--
INFO: Run Behavior\ShowPageTrace [ RunTime:0.000629s ]
INFO: [ app_end ] --END-- [ RunTime:0.000721s ]

[ 2016-11-09T15:08:02+08:00 ] ::1 /app/index.php/Home/User/register
INFO: [ app_begin ] --START--
INFO: Run Behavior\ReadHtmlCache [ RunTime:0.000392s ]
INFO: [ app_begin ] --END-- [ RunTime:0.000844s ]
SQL: DESCRIBE sw_user [ RunTime:0.002847s ]

[ 2016-11-09T15:08:04+08:00 ] ::1 /app/index.php/Home/User/register
INFO: [ app_begin ] --START--
INFO: Run Behavior\ReadHtmlCache [ RunTime:0.000319s ]
INFO: [ app_begin ] --END-- [ RunTime:0.000572s ]
SQL: DESCRIBE sw_user [ RunTime:0.003021s ]
INFO: [ view_parse ] --START--
INFO: [ template_filter ] --START--
INFO: Run Behavior\ContentReplace [ RunTime:0.000065s ]
INFO: [ template_filter ] --END-- [ RunTime:0.000135s ]
INFO: Run Behavior\ParseTemplate [ RunTime:0.008334s ]
INFO: [ view_parse ] --END-- [ RunTime:0.008389s ]
INFO: [ view_filter ] --START--
INFO: Run Behavior\WriteHtmlCache [ RunTime:0.000125s ]
INFO: [ view_filter ] --END-- [ RunTime:0.000163s ]
INFO: [ app_end ] --START--
INFO: Run Behavior\ShowPageTrace [ RunTime:0.000634s ]
INFO: [ app_end ] --END-- [ RunTime:0.000734s ]

[ 2016-11-09T15:10:00+08:00 ] ::1 /app/index.php/Home/User/register
INFO: [ app_begin ] --START--
INFO: Run Behavior\ReadHtmlCache [ RunTime:0.000857s ]
INFO: [ app_begin ] --END-- [ RunTime:0.001576s ]
SQL: DESCRIBE sw_user [ RunTime:0.003472s ]
INFO: [ view_parse ] --START--
INFO: [ template_filter ] --START--
INFO: Run Behavior\ContentReplace [ RunTime:0.000066s ]
INFO: [ template_filter ] --END-- [ RunTime:0.000146s ]
INFO: Run Behavior\ParseTemplate [ RunTime:0.012158s ]
INFO: [ view_parse ] --END-- [ RunTime:0.012221s ]
INFO: [ view_filter ] --START--
INFO: Run Behavior\WriteHtmlCache [ RunTime:0.000510s ]
INFO: [ view_filter ] --END-- [ RunTime:0.000569s ]
INFO: [ app_end ] --START--
INFO: Run Behavior\ShowPageTrace [ RunTime:0.000934s ]
INFO: [ app_end ] --END-- [ RunTime:0.001017s ]

[ 2016-11-09T15:10:30+08:00 ] ::1 /app/index.php/Home/User/register
INFO: [ app_begin ] --START--
INFO: Run Behavior\ReadHtmlCache [ RunTime:0.001040s ]
INFO: [ app_begin ] --END-- [ RunTime:0.001846s ]
SQL: DESCRIBE sw_user [ RunTime:0.001629s ]

[ 2016-11-09T15:10:37+08:00 ] ::1 /app/index.php/Home/User/register
INFO: [ app_begin ] --START--
INFO: Run Behavior\ReadHtmlCache [ RunTime:0.000380s ]
INFO: [ app_begin ] --END-- [ RunTime:0.000725s ]
SQL: DESCRIBE sw_user [ RunTime:0.002793s ]
INFO: [ view_parse ] --START--
INFO: [ template_filter ] --START--
INFO: Run Behavior\ContentReplace [ RunTime:0.000066s ]
INFO: [ template_filter ] --END-- [ RunTime:0.000192s ]
INFO: Run Behavior\ParseTemplate [ RunTime:0.013810s ]
INFO: [ view_parse ] --END-- [ RunTime:0.013876s ]
INFO: [ view_filter ] --START--
INFO: Run Behavior\WriteHtmlCache [ RunTime:0.000462s ]
INFO: [ view_filter ] --END-- [ RunTime:0.000514s ]
INFO: [ app_end ] --START--
INFO: Run Behavior\ShowPageTrace [ RunTime:0.000962s ]
INFO: [ app_end ] --END-- [ RunTime:0.001059s ]

[ 2016-11-09T15:16:29+08:00 ] ::1 /app/index.php/Home/User/register
INFO: [ app_begin ] --START--
INFO: Run Behavior\ReadHtmlCache [ RunTime:0.000333s ]
INFO: [ app_begin ] --END-- [ RunTime:0.000621s ]
SQL: DESCRIBE sw_user [ RunTime:0.001721s ]

[ 2016-11-09T15:16:34+08:00 ] ::1 /app/index.php/Home/User/register
INFO: [ app_begin ] --START--
INFO: Run Behavior\ReadHtmlCache [ RunTime:0.000404s ]
INFO: [ app_begin ] --END-- [ RunTime:0.000734s ]
SQL: DESCRIBE sw_user [ RunTime:0.003030s ]
INFO: [ view_parse ] --START--
INFO: [ template_filter ] --START--
INFO: Run Behavior\ContentReplace [ RunTime:0.000056s ]
INFO: [ template_filter ] --END-- [ RunTime:0.000120s ]
INFO: Run Behavior\ParseTemplate [ RunTime:0.008123s ]
INFO: [ view_parse ] --END-- [ RunTime:0.008533s ]
INFO: [ view_filter ] --START--
INFO: Run Behavior\WriteHtmlCache [ RunTime:0.000219s ]
INFO: [ view_filter ] --END-- [ RunTime:0.000297s ]
INFO: [ app_end ] --START--
INFO: Run Behavior\ShowPageTrace [ RunTime:0.000903s ]
INFO: [ app_end ] --END-- [ RunTime:0.000992s ]

[ 2016-11-09T15:30:44+08:00 ] ::1 /app/index.php/Home/User/register
INFO: [ app_begin ] --START--
INFO: Run Behavior\ReadHtmlCache [ RunTime:0.000967s ]
INFO: [ app_begin ] --END-- [ RunTime:0.001891s ]
SQL: DESCRIBE sw_user [ RunTime:0.003609s ]
INFO: [ view_parse ] --START--
INFO: [ template_filter ] --START--
INFO: Run Behavior\ContentReplace [ RunTime:0.000090s ]
INFO: [ template_filter ] --END-- [ RunTime:0.000220s ]
INFO: Run Behavior\ParseTemplate [ RunTime:0.013512s ]
INFO: [ view_parse ] --END-- [ RunTime:0.013588s ]
INFO: [ view_filter ] --START--
INFO: Run Behavior\WriteHtmlCache [ RunTime:0.000551s ]
INFO: [ view_filter ] --END-- [ RunTime:0.000608s ]
INFO: [ app_end ] --START--
INFO: Run Behavior\ShowPageTrace [ RunTime:0.000953s ]
INFO: [ app_end ] --END-- [ RunTime:0.001031s ]

[ 2016-11-09T15:30:55+08:00 ] ::1 /app/index.php/Home/User/register
INFO: [ app_begin ] --START--
INFO: Run Behavior\ReadHtmlCache [ RunTime:0.000675s ]
INFO: [ app_begin ] --END-- [ RunTime:0.001189s ]
SQL: DESCRIBE sw_user [ RunTime:0.001398s ]

[ 2016-11-09T15:30:59+08:00 ] ::1 /app/index.php/Home/User/register
INFO: [ app_begin ] --START--
INFO: Run Behavior\ReadHtmlCache [ RunTime:0.000331s ]
INFO: [ app_begin ] --END-- [ RunTime:0.000637s ]
SQL: DESCRIBE sw_user [ RunTime:0.002910s ]

[ 2016-11-09T15:31:00+08:00 ] ::1 /app/index.php/Home/User/register
INFO: [ app_begin ] --START--
INFO: Run Behavior\ReadHtmlCache [ RunTime:0.000359s ]
INFO: [ app_begin ] --END-- [ RunTime:0.000623s ]
SQL: DESCRIBE sw_user [ RunTime:0.002781s ]
INFO: [ view_parse ] --START--
INFO: [ template_filter ] --START--
INFO: Run Behavior\ContentReplace [ RunTime:0.000063s ]
INFO: [ template_filter ] --END-- [ RunTime:0.000137s ]
INFO: Run Behavior\ParseTemplate [ RunTime:0.009431s ]
INFO: [ view_parse ] --END-- [ RunTime:0.009547s ]
INFO: [ view_filter ] --START--
INFO: Run Behavior\WriteHtmlCache [ RunTime:0.000198s ]
INFO: [ view_filter ] --END-- [ RunTime:0.000238s ]
INFO: [ app_end ] --START--
INFO: Run Behavior\ShowPageTrace [ RunTime:0.000798s ]
INFO: [ app_end ] --END-- [ RunTime:0.000870s ]

[ 2016-11-09T15:34:24+08:00 ] ::1 /app/index.php/Home/User/register
INFO: [ app_begin ] --START--
INFO: Run Behavior\ReadHtmlCache [ RunTime:0.000742s ]
INFO: [ app_begin ] --END-- [ RunTime:0.001362s ]
SQL: DESCRIBE sw_user [ RunTime:0.002015s ]

[ 2016-11-09T15:48:14+08:00 ] ::1 /app/index.php/Home/User/register
INFO: [ app_begin ] --START--
INFO: Run Behavior\ReadHtmlCache [ RunTime:0.000977s ]
INFO: [ app_begin ] --END-- [ RunTime:0.002297s ]
SQL: DESCRIBE sw_user [ RunTime:0.003093s ]
INFO: [ view_parse ] --START--
INFO: [ template_filter ] --START--
INFO: Run Behavior\ContentReplace [ RunTime:0.000065s ]
INFO: [ template_filter ] --END-- [ RunTime:0.000173s ]
INFO: Run Behavior\ParseTemplate [ RunTime:0.014637s ]
INFO: [ view_parse ] --END-- [ RunTime:0.014715s ]
INFO: [ view_filter ] --START--
INFO: Run Behavior\WriteHtmlCache [ RunTime:0.000483s ]
INFO: [ view_filter ] --END-- [ RunTime:0.000525s ]
INFO: [ app_end ] --START--
INFO: Run Behavior\ShowPageTrace [ RunTime:0.001157s ]
INFO: [ app_end ] --END-- [ RunTime:0.001245s ]

[ 2016-11-09T15:48:25+08:00 ] ::1 /app/index.php/Home/User/register
INFO: [ app_begin ] --START--
INFO: Run Behavior\ReadHtmlCache [ RunTime:0.000563s ]
INFO: [ app_begin ] --END-- [ RunTime:0.000994s ]
SQL: DESCRIBE sw_user [ RunTime:0.001629s ]
INFO: [ view_parse ] --START--
INFO: [ template_filter ] --START--
INFO: Run Behavior\ContentReplace [ RunTime:0.000082s ]
INFO: [ template_filter ] --END-- [ RunTime:0.000167s ]
INFO: Run Behavior\ParseTemplate [ RunTime:0.010816s ]
INFO: [ view_parse ] --END-- [ RunTime:0.010919s ]
INFO: [ view_filter ] --START--
INFO: Run Behavior\WriteHtmlCache [ RunTime:0.000169s ]
INFO: [ view_filter ] --END-- [ RunTime:0.000208s ]
INFO: [ app_end ] --START--
INFO: Run Behavior\ShowPageTrace [ RunTime:0.000935s ]
INFO: [ app_end ] --END-- [ RunTime:0.001044s ]

[ 2016-11-09T15:48:48+08:00 ] ::1 /app/index.php/Home/User/register
INFO: [ app_begin ] --START--
INFO: Run Behavior\ReadHtmlCache [ RunTime:0.000549s ]
INFO: [ app_begin ] --END-- [ RunTime:0.001115s ]
SQL: DESCRIBE sw_user [ RunTime:0.002460s ]

[ 2016-11-09T15:50:39+08:00 ] ::1 /app/index.php/Home/User/register
INFO: [ app_begin ] --START--
INFO: Run Behavior\ReadHtmlCache [ RunTime:0.000773s ]
INFO: [ app_begin ] --END-- [ RunTime:0.001559s ]
SQL: DESCRIBE sw_user [ RunTime:0.003263s ]

[ 2016-11-09T15:57:32+08:00 ] ::1 /app/index.php/Home/User/register
INFO: [ app_begin ] --START--
INFO: Run Behavior\ReadHtmlCache [ RunTime:0.000748s ]
INFO: [ app_begin ] --END-- [ RunTime:0.001398s ]
SQL: DESCRIBE sw_user [ RunTime:0.003106s ]
INFO: [ view_parse ] --START--
INFO: [ template_filter ] --START--
INFO: Run Behavior\ContentReplace [ RunTime:0.000067s ]
INFO: [ template_filter ] --END-- [ RunTime:0.000143s ]
INFO: Run Behavior\ParseTemplate [ RunTime:0.012611s ]
INFO: [ view_parse ] --END-- [ RunTime:0.012686s ]
INFO: [ view_filter ] --START--
INFO: Run Behavior\WriteHtmlCache [ RunTime:0.000478s ]
INFO: [ view_filter ] --END-- [ RunTime:0.000534s ]
INFO: [ app_end ] --START--
INFO: Run Behavior\ShowPageTrace [ RunTime:0.001215s ]
INFO: [ app_end ] --END-- [ RunTime:0.001379s ]

[ 2016-11-09T15:57:54+08:00 ] ::1 /app/index.php/Home/User/register
INFO: [ app_begin ] --START--
INFO: Run Behavior\ReadHtmlCache [ RunTime:0.000726s ]
INFO: [ app_begin ] --END-- [ RunTime:0.001157s ]
SQL: DESCRIBE sw_user [ RunTime:0.002760s ]
INFO: [ view_parse ] --START--
INFO: [ template_filter ] --START--
INFO: Run Behavior\ContentReplace [ RunTime:0.000063s ]
INFO: [ template_filter ] --END-- [ RunTime:0.000138s ]
INFO: Run Behavior\ParseTemplate [ RunTime:0.010779s ]
INFO: [ view_parse ] --END-- [ RunTime:0.010836s ]
INFO: [ view_filter ] --START--
INFO: Run Behavior\WriteHtmlCache [ RunTime:0.000138s ]
INFO: [ view_filter ] --END-- [ RunTime:0.000181s ]
INFO: [ app_end ] --START--
INFO: Run Behavior\ShowPageTrace [ RunTime:0.000908s ]
INFO: [ app_end ] --END-- [ RunTime:0.001008s ]

[ 2016-11-09T16:34:36+08:00 ] ::1 /app/index.php/Home/User/register
INFO: [ app_begin ] --START--
INFO: Run Behavior\ReadHtmlCache [ RunTime:0.000812s ]
INFO: [ app_begin ] --END-- [ RunTime:0.001472s ]
NOTIC: [8192] mysql_connect(): The mysql extension is deprecated and will be removed in the future: use mysqli or PDO instead /Applications/XAMPP/xamppfiles/htdocs/app/ThinkPHP/Library/Think/Db/Driver/Mysql.class.php 第 52 行.
SQL: SHOW COLUMNS FROM `think_user` [ RunTime:0.003798s ]
INFO: [ view_parse ] --START--
INFO: [ template_filter ] --START--
INFO: Run Behavior\ContentReplace [ RunTime:0.000077s ]
INFO: [ template_filter ] --END-- [ RunTime:0.000143s ]
INFO: Run Behavior\ParseTemplate [ RunTime:0.012239s ]
INFO: [ view_parse ] --END-- [ RunTime:0.012308s ]
INFO: [ view_filter ] --START--
INFO: Run Behavior\WriteHtmlCache [ RunTime:0.000536s ]
INFO: [ view_filter ] --END-- [ RunTime:0.000576s ]
INFO: [ app_end ] --START--
INFO: Run Behavior\ShowPageTrace [ RunTime:0.000915s ]
INFO: [ app_end ] --END-- [ RunTime:0.000976s ]

[ 2016-11-09T16:34:40+08:00 ] ::1 /app/index.php/Home/User/zhuce
INFO: [ app_begin ] --START--
INFO: Run Behavior\ReadHtmlCache [ RunTime:0.000624s ]
INFO: [ app_begin ] --END-- [ RunTime:0.001064s ]
INFO: [ view_parse ] --START--
INFO: [ template_filter ] --START--
INFO: Run Behavior\ContentReplace [ RunTime:0.000024s ]
INFO: [ template_filter ] --END-- [ RunTime:0.000077s ]
INFO: Run Behavior\ParseTemplate [ RunTime:0.004496s ]
INFO: [ view_parse ] --END-- [ RunTime:0.004552s ]
INFO: [ view_filter ] --START--
INFO: Run Behavior\WriteHtmlCache [ RunTime:0.000120s ]
INFO: [ view_filter ] --END-- [ RunTime:0.000166s ]
INFO: [ app_end ] --START--
INFO: Run Behavior\ShowPageTrace [ RunTime:0.000397s ]
INFO: [ app_end ] --END-- [ RunTime:0.000437s ]

[ 2016-11-09T16:35:46+08:00 ] ::1 /app/index.php/Home/User/zhuce
INFO: [ app_begin ] --START--
INFO: Run Behavior\ReadHtmlCache [ RunTime:0.000374s ]
INFO: [ app_begin ] --END-- [ RunTime:0.000700s ]
INFO: [ view_parse ] --START--
INFO: [ template_filter ] --START--
INFO: Run Behavior\ContentReplace [ RunTime:0.000028s ]
INFO: [ template_filter ] --END-- [ RunTime:0.000125s ]
INFO: Run Behavior\ParseTemplate [ RunTime:0.005014s ]
INFO: [ view_parse ] --END-- [ RunTime:0.005108s ]
INFO: [ view_filter ] --START--
INFO: Run Behavior\WriteHtmlCache [ RunTime:0.000158s ]
INFO: [ view_filter ] --END-- [ RunTime:0.000202s ]
INFO: [ app_end ] --START--
INFO: Run Behavior\ShowPageTrace [ RunTime:0.000596s ]
INFO: [ app_end ] --END-- [ RunTime:0.000667s ]

[ 2016-11-09T16:36:44+08:00 ] ::1 /app/index.php/Home/User/zhuce
INFO: [ app_begin ] --START--
INFO: Run Behavior\ReadHtmlCache [ RunTime:0.000696s ]
INFO: [ app_begin ] --END-- [ RunTime:0.001303s ]
INFO: [ view_parse ] --START--
INFO: [ template_filter ] --START--
INFO: Run Behavior\ContentReplace [ RunTime:0.000024s ]
INFO: [ template_filter ] --END-- [ RunTime:0.000081s ]
INFO: Run Behavior\ParseTemplate [ RunTime:0.004560s ]
INFO: [ view_parse ] --END-- [ RunTime:0.004678s ]
INFO: [ view_filter ] --START--
INFO: Run Behavior\WriteHtmlCache [ RunTime:0.000138s ]
INFO: [ view_filter ] --END-- [ RunTime:0.000180s ]
INFO: [ app_end ] --START--
INFO: Run Behavior\ShowPageTrace [ RunTime:0.000416s ]
INFO: [ app_end ] --END-- [ RunTime:0.000464s ]

[ 2016-11-09T16:40:22+08:00 ] ::1 /app/index.php/Home/User/zhuce
INFO: [ app_begin ] --START--
INFO: Run Behavior\ReadHtmlCache [ RunTime:0.000950s ]
INFO: [ app_begin ] --END-- [ RunTime:0.001679s ]
INFO: [ view_parse ] --START--
INFO: [ template_filter ] --START--
INFO: Run Behavior\ContentReplace [ RunTime:0.000026s ]
INFO: [ template_filter ] --END-- [ RunTime:0.000099s ]
INFO: Run Behavior\ParseTemplate [ RunTime:0.008147s ]
INFO: [ view_parse ] --END-- [ RunTime:0.008241s ]
INFO: [ view_filter ] --START--
INFO: Run Behavior\WriteHtmlCache [ RunTime:0.000619s ]
INFO: [ view_filter ] --END-- [ RunTime:0.000676s ]
INFO: [ app_end ] --START--
INFO: Run Behavior\ShowPageTrace [ RunTime:0.001099s ]
INFO: [ app_end ] --END-- [ RunTime:0.001152s ]

[ 2016-11-09T16:40:39+08:00 ] ::1 /app/index.php/Home/User/zhuce
INFO: [ app_begin ] --START--
INFO: Run Behavior\ReadHtmlCache [ RunTime:0.000761s ]
INFO: [ app_begin ] --END-- [ RunTime:0.001290s ]
INFO: [ view_parse ] --START--
INFO: [ template_filter ] --START--
INFO: Run Behavior\ContentReplace [ RunTime:0.000027s ]
INFO: [ template_filter ] --END-- [ RunTime:0.000098s ]
INFO: Run Behavior\ParseTemplate [ RunTime:0.043607s ]
INFO: [ view_parse ] --END-- [ RunTime:0.043737s ]
INFO: [ view_filter ] --START--
INFO: Run Behavior\WriteHtmlCache [ RunTime:0.000155s ]
INFO: [ view_filter ] --END-- [ RunTime:0.000198s ]
INFO: [ app_end ] --START--
INFO: Run Behavior\ShowPageTrace [ RunTime:0.000568s ]
INFO: [ app_end ] --END-- [ RunTime:0.000619s ]

[ 2016-11-09T16:46:22+08:00 ] ::1 /app/index.php/Home/User/zhuce
INFO: [ app_begin ] --START--
INFO: Run Behavior\ReadHtmlCache [ RunTime:0.000949s ]
INFO: [ app_begin ] --END-- [ RunTime:0.001780s ]
INFO: [ view_parse ] --START--
INFO: [ template_filter ] --START--
INFO: Run Behavior\ContentReplace [ RunTime:0.000029s ]
INFO: [ template_filter ] --END-- [ RunTime:0.000123s ]
INFO: Run Behavior\ParseTemplate [ RunTime:0.009295s ]
INFO: [ view_parse ] --END-- [ RunTime:0.009406s ]
INFO: [ view_filter ] --START--
INFO: Run Behavior\WriteHtmlCache [ RunTime:0.000470s ]
INFO: [ view_filter ] --END-- [ RunTime:0.000520s ]
INFO: [ app_end ] --START--
INFO: Run Behavior\ShowPageTrace [ RunTime:0.000892s ]
INFO: [ app_end ] --END-- [ RunTime:0.000947s ]

[ 2016-11-09T16:47:03+08:00 ] ::1 /app/index.php/Home/User/zhuce
INFO: [ app_begin ] --START--
INFO: Run Behavior\ReadHtmlCache [ RunTime:0.000457s ]
INFO: [ app_begin ] --END-- [ RunTime:0.000878s ]
INFO: [ view_parse ] --START--
INFO: [ template_filter ] --START--
INFO: Run Behavior\ContentReplace [ RunTime:0.000069s ]
INFO: [ template_filter ] --END-- [ RunTime:0.000192s ]
INFO: Run Behavior\ParseTemplate [ RunTime:0.004835s ]
INFO: [ view_parse ] --END-- [ RunTime:0.004901s ]
INFO: [ view_filter ] --START--
INFO: Run Behavior\WriteHtmlCache [ RunTime:0.000135s ]
INFO: [ view_filter ] --END-- [ RunTime:0.000179s ]
INFO: [ app_end ] --START--
INFO: Run Behavior\ShowPageTrace [ RunTime:0.000435s ]
INFO: [ app_end ] --END-- [ RunTime:0.000475s ]

[ 2016-11-09T16:49:13+08:00 ] ::1 /app/index.php/Home/User/zhuce
INFO: [ app_begin ] --START--
INFO: Run Behavior\ReadHtmlCache [ RunTime:0.001108s ]
INFO: [ app_begin ] --END-- [ RunTime:0.002371s ]
INFO: [ view_parse ] --START--
INFO: [ template_filter ] --START--
INFO: Run Behavior\ContentReplace [ RunTime:0.000067s ]
INFO: [ template_filter ] --END-- [ RunTime:0.000167s ]
INFO: Run Behavior\ParseTemplate [ RunTime:0.007458s ]
INFO: [ view_parse ] --END-- [ RunTime:0.007523s ]
INFO: [ view_filter ] --START--
INFO: Run Behavior\WriteHtmlCache [ RunTime:0.000499s ]
INFO: [ view_filter ] --END-- [ RunTime:0.000568s ]
INFO: [ app_end ] --START--
INFO: Run Behavior\ShowPageTrace [ RunTime:0.000922s ]
INFO: [ app_end ] --END-- [ RunTime:0.000996s ]

[ 2016-11-09T16:54:13+08:00 ] ::1 /app/index.php/Home/Test/zhuce
INFO: [ app_begin ] --START--
INFO: Run Behavior\ReadHtmlCache [ RunTime:0.001013s ]
INFO: [ app_begin ] --END-- [ RunTime:0.001974s ]
NOTIC: [8192] mysql_connect(): The mysql extension is deprecated and will be removed in the future: use mysqli or PDO instead /Applications/XAMPP/xamppfiles/htdocs/app/ThinkPHP/Library/Think/Db/Driver/Mysql.class.php 第 52 行.
SQL: SHOW COLUMNS FROM `test` [ RunTime:0.004349s ]
ERR: 1146:Table 'thinkphp.test' doesn't exist
 [ SQL语句 ] : SHOW COLUMNS FROM `test`
INFO: [ view_parse ] --START--
INFO: [ template_filter ] --START--
INFO: Run Behavior\ContentReplace [ RunTime:0.000024s ]
INFO: [ template_filter ] --END-- [ RunTime:0.000086s ]
INFO: Run Behavior\ParseTemplate [ RunTime:0.007989s ]
INFO: [ view_parse ] --END-- [ RunTime:0.008062s ]
INFO: [ view_filter ] --START--
INFO: Run Behavior\WriteHtmlCache [ RunTime:0.000515s ]
INFO: [ view_filter ] --END-- [ RunTime:0.000593s ]
INFO: [ app_end ] --START--
INFO: Run Behavior\ShowPageTrace [ RunTime:0.001105s ]
INFO: [ app_end ] --END-- [ RunTime:0.001188s ]

[ 2016-11-09T16:54:16+08:00 ] ::1 /app/index.php/Home/Test/zhuce
INFO: [ app_begin ] --START--
INFO: Run Behavior\ReadHtmlCache [ RunTime:0.000334s ]
INFO: [ app_begin ] --END-- [ RunTime:0.000639s ]
NOTIC: [8192] mysql_connect(): The mysql extension is deprecated and will be removed in the future: use mysqli or PDO instead /Applications/XAMPP/xamppfiles/htdocs/app/ThinkPHP/Library/Think/Db/Driver/Mysql.class.php 第 52 行.
SQL: SHOW COLUMNS FROM `test` [ RunTime:0.001450s ]
ERR: 1146:Table 'thinkphp.test' doesn't exist
 [ SQL语句 ] : SHOW COLUMNS FROM `test`
INFO: [ view_parse ] --START--
INFO: [ template_filter ] --START--
INFO: Run Behavior\ContentReplace [ RunTime:0.000035s ]
INFO: [ template_filter ] --END-- [ RunTime:0.000107s ]
INFO: Run Behavior\ParseTemplate [ RunTime:0.004283s ]
INFO: [ view_parse ] --END-- [ RunTime:0.004345s ]
INFO: [ view_filter ] --START--
INFO: Run Behavior\WriteHtmlCache [ RunTime:0.000108s ]
INFO: [ view_filter ] --END-- [ RunTime:0.000154s ]
INFO: [ app_end ] --START--
INFO: Run Behavior\ShowPageTrace [ RunTime:0.000350s ]
INFO: [ app_end ] --END-- [ RunTime:0.000389s ]

[ 2016-11-09T16:54:23+08:00 ] ::1 /app/index.php/Home/Test/zhuce
INFO: [ app_begin ] --START--
INFO: Run Behavior\ReadHtmlCache [ RunTime:0.000738s ]
INFO: [ app_begin ] --END-- [ RunTime:0.001451s ]
NOTIC: [8192] mysql_connect(): The mysql extension is deprecated and will be removed in the future: use mysqli or PDO instead /Applications/XAMPP/xamppfiles/htdocs/app/ThinkPHP/Library/Think/Db/Driver/Mysql.class.php 第 52 行.
SQL: SHOW COLUMNS FROM `test` [ RunTime:0.001074s ]
ERR: 1146:Table 'thinkphp.test' doesn't exist
 [ SQL语句 ] : SHOW COLUMNS FROM `test`
NOTIC: [2] in_array() expects parameter 2 to be array, boolean given /Applications/XAMPP/xamppfiles/htdocs/app/ThinkPHP/Library/Think/Model.class.php 第 886 行.
NOTIC: [2] in_array() expects parameter 2 to be array, boolean given /Applications/XAMPP/xamppfiles/htdocs/app/ThinkPHP/Library/Think/Model.class.php 第 886 行.
NOTIC: [2] in_array() expects parameter 2 to be array, boolean given /Applications/XAMPP/xamppfiles/htdocs/app/ThinkPHP/Library/Think/Model.class.php 第 886 行.
NOTIC: [2] in_array() expects parameter 2 to be array, boolean given /Applications/XAMPP/xamppfiles/htdocs/app/ThinkPHP/Library/Think/Model.class.php 第 886 行.
NOTIC: [2] in_array() expects parameter 2 to be array, boolean given /Applications/XAMPP/xamppfiles/htdocs/app/ThinkPHP/Library/Think/Model.class.php 第 886 行.
NOTIC: [2] in_array() expects parameter 2 to be array, boolean given /Applications/XAMPP/xamppfiles/htdocs/app/ThinkPHP/Library/Think/Model.class.php 第 886 行.
NOTIC: [2] in_array() expects parameter 2 to be array, boolean given /Applications/XAMPP/xamppfiles/htdocs/app/ThinkPHP/Library/Think/Model.class.php 第 886 行.
NOTIC: [2] in_array() expects parameter 2 to be array, boolean given /Applications/XAMPP/xamppfiles/htdocs/app/ThinkPHP/Library/Think/Model.class.php 第 886 行.

[ 2016-11-09T16:56:35+08:00 ] ::1 /app/index.php/Home/Test/zhuce
INFO: [ app_begin ] --START--
INFO: Run Behavior\ReadHtmlCache [ RunTime:0.000839s ]
INFO: [ app_begin ] --END-- [ RunTime:0.001626s ]
NOTIC: [8192] mysql_connect(): The mysql extension is deprecated and will be removed in the future: use mysqli or PDO instead /Applications/XAMPP/xamppfiles/htdocs/app/ThinkPHP/Library/Think/Db/Driver/Mysql.class.php 第 52 行.
SQL: SHOW COLUMNS FROM `test` [ RunTime:0.002545s ]
ERR: 1146:Table 'thinkphp.test' doesn't exist
 [ SQL语句 ] : SHOW COLUMNS FROM `test`
NOTIC: [2] in_array() expects parameter 2 to be array, boolean given /Applications/XAMPP/xamppfiles/htdocs/app/ThinkPHP/Library/Think/Model.class.php 第 886 行.
NOTIC: [2] in_array() expects parameter 2 to be array, boolean given /Applications/XAMPP/xamppfiles/htdocs/app/ThinkPHP/Library/Think/Model.class.php 第 886 行.
NOTIC: [2] in_array() expects parameter 2 to be array, boolean given /Applications/XAMPP/xamppfiles/htdocs/app/ThinkPHP/Library/Think/Model.class.php 第 886 行.
NOTIC: [2] in_array() expects parameter 2 to be array, boolean given /Applications/XAMPP/xamppfiles/htdocs/app/ThinkPHP/Library/Think/Model.class.php 第 886 行.
NOTIC: [2] in_array() expects parameter 2 to be array, boolean given /Applications/XAMPP/xamppfiles/htdocs/app/ThinkPHP/Library/Think/Model.class.php 第 886 行.
NOTIC: [2] in_array() expects parameter 2 to be array, boolean given /Applications/XAMPP/xamppfiles/htdocs/app/ThinkPHP/Library/Think/Model.class.php 第 886 行.
NOTIC: [2] in_array() expects parameter 2 to be array, boolean given /Applications/XAMPP/xamppfiles/htdocs/app/ThinkPHP/Library/Think/Model.class.php 第 886 行.
NOTIC: [2] in_array() expects parameter 2 to be array, boolean given /Applications/XAMPP/xamppfiles/htdocs/app/ThinkPHP/Library/Think/Model.class.php 第 886 行.

[ 2016-11-09T18:43:43+08:00 ] ::1 /app/index.php/Home/Test/zhuce
INFO: [ app_begin ] --START--
INFO: Run Behavior\ReadHtmlCache [ RunTime:0.001048s ]
INFO: [ app_begin ] --END-- [ RunTime:0.001965s ]
NOTIC: [8192] mysql_connect(): The mysql extension is deprecated and will be removed in the future: use mysqli or PDO instead /Applications/XAMPP/xamppfiles/htdocs/app/ThinkPHP/Library/Think/Db/Driver/Mysql.class.php 第 52 行.
SQL: SHOW COLUMNS FROM `test` [ RunTime:0.003104s ]
ERR: 1146:Table 'thinkphp.test' doesn't exist
 [ SQL语句 ] : SHOW COLUMNS FROM `test`
NOTIC: [2] in_array() expects parameter 2 to be array, boolean given /Applications/XAMPP/xamppfiles/htdocs/app/ThinkPHP/Library/Think/Model.class.php 第 886 行.
NOTIC: [2] in_array() expects parameter 2 to be array, boolean given /Applications/XAMPP/xamppfiles/htdocs/app/ThinkPHP/Library/Think/Model.class.php 第 886 行.
NOTIC: [2] in_array() expects parameter 2 to be array, boolean given /Applications/XAMPP/xamppfiles/htdocs/app/ThinkPHP/Library/Think/Model.class.php 第 886 行.
NOTIC: [2] in_array() expects parameter 2 to be array, boolean given /Applications/XAMPP/xamppfiles/htdocs/app/ThinkPHP/Library/Think/Model.class.php 第 886 行.
NOTIC: [2] in_array() expects parameter 2 to be array, boolean given /Applications/XAMPP/xamppfiles/htdocs/app/ThinkPHP/Library/Think/Model.class.php 第 886 行.
NOTIC: [2] in_array() expects parameter 2 to be array, boolean given /Applications/XAMPP/xamppfiles/htdocs/app/ThinkPHP/Library/Think/Model.class.php 第 886 行.
NOTIC: [2] in_array() expects parameter 2 to be array, boolean given /Applications/XAMPP/xamppfiles/htdocs/app/ThinkPHP/Library/Think/Model.class.php 第 886 行.
NOTIC: [2] in_array() expects parameter 2 to be array, boolean given /Applications/XAMPP/xamppfiles/htdocs/app/ThinkPHP/Library/Think/Model.class.php 第 886 行.

[ 2016-11-09T19:59:39+08:00 ] ::1 /app/index.php/Home/User/register
INFO: [ app_begin ] --START--
INFO: Run Behavior\ReadHtmlCache [ RunTime:0.001058s ]
INFO: [ app_begin ] --END-- [ RunTime:0.002004s ]
SQL: DESCRIBE sw_user [ RunTime:0.004509s ]
INFO: [ view_parse ] --START--
INFO: [ template_filter ] --START--
INFO: Run Behavior\ContentReplace [ RunTime:0.000060s ]
INFO: [ template_filter ] --END-- [ RunTime:0.000139s ]
INFO: Run Behavior\ParseTemplate [ RunTime:0.016121s ]
INFO: [ view_parse ] --END-- [ RunTime:0.016186s ]
INFO: [ view_filter ] --START--
INFO: Run Behavior\WriteHtmlCache [ RunTime:0.000429s ]
INFO: [ view_filter ] --END-- [ RunTime:0.000479s ]
INFO: [ app_end ] --START--
INFO: Run Behavior\ShowPageTrace [ RunTime:0.001847s ]
INFO: [ app_end ] --END-- [ RunTime:0.001935s ]

[ 2016-11-09T19:59:58+08:00 ] ::1 /app/index.php/Home/User/register
INFO: [ app_begin ] --START--
INFO: Run Behavior\ReadHtmlCache [ RunTime:0.000527s ]
INFO: [ app_begin ] --END-- [ RunTime:0.000925s ]
SQL: DESCRIBE sw_user [ RunTime:0.002110s ]
INFO: [ view_parse ] --START--
INFO: [ template_filter ] --START--
INFO: Run Behavior\ContentReplace [ RunTime:0.000080s ]
INFO: [ template_filter ] --END-- [ RunTime:0.000163s ]
INFO: Run Behavior\ParseTemplate [ RunTime:0.011650s ]
INFO: [ view_parse ] --END-- [ RunTime:0.011771s ]
INFO: [ view_filter ] --START--
INFO: Run Behavior\WriteHtmlCache [ RunTime:0.000157s ]
INFO: [ view_filter ] --END-- [ RunTime:0.000208s ]
INFO: [ app_end ] --START--
INFO: Run Behavior\ShowPageTrace [ RunTime:0.000768s ]
INFO: [ app_end ] --END-- [ RunTime:0.000907s ]

