[ 2016-11-15T08:30:17+08:00 ] ::1 /app/weibo/index.php/Admin/Manager/upd/mg_id/4
INFO: [ app_begin ] --START--
INFO: Run Behavior\ReadHtmlCache [ RunTime:0.000873s ]
INFO: Run Behavior\ReadHtmlCache [ RunTime:0.000009s ]
INFO: Run Behavior\CheckLang [ RunTime:0.000824s ]
INFO: [ app_begin ] --END-- [ RunTime:0.002549s ]
SQL: DESCRIBE sw_manager [ RunTime:0.002575s ]
SQL: SELECT * FROM `sw_manager` WHERE ( `mg_id` = 4 ) LIMIT 1   [ RunTime:0.000246s ]
SQL: DESCRIBE sw_role [ RunTime:0.001207s ]
SQL: SELECT * FROM `sw_role`  [ RunTime:0.000314s ]
INFO: [ view_parse ] --START--
INFO: [ template_filter ] --START--
INFO: Run Behavior\ContentReplace [ RunTime:0.000028s ]
INFO: [ template_filter ] --END-- [ RunTime:0.000084s ]
INFO: Run Behavior\ParseTemplate [ RunTime:0.008236s ]
INFO: [ view_parse ] --END-- [ RunTime:0.008310s ]
INFO: [ view_filter ] --START--
INFO: Run Behavior\WriteHtmlCache [ RunTime:0.000492s ]
INFO: [ view_filter ] --END-- [ RunTime:0.000536s ]
INFO: [ app_end ] --START--
INFO: Run Behavior\ShowPageTrace [ RunTime:0.000834s ]
INFO: [ app_end ] --END-- [ RunTime:0.000875s ]

[ 2016-11-15T08:31:30+08:00 ] ::1 /app/weibo/index.php/Admin/Manager/logout
INFO: [ app_begin ] --START--
INFO: Run Behavior\ReadHtmlCache [ RunTime:0.000406s ]
INFO: Run Behavior\ReadHtmlCache [ RunTime:0.000008s ]
INFO: Run Behavior\CheckLang [ RunTime:0.000309s ]
INFO: [ app_begin ] --END-- [ RunTime:0.001143s ]

[ 2016-11-15T08:31:30+08:00 ] ::1 /app/weibo/index.php/Admin/Manager/login.html
INFO: [ app_begin ] --START--
INFO: Run Behavior\ReadHtmlCache [ RunTime:0.000393s ]
INFO: Run Behavior\ReadHtmlCache [ RunTime:0.000009s ]
INFO: Run Behavior\CheckLang [ RunTime:0.000304s ]
INFO: [ app_begin ] --END-- [ RunTime:0.001112s ]
INFO: [ view_parse ] --START--
INFO: [ template_filter ] --START--
INFO: Run Behavior\ContentReplace [ RunTime:0.000035s ]
INFO: [ template_filter ] --END-- [ RunTime:0.000102s ]
INFO: Run Behavior\ParseTemplate [ RunTime:0.005604s ]
INFO: [ view_parse ] --END-- [ RunTime:0.005670s ]
INFO: [ view_filter ] --START--
INFO: Run Behavior\WriteHtmlCache [ RunTime:0.000155s ]
INFO: [ view_filter ] --END-- [ RunTime:0.000226s ]
INFO: [ app_end ] --START--
INFO: Run Behavior\ShowPageTrace [ RunTime:0.000390s ]
INFO: [ app_end ] --END-- [ RunTime:0.000434s ]

[ 2016-11-15T08:31:30+08:00 ] ::1 /app/weibo/index.php/Admin/Manager/verifyImage
INFO: [ app_begin ] --START--
INFO: Run Behavior\ReadHtmlCache [ RunTime:0.000613s ]
INFO: Run Behavior\ReadHtmlCache [ RunTime:0.000015s ]
INFO: Run Behavior\CheckLang [ RunTime:0.000488s ]
INFO: [ app_begin ] --END-- [ RunTime:0.001723s ]
INFO: [ app_end ] --START--
INFO: Run Behavior\ShowPageTrace [ RunTime:0.001150s ]
INFO: [ app_end ] --END-- [ RunTime:0.001307s ]

[ 2016-11-15T08:31:43+08:00 ] ::1 /app/weibo/index.php/Admin/Manager/verifyImage?0.7515957335106311
INFO: [ app_begin ] --START--
INFO: Run Behavior\ReadHtmlCache [ RunTime:0.000605s ]
INFO: Run Behavior\ReadHtmlCache [ RunTime:0.000010s ]
INFO: Run Behavior\CheckLang [ RunTime:0.000428s ]
INFO: [ app_begin ] --END-- [ RunTime:0.001474s ]
INFO: [ app_end ] --START--
INFO: Run Behavior\ShowPageTrace [ RunTime:0.000479s ]
INFO: [ app_end ] --END-- [ RunTime:0.000564s ]

[ 2016-11-15T08:31:44+08:00 ] ::1 /app/weibo/index.php/Admin/Manager/verifyImage?0.7515957335106311?0.6347953341805366
INFO: [ app_begin ] --START--
INFO: Run Behavior\ReadHtmlCache [ RunTime:0.000544s ]
INFO: Run Behavior\ReadHtmlCache [ RunTime:0.000007s ]
INFO: Run Behavior\CheckLang [ RunTime:0.000253s ]
INFO: [ app_begin ] --END-- [ RunTime:0.001105s ]
INFO: [ app_end ] --START--
INFO: Run Behavior\ShowPageTrace [ RunTime:0.000441s ]
INFO: [ app_end ] --END-- [ RunTime:0.000512s ]

[ 2016-11-15T08:31:45+08:00 ] ::1 /app/weibo/index.php/Admin/Manager/verifyImage?0.7515957335106311?0.6347953341805366?0.5977022995695527
INFO: [ app_begin ] --START--
INFO: Run Behavior\ReadHtmlCache [ RunTime:0.000312s ]
INFO: Run Behavior\ReadHtmlCache [ RunTime:0.000007s ]
INFO: Run Behavior\CheckLang [ RunTime:0.000227s ]
INFO: [ app_begin ] --END-- [ RunTime:0.000839s ]
INFO: [ app_end ] --START--
INFO: Run Behavior\ShowPageTrace [ RunTime:0.000799s ]
INFO: [ app_end ] --END-- [ RunTime:0.000927s ]

[ 2016-11-15T08:31:47+08:00 ] ::1 /app/weibo/index.php/Admin/Manager/verifyImage?0.7515957335106311?0.6347953341805366?0.5977022995695527?0.8550861342875598
INFO: [ app_begin ] --START--
INFO: Run Behavior\ReadHtmlCache [ RunTime:0.000398s ]
INFO: Run Behavior\ReadHtmlCache [ RunTime:0.000008s ]
INFO: Run Behavior\CheckLang [ RunTime:0.000286s ]
INFO: [ app_begin ] --END-- [ RunTime:0.001063s ]
INFO: [ app_end ] --START--
INFO: Run Behavior\ShowPageTrace [ RunTime:0.000539s ]
INFO: [ app_end ] --END-- [ RunTime:0.000624s ]

[ 2016-11-15T08:31:48+08:00 ] ::1 /app/weibo/index.php/Admin/Manager/verifyImage?0.7515957335106311?0.6347953341805366?0.5977022995695527?0.8550861342875598?0.06233785344663678
INFO: [ app_begin ] --START--
INFO: Run Behavior\ReadHtmlCache [ RunTime:0.000435s ]
INFO: Run Behavior\ReadHtmlCache [ RunTime:0.000015s ]
INFO: Run Behavior\CheckLang [ RunTime:0.000317s ]
INFO: [ app_begin ] --END-- [ RunTime:0.001214s ]
INFO: [ app_end ] --START--
INFO: Run Behavior\ShowPageTrace [ RunTime:0.000538s ]
INFO: [ app_end ] --END-- [ RunTime:0.000632s ]

[ 2016-11-15T08:31:52+08:00 ] ::1 /app/weibo/index.php/Admin/Manager/verifyImage?0.7515957335106311?0.6347953341805366?0.5977022995695527?0.8550861342875598?0.06233785344663678?0.13929056479953972
INFO: [ app_begin ] --START--
INFO: Run Behavior\ReadHtmlCache [ RunTime:0.000324s ]
INFO: Run Behavior\ReadHtmlCache [ RunTime:0.000007s ]
INFO: Run Behavior\CheckLang [ RunTime:0.000231s ]
INFO: [ app_begin ] --END-- [ RunTime:0.000863s ]
INFO: [ app_end ] --START--
INFO: Run Behavior\ShowPageTrace [ RunTime:0.000375s ]
INFO: [ app_end ] --END-- [ RunTime:0.000436s ]

[ 2016-11-15T08:31:53+08:00 ] ::1 /app/weibo/index.php/Admin/Manager/verifyImage?0.7515957335106311?0.6347953341805366?0.5977022995695527?0.8550861342875598?0.06233785344663678?0.13929056479953972?0.029758206159741674
INFO: [ app_begin ] --START--
INFO: Run Behavior\ReadHtmlCache [ RunTime:0.000449s ]
INFO: Run Behavior\ReadHtmlCache [ RunTime:0.000008s ]
INFO: Run Behavior\CheckLang [ RunTime:0.000301s ]
INFO: [ app_begin ] --END-- [ RunTime:0.001086s ]
INFO: [ app_end ] --START--
INFO: Run Behavior\ShowPageTrace [ RunTime:0.000384s ]
INFO: [ app_end ] --END-- [ RunTime:0.000441s ]

[ 2016-11-15T08:31:54+08:00 ] ::1 /app/weibo/index.php/Admin/Manager/verifyImage?0.7515957335106311?0.6347953341805366?0.5977022995695527?0.8550861342875598?0.06233785344663678?0.13929056479953972?0.029758206159741674?0.4691162806839728
INFO: [ app_begin ] --START--
INFO: Run Behavior\ReadHtmlCache [ RunTime:0.000318s ]
INFO: Run Behavior\ReadHtmlCache [ RunTime:0.000006s ]
INFO: Run Behavior\CheckLang [ RunTime:0.000230s ]
INFO: [ app_begin ] --END-- [ RunTime:0.000853s ]
INFO: [ app_end ] --START--
INFO: Run Behavior\ShowPageTrace [ RunTime:0.000364s ]
INFO: [ app_end ] --END-- [ RunTime:0.000417s ]

[ 2016-11-15T08:31:55+08:00 ] ::1 /app/weibo/index.php/Admin/Manager/verifyImage?0.7515957335106311?0.6347953341805366?0.5977022995695527?0.8550861342875598?0.06233785344663678?0.13929056479953972?0.029758206159741674?0.4691162806839728?0.8966453625054944
INFO: [ app_begin ] --START--
INFO: Run Behavior\ReadHtmlCache [ RunTime:0.000445s ]
INFO: Run Behavior\ReadHtmlCache [ RunTime:0.000008s ]
INFO: Run Behavior\CheckLang [ RunTime:0.000238s ]
INFO: [ app_begin ] --END-- [ RunTime:0.001049s ]
INFO: [ app_end ] --START--
INFO: Run Behavior\ShowPageTrace [ RunTime:0.000400s ]
INFO: [ app_end ] --END-- [ RunTime:0.000482s ]

[ 2016-11-15T08:31:55+08:00 ] ::1 /app/weibo/index.php/Admin/Manager/verifyImage?0.7515957335106311?0.6347953341805366?0.5977022995695527?0.8550861342875598?0.06233785344663678?0.13929056479953972?0.029758206159741674?0.4691162806839728?0.8966453625054944?0.9638447187327364
INFO: [ app_begin ] --START--
INFO: Run Behavior\ReadHtmlCache [ RunTime:0.000448s ]
INFO: Run Behavior\ReadHtmlCache [ RunTime:0.000010s ]
INFO: Run Behavior\CheckLang [ RunTime:0.000284s ]
INFO: [ app_begin ] --END-- [ RunTime:0.001362s ]
INFO: [ app_end ] --START--
INFO: Run Behavior\ShowPageTrace [ RunTime:0.000388s ]
INFO: [ app_end ] --END-- [ RunTime:0.000448s ]

[ 2016-11-15T08:31:57+08:00 ] ::1 /app/weibo/index.php/Admin/Manager/verifyImage?0.7515957335106311?0.6347953341805366?0.5977022995695527?0.8550861342875598?0.06233785344663678?0.13929056479953972?0.029758206159741674?0.4691162806839728?0.8966453625054944?0.9638447187327364?0.877354765289653
INFO: [ app_begin ] --START--
INFO: Run Behavior\ReadHtmlCache [ RunTime:0.000372s ]
INFO: Run Behavior\ReadHtmlCache [ RunTime:0.000007s ]
INFO: Run Behavior\CheckLang [ RunTime:0.000281s ]
INFO: [ app_begin ] --END-- [ RunTime:0.001034s ]
INFO: [ app_end ] --START--
INFO: Run Behavior\ShowPageTrace [ RunTime:0.000426s ]
INFO: [ app_end ] --END-- [ RunTime:0.000506s ]

[ 2016-11-15T08:32:04+08:00 ] ::1 /app/weibo/index.php/Admin/Manager/login.html
INFO: [ app_begin ] --START--
INFO: Run Behavior\ReadHtmlCache [ RunTime:0.000386s ]
INFO: Run Behavior\ReadHtmlCache [ RunTime:0.000008s ]
INFO: Run Behavior\CheckLang [ RunTime:0.000314s ]
INFO: [ app_begin ] --END-- [ RunTime:0.001356s ]
SQL: DESCRIBE sw_manager [ RunTime:0.002247s ]
SQL: SELECT * FROM `sw_manager` WHERE ( `mg_name` = 'kelaier' ) LIMIT 1   [ RunTime:0.000383s ]

[ 2016-11-15T08:32:04+08:00 ] ::1 /app/weibo/index.php/Admin/Index/index.html
INFO: [ app_begin ] --START--
INFO: Run Behavior\ReadHtmlCache [ RunTime:0.000309s ]
INFO: Run Behavior\ReadHtmlCache [ RunTime:0.000007s ]
INFO: Run Behavior\CheckLang [ RunTime:0.000227s ]
INFO: [ app_begin ] --END-- [ RunTime:0.000832s ]
SQL: select role_auth_ac from sw_manager a join sw_role b on a.mg_role_id=b.role_id where a.mg_id=3 [ RunTime:0.000397s ]
INFO: [ view_parse ] --START--
INFO: [ template_filter ] --START--
INFO: Run Behavior\ContentReplace [ RunTime:0.000036s ]
INFO: [ template_filter ] --END-- [ RunTime:0.000124s ]
INFO: Run Behavior\ParseTemplate [ RunTime:0.007172s ]
INFO: [ view_parse ] --END-- [ RunTime:0.007248s ]
INFO: [ view_filter ] --START--
INFO: Run Behavior\WriteHtmlCache [ RunTime:0.000163s ]
INFO: [ view_filter ] --END-- [ RunTime:0.000222s ]
INFO: [ app_end ] --START--
INFO: Run Behavior\ShowPageTrace [ RunTime:0.000559s ]
INFO: [ app_end ] --END-- [ RunTime:0.000611s ]

[ 2016-11-15T08:32:04+08:00 ] ::1 /app/weibo/index.php/Admin/Index/right
INFO: [ app_begin ] --START--
INFO: Run Behavior\ReadHtmlCache [ RunTime:0.000651s ]
INFO: Run Behavior\ReadHtmlCache [ RunTime:0.000014s ]
INFO: Run Behavior\CheckLang [ RunTime:0.000843s ]
INFO: [ app_begin ] --END-- [ RunTime:0.002595s ]
SQL: select role_auth_ac from sw_manager a join sw_role b on a.mg_role_id=b.role_id where a.mg_id=3 [ RunTime:0.000393s ]
INFO: [ view_parse ] --START--
INFO: [ template_filter ] --START--
INFO: Run Behavior\ContentReplace [ RunTime:0.000031s ]
INFO: [ template_filter ] --END-- [ RunTime:0.000098s ]
INFO: Run Behavior\ParseTemplate [ RunTime:0.006136s ]
INFO: [ view_parse ] --END-- [ RunTime:0.006193s ]
INFO: [ view_filter ] --START--
INFO: Run Behavior\WriteHtmlCache [ RunTime:0.000139s ]
INFO: [ view_filter ] --END-- [ RunTime:0.000181s ]
INFO: [ app_end ] --START--
INFO: Run Behavior\ShowPageTrace [ RunTime:0.000471s ]
INFO: [ app_end ] --END-- [ RunTime:0.000524s ]

[ 2016-11-15T08:32:04+08:00 ] ::1 /app/weibo/index.php/Admin/Index/left
INFO: [ app_begin ] --START--
INFO: Run Behavior\ReadHtmlCache [ RunTime:0.000634s ]
INFO: Run Behavior\ReadHtmlCache [ RunTime:0.000018s ]
INFO: Run Behavior\CheckLang [ RunTime:0.000507s ]
INFO: [ app_begin ] --END-- [ RunTime:0.001775s ]
SQL: select role_auth_ac from sw_manager a join sw_role b on a.mg_role_id=b.role_id where a.mg_id=3 [ RunTime:0.001914s ]
SQL: select * from sw_manager where mg_id=3 [ RunTime:0.000703s ]
SQL: select * from sw_role where role_id=0 [ RunTime:0.000336s ]
SQL: select * from sw_auth where auth_level=0 and auth_id in (1,2,3,4,5,6,7,8,9,10,11,12,13,14,15,16,17,18,19,20) [ RunTime:0.000584s ]
SQL: select * from sw_auth where auth_level=1 and auth_id in (1,2,3,4,5,6,7,8,9,10,11,12,13,14,15,16,17,18,19,20) [ RunTime:0.000556s ]
INFO: [ view_parse ] --START--
INFO: [ template_filter ] --START--
INFO: Run Behavior\ContentReplace [ RunTime:0.000041s ]
INFO: [ template_filter ] --END-- [ RunTime:0.000144s ]
INFO: Run Behavior\ParseTemplate [ RunTime:0.012465s ]
INFO: [ view_parse ] --END-- [ RunTime:0.012551s ]
INFO: [ view_filter ] --START--
INFO: Run Behavior\WriteHtmlCache [ RunTime:0.000158s ]
INFO: [ view_filter ] --END-- [ RunTime:0.000204s ]
INFO: [ app_end ] --START--
INFO: Run Behavior\ShowPageTrace [ RunTime:0.000737s ]
INFO: [ app_end ] --END-- [ RunTime:0.000946s ]

[ 2016-11-15T08:32:04+08:00 ] ::1 /app/weibo/index.php/Admin/Index/head
INFO: [ app_begin ] --START--
INFO: Run Behavior\ReadHtmlCache [ RunTime:0.000359s ]
INFO: Run Behavior\ReadHtmlCache [ RunTime:0.000013s ]
INFO: Run Behavior\CheckLang [ RunTime:0.000402s ]
INFO: [ app_begin ] --END-- [ RunTime:0.001150s ]
SQL: select role_auth_ac from sw_manager a join sw_role b on a.mg_role_id=b.role_id where a.mg_id=3 [ RunTime:0.000404s ]
INFO: [ view_parse ] --START--
INFO: [ template_filter ] --START--
INFO: Run Behavior\ContentReplace [ RunTime:0.000047s ]
INFO: [ template_filter ] --END-- [ RunTime:0.000157s ]
INFO: Run Behavior\ParseTemplate [ RunTime:0.006267s ]
INFO: [ view_parse ] --END-- [ RunTime:0.006346s ]
INFO: [ view_filter ] --START--
INFO: Run Behavior\WriteHtmlCache [ RunTime:0.000199s ]
INFO: [ view_filter ] --END-- [ RunTime:0.000273s ]
INFO: [ app_end ] --START--
INFO: Run Behavior\ShowPageTrace [ RunTime:0.000660s ]
INFO: [ app_end ] --END-- [ RunTime:0.000748s ]

[ 2016-11-15T08:32:31+08:00 ] ::1 /app/weibo/index.php/Admin/Manager/logout
INFO: [ app_begin ] --START--
INFO: Run Behavior\ReadHtmlCache [ RunTime:0.000335s ]
INFO: Run Behavior\ReadHtmlCache [ RunTime:0.000007s ]
INFO: Run Behavior\CheckLang [ RunTime:0.000248s ]
INFO: [ app_begin ] --END-- [ RunTime:0.000931s ]

[ 2016-11-15T08:32:31+08:00 ] ::1 /app/weibo/index.php/Admin/Manager/login.html
INFO: [ app_begin ] --START--
INFO: Run Behavior\ReadHtmlCache [ RunTime:0.000372s ]
INFO: Run Behavior\ReadHtmlCache [ RunTime:0.000007s ]
INFO: Run Behavior\CheckLang [ RunTime:0.000240s ]
INFO: [ app_begin ] --END-- [ RunTime:0.000936s ]
INFO: [ view_parse ] --START--
INFO: [ template_filter ] --START--
INFO: Run Behavior\ContentReplace [ RunTime:0.000033s ]
INFO: [ template_filter ] --END-- [ RunTime:0.000080s ]
INFO: Run Behavior\ParseTemplate [ RunTime:0.004373s ]
INFO: [ view_parse ] --END-- [ RunTime:0.004440s ]
INFO: [ view_filter ] --START--
INFO: Run Behavior\WriteHtmlCache [ RunTime:0.000132s ]
INFO: [ view_filter ] --END-- [ RunTime:0.000177s ]
INFO: [ app_end ] --START--
INFO: Run Behavior\ShowPageTrace [ RunTime:0.000410s ]
INFO: [ app_end ] --END-- [ RunTime:0.000454s ]

[ 2016-11-15T08:32:31+08:00 ] ::1 /app/weibo/index.php/Admin/Manager/verifyImage
INFO: [ app_begin ] --START--
INFO: Run Behavior\ReadHtmlCache [ RunTime:0.000686s ]
INFO: Run Behavior\ReadHtmlCache [ RunTime:0.000015s ]
INFO: Run Behavior\CheckLang [ RunTime:0.000567s ]
INFO: [ app_begin ] --END-- [ RunTime:0.001877s ]
INFO: [ app_end ] --START--
INFO: Run Behavior\ShowPageTrace [ RunTime:0.000749s ]
INFO: [ app_end ] --END-- [ RunTime:0.000878s ]

[ 2016-11-15T08:34:08+08:00 ] ::1 /app/weibo/index.php/Admin/Manager/login.html
INFO: [ app_begin ] --START--
INFO: Run Behavior\ReadHtmlCache [ RunTime:0.000957s ]
INFO: Run Behavior\ReadHtmlCache [ RunTime:0.000007s ]
INFO: Run Behavior\CheckLang [ RunTime:0.000304s ]
INFO: [ app_begin ] --END-- [ RunTime:0.001670s ]
SQL: DESCRIBE sw_manager [ RunTime:0.002233s ]
SQL: SELECT * FROM `sw_manager` WHERE ( `mg_name` = 'tom' ) LIMIT 1   [ RunTime:0.000457s ]

[ 2016-11-15T08:34:08+08:00 ] ::1 /app/weibo/index.php/Admin/Index/index.html
INFO: [ app_begin ] --START--
INFO: Run Behavior\ReadHtmlCache [ RunTime:0.000374s ]
INFO: Run Behavior\ReadHtmlCache [ RunTime:0.000008s ]
INFO: Run Behavior\CheckLang [ RunTime:0.000274s ]
INFO: [ app_begin ] --END-- [ RunTime:0.001074s ]
SQL: select role_auth_ac from sw_manager a join sw_role b on a.mg_role_id=b.role_id where a.mg_id=2 [ RunTime:0.000453s ]
INFO: [ view_parse ] --START--
INFO: [ template_filter ] --START--
INFO: Run Behavior\ContentReplace [ RunTime:0.000035s ]
INFO: [ template_filter ] --END-- [ RunTime:0.000108s ]
INFO: Run Behavior\ParseTemplate [ RunTime:0.006908s ]
INFO: [ view_parse ] --END-- [ RunTime:0.006992s ]
INFO: [ view_filter ] --START--
INFO: Run Behavior\WriteHtmlCache [ RunTime:0.000162s ]
INFO: [ view_filter ] --END-- [ RunTime:0.000223s ]
INFO: [ app_end ] --START--
INFO: Run Behavior\ShowPageTrace [ RunTime:0.000519s ]
INFO: [ app_end ] --END-- [ RunTime:0.000580s ]

[ 2016-11-15T08:34:08+08:00 ] ::1 /app/weibo/index.php/Admin/Index/head
INFO: [ app_begin ] --START--
INFO: Run Behavior\ReadHtmlCache [ RunTime:0.000580s ]
INFO: Run Behavior\ReadHtmlCache [ RunTime:0.000016s ]
INFO: Run Behavior\CheckLang [ RunTime:0.000428s ]
INFO: [ app_begin ] --END-- [ RunTime:0.001587s ]
SQL: select role_auth_ac from sw_manager a join sw_role b on a.mg_role_id=b.role_id where a.mg_id=2 [ RunTime:0.000293s ]
INFO: [ view_parse ] --START--
INFO: [ template_filter ] --START--
INFO: Run Behavior\ContentReplace [ RunTime:0.000028s ]
INFO: [ template_filter ] --END-- [ RunTime:0.000096s ]
INFO: Run Behavior\ParseTemplate [ RunTime:0.004735s ]
INFO: [ view_parse ] --END-- [ RunTime:0.004804s ]
INFO: [ view_filter ] --START--
INFO: Run Behavior\WriteHtmlCache [ RunTime:0.000222s ]
INFO: [ view_filter ] --END-- [ RunTime:0.000282s ]
INFO: [ app_end ] --START--
INFO: Run Behavior\ShowPageTrace [ RunTime:0.000508s ]
INFO: [ app_end ] --END-- [ RunTime:0.000553s ]

[ 2016-11-15T08:34:08+08:00 ] ::1 /app/weibo/index.php/Admin/Index/left
INFO: [ app_begin ] --START--
INFO: Run Behavior\ReadHtmlCache [ RunTime:0.000566s ]
INFO: Run Behavior\ReadHtmlCache [ RunTime:0.000013s ]
INFO: Run Behavior\CheckLang [ RunTime:0.000415s ]
INFO: [ app_begin ] --END-- [ RunTime:0.001485s ]
SQL: select role_auth_ac from sw_manager a join sw_role b on a.mg_role_id=b.role_id where a.mg_id=2 [ RunTime:0.000426s ]
SQL: select * from sw_manager where mg_id=2 [ RunTime:0.000230s ]
SQL: select * from sw_role where role_id=1 [ RunTime:0.000183s ]
SQL: select * from sw_auth where auth_level=0 and auth_id in (1,4,19,8,9) [ RunTime:0.000244s ]
SQL: select * from sw_auth where auth_level=1 and auth_id in (1,4,19,8,9) [ RunTime:0.000208s ]
INFO: [ view_parse ] --START--
INFO: [ template_filter ] --START--
INFO: Run Behavior\ContentReplace [ RunTime:0.000033s ]
INFO: [ template_filter ] --END-- [ RunTime:0.000089s ]
INFO: Run Behavior\ParseTemplate [ RunTime:0.009507s ]
INFO: [ view_parse ] --END-- [ RunTime:0.009558s ]
INFO: [ view_filter ] --START--
INFO: Run Behavior\WriteHtmlCache [ RunTime:0.000121s ]
INFO: [ view_filter ] --END-- [ RunTime:0.000160s ]
INFO: [ app_end ] --START--
INFO: Run Behavior\ShowPageTrace [ RunTime:0.000529s ]
INFO: [ app_end ] --END-- [ RunTime:0.000617s ]

[ 2016-11-15T08:34:08+08:00 ] ::1 /app/weibo/index.php/Admin/Index/right
INFO: [ app_begin ] --START--
INFO: Run Behavior\ReadHtmlCache [ RunTime:0.000421s ]
INFO: Run Behavior\ReadHtmlCache [ RunTime:0.000008s ]
INFO: Run Behavior\CheckLang [ RunTime:0.000263s ]
INFO: [ app_begin ] --END-- [ RunTime:0.001118s ]
SQL: select role_auth_ac from sw_manager a join sw_role b on a.mg_role_id=b.role_id where a.mg_id=2 [ RunTime:0.000507s ]
INFO: [ view_parse ] --START--
INFO: [ template_filter ] --START--
INFO: Run Behavior\ContentReplace [ RunTime:0.000035s ]
INFO: [ template_filter ] --END-- [ RunTime:0.000151s ]
INFO: Run Behavior\ParseTemplate [ RunTime:0.007845s ]
INFO: [ view_parse ] --END-- [ RunTime:0.007925s ]
INFO: [ view_filter ] --START--
INFO: Run Behavior\WriteHtmlCache [ RunTime:0.000128s ]
INFO: [ view_filter ] --END-- [ RunTime:0.000167s ]
INFO: [ app_end ] --START--
INFO: Run Behavior\ShowPageTrace [ RunTime:0.000421s ]
INFO: [ app_end ] --END-- [ RunTime:0.000462s ]

[ 2016-11-15T08:34:31+08:00 ] ::1 /app/weibo/index.php/Admin/Index/head
INFO: [ app_begin ] --START--
INFO: Run Behavior\ReadHtmlCache [ RunTime:0.000390s ]
INFO: Run Behavior\ReadHtmlCache [ RunTime:0.000008s ]
INFO: Run Behavior\CheckLang [ RunTime:0.000282s ]
INFO: [ app_begin ] --END-- [ RunTime:0.001088s ]
SQL: select role_auth_ac from sw_manager a join sw_role b on a.mg_role_id=b.role_id where a.mg_id=2 [ RunTime:0.000292s ]
INFO: [ view_parse ] --START--
INFO: [ template_filter ] --START--
INFO: Run Behavior\ContentReplace [ RunTime:0.000030s ]
INFO: [ template_filter ] --END-- [ RunTime:0.000102s ]
INFO: Run Behavior\ParseTemplate [ RunTime:0.005085s ]
INFO: [ view_parse ] --END-- [ RunTime:0.005138s ]
INFO: [ view_filter ] --START--
INFO: Run Behavior\WriteHtmlCache [ RunTime:0.000129s ]
INFO: [ view_filter ] --END-- [ RunTime:0.000181s ]
INFO: [ app_end ] --START--
INFO: Run Behavior\ShowPageTrace [ RunTime:0.000397s ]
INFO: [ app_end ] --END-- [ RunTime:0.000454s ]

[ 2016-11-15T08:34:35+08:00 ] ::1 /app/weibo/index.php/Admin/Manager/logout
INFO: [ app_begin ] --START--
INFO: Run Behavior\ReadHtmlCache [ RunTime:0.000352s ]
INFO: Run Behavior\ReadHtmlCache [ RunTime:0.000007s ]
INFO: Run Behavior\CheckLang [ RunTime:0.000250s ]
INFO: [ app_begin ] --END-- [ RunTime:0.000971s ]

[ 2016-11-15T08:34:35+08:00 ] ::1 /app/weibo/index.php/Admin/Manager/login.html
INFO: [ app_begin ] --START--
INFO: Run Behavior\ReadHtmlCache [ RunTime:0.000337s ]
INFO: Run Behavior\ReadHtmlCache [ RunTime:0.000007s ]
INFO: Run Behavior\CheckLang [ RunTime:0.000234s ]
INFO: [ app_begin ] --END-- [ RunTime:0.000941s ]
INFO: [ view_parse ] --START--
INFO: [ template_filter ] --START--
INFO: Run Behavior\ContentReplace [ RunTime:0.000033s ]
INFO: [ template_filter ] --END-- [ RunTime:0.000081s ]
INFO: Run Behavior\ParseTemplate [ RunTime:0.004347s ]
INFO: [ view_parse ] --END-- [ RunTime:0.004410s ]
INFO: [ view_filter ] --START--
INFO: Run Behavior\WriteHtmlCache [ RunTime:0.000191s ]
INFO: [ view_filter ] --END-- [ RunTime:0.000270s ]
INFO: [ app_end ] --START--
INFO: Run Behavior\ShowPageTrace [ RunTime:0.000763s ]
INFO: [ app_end ] --END-- [ RunTime:0.000864s ]

[ 2016-11-15T08:34:35+08:00 ] ::1 /app/weibo/index.php/Admin/Manager/verifyImage
INFO: [ app_begin ] --START--
INFO: Run Behavior\ReadHtmlCache [ RunTime:0.000729s ]
INFO: Run Behavior\ReadHtmlCache [ RunTime:0.000014s ]
INFO: Run Behavior\CheckLang [ RunTime:0.000507s ]
INFO: [ app_begin ] --END-- [ RunTime:0.001831s ]
INFO: [ app_end ] --START--
INFO: Run Behavior\ShowPageTrace [ RunTime:0.000945s ]
INFO: [ app_end ] --END-- [ RunTime:0.001079s ]

[ 2016-11-15T08:36:37+08:00 ] ::1 /app/weibo/index.php/Admin/Manager/left
INFO: [ app_begin ] --START--
INFO: Run Behavior\ReadHtmlCache [ RunTime:0.000384s ]
INFO: Run Behavior\ReadHtmlCache [ RunTime:0.000008s ]
INFO: Run Behavior\CheckLang [ RunTime:0.000326s ]
INFO: [ app_begin ] --END-- [ RunTime:0.001082s ]
ERR: 非法操作:left

[ 2016-11-15T08:36:55+08:00 ] ::1 /app/weibo/index.php/Admin/Index/index
INFO: [ app_begin ] --START--
INFO: Run Behavior\ReadHtmlCache [ RunTime:0.000499s ]
INFO: Run Behavior\ReadHtmlCache [ RunTime:0.000011s ]
INFO: Run Behavior\CheckLang [ RunTime:0.000364s ]
INFO: [ app_begin ] --END-- [ RunTime:0.001334s ]
NOTIC: [8] Undefined index: mg_id /Applications/XAMPP/xamppfiles/htdocs/app/weibo/Component/AdminController.class.php 第 17 行.
SQL: select role_auth_ac from sw_manager a join sw_role b on a.mg_role_id=b.role_id where a.mg_id= [ RunTime:0.000146s ]
ERR: 1064:You have an error in your SQL syntax; check the manual that corresponds to your MariaDB server version for the right syntax to use near '' at line 1
 [ SQL语句 ] : select role_auth_ac from sw_manager a join sw_role b on a.mg_role_id=b.role_id where a.mg_id=
INFO: [ view_parse ] --START--
INFO: [ template_filter ] --START--
INFO: Run Behavior\ContentReplace [ RunTime:0.000028s ]
INFO: [ template_filter ] --END-- [ RunTime:0.000096s ]
INFO: Run Behavior\ParseTemplate [ RunTime:0.004880s ]
INFO: [ view_parse ] --END-- [ RunTime:0.004962s ]
INFO: [ view_filter ] --START--
INFO: Run Behavior\WriteHtmlCache [ RunTime:0.000187s ]
INFO: [ view_filter ] --END-- [ RunTime:0.000249s ]
INFO: [ app_end ] --START--
INFO: Run Behavior\ShowPageTrace [ RunTime:0.000423s ]
INFO: [ app_end ] --END-- [ RunTime:0.000468s ]

[ 2016-11-15T08:36:55+08:00 ] ::1 /app/weibo/index.php/Admin/Index/head
INFO: [ app_begin ] --START--
INFO: Run Behavior\ReadHtmlCache [ RunTime:0.000581s ]
INFO: Run Behavior\ReadHtmlCache [ RunTime:0.000013s ]
INFO: Run Behavior\CheckLang [ RunTime:0.000406s ]
INFO: [ app_begin ] --END-- [ RunTime:0.001535s ]
NOTIC: [8] Undefined index: mg_id /Applications/XAMPP/xamppfiles/htdocs/app/weibo/Component/AdminController.class.php 第 17 行.
SQL: select role_auth_ac from sw_manager a join sw_role b on a.mg_role_id=b.role_id where a.mg_id= [ RunTime:0.000118s ]
ERR: 1064:You have an error in your SQL syntax; check the manual that corresponds to your MariaDB server version for the right syntax to use near '' at line 1
 [ SQL语句 ] : select role_auth_ac from sw_manager a join sw_role b on a.mg_role_id=b.role_id where a.mg_id=
INFO: [ view_parse ] --START--
INFO: [ template_filter ] --START--
INFO: Run Behavior\ContentReplace [ RunTime:0.000024s ]
INFO: [ template_filter ] --END-- [ RunTime:0.000080s ]
INFO: Run Behavior\ParseTemplate [ RunTime:0.004349s ]
INFO: [ view_parse ] --END-- [ RunTime:0.004398s ]
INFO: [ view_filter ] --START--
INFO: Run Behavior\WriteHtmlCache [ RunTime:0.000107s ]
INFO: [ view_filter ] --END-- [ RunTime:0.000145s ]
INFO: [ app_end ] --START--
INFO: Run Behavior\ShowPageTrace [ RunTime:0.000350s ]
INFO: [ app_end ] --END-- [ RunTime:0.000389s ]

[ 2016-11-15T08:36:55+08:00 ] ::1 /app/weibo/index.php/Admin/Index/left
INFO: [ app_begin ] --START--
INFO: Run Behavior\ReadHtmlCache [ RunTime:0.000684s ]
INFO: Run Behavior\ReadHtmlCache [ RunTime:0.000018s ]
INFO: Run Behavior\CheckLang [ RunTime:0.000500s ]
INFO: [ app_begin ] --END-- [ RunTime:0.001776s ]
NOTIC: [8] Undefined index: mg_id /Applications/XAMPP/xamppfiles/htdocs/app/weibo/Component/AdminController.class.php 第 17 行.
SQL: select role_auth_ac from sw_manager a join sw_role b on a.mg_role_id=b.role_id where a.mg_id= [ RunTime:0.000192s ]
ERR: 1064:You have an error in your SQL syntax; check the manual that corresponds to your MariaDB server version for the right syntax to use near '' at line 1
 [ SQL语句 ] : select role_auth_ac from sw_manager a join sw_role b on a.mg_role_id=b.role_id where a.mg_id=
NOTIC: [8] Undefined index: mg_id /Applications/XAMPP/xamppfiles/htdocs/app/weibo/Admin/Controller/IndexController.class.php 第 18 行.
SQL: select * from sw_manager where mg_id= [ RunTime:0.000150s ]
ERR: 1064:You have an error in your SQL syntax; check the manual that corresponds to your MariaDB server version for the right syntax to use near '' at line 1
 [ SQL语句 ] : select * from sw_manager where mg_id=
SQL: select * from sw_role where role_id= [ RunTime:0.000144s ]
ERR: 1064:You have an error in your SQL syntax; check the manual that corresponds to your MariaDB server version for the right syntax to use near '' at line 1
 [ SQL语句 ] : select * from sw_role where role_id=
NOTIC: [8] Undefined index: mg_id /Applications/XAMPP/xamppfiles/htdocs/app/weibo/Admin/Controller/IndexController.class.php 第 28 行.
SQL: select * from sw_auth where auth_level=0 and auth_id in () [ RunTime:0.000145s ]
ERR: 1064:You have an error in your SQL syntax; check the manual that corresponds to your MariaDB server version for the right syntax to use near ')' at line 1
 [ SQL语句 ] : select * from sw_auth where auth_level=0 and auth_id in ()
NOTIC: [8] Undefined index: mg_id /Applications/XAMPP/xamppfiles/htdocs/app/weibo/Admin/Controller/IndexController.class.php 第 35 行.
SQL: select * from sw_auth where auth_level=1 and auth_id in () [ RunTime:0.000123s ]
ERR: 1064:You have an error in your SQL syntax; check the manual that corresponds to your MariaDB server version for the right syntax to use near ')' at line 1
 [ SQL语句 ] : select * from sw_auth where auth_level=1 and auth_id in ()
INFO: [ view_parse ] --START--
INFO: [ template_filter ] --START--
INFO: Run Behavior\ContentReplace [ RunTime:0.000034s ]
INFO: [ template_filter ] --END-- [ RunTime:0.000094s ]
INFO: Run Behavior\ParseTemplate [ RunTime:0.008823s ]
INFO: [ view_parse ] --END-- [ RunTime:0.008903s ]
INFO: [ view_filter ] --START--
INFO: Run Behavior\WriteHtmlCache [ RunTime:0.000121s ]
INFO: [ view_filter ] --END-- [ RunTime:0.000159s ]
INFO: [ app_end ] --START--
INFO: Run Behavior\ShowPageTrace [ RunTime:0.000358s ]
INFO: [ app_end ] --END-- [ RunTime:0.000398s ]

[ 2016-11-15T08:36:55+08:00 ] ::1 /app/weibo/index.php/Admin/Index/right
INFO: [ app_begin ] --START--
INFO: Run Behavior\ReadHtmlCache [ RunTime:0.000371s ]
INFO: Run Behavior\ReadHtmlCache [ RunTime:0.000008s ]
INFO: Run Behavior\CheckLang [ RunTime:0.000266s ]
INFO: [ app_begin ] --END-- [ RunTime:0.000992s ]
NOTIC: [8] Undefined index: mg_id /Applications/XAMPP/xamppfiles/htdocs/app/weibo/Component/AdminController.class.php 第 17 行.
SQL: select role_auth_ac from sw_manager a join sw_role b on a.mg_role_id=b.role_id where a.mg_id= [ RunTime:0.000194s ]
ERR: 1064:You have an error in your SQL syntax; check the manual that corresponds to your MariaDB server version for the right syntax to use near '' at line 1
 [ SQL语句 ] : select role_auth_ac from sw_manager a join sw_role b on a.mg_role_id=b.role_id where a.mg_id=
INFO: [ view_parse ] --START--
INFO: [ template_filter ] --START--
INFO: Run Behavior\ContentReplace [ RunTime:0.000027s ]
INFO: [ template_filter ] --END-- [ RunTime:0.000082s ]
INFO: Run Behavior\ParseTemplate [ RunTime:0.005839s ]
INFO: [ view_parse ] --END-- [ RunTime:0.005919s ]
INFO: [ view_filter ] --START--
INFO: Run Behavior\WriteHtmlCache [ RunTime:0.000108s ]
INFO: [ view_filter ] --END-- [ RunTime:0.000145s ]
INFO: [ app_end ] --START--
INFO: Run Behavior\ShowPageTrace [ RunTime:0.000346s ]
INFO: [ app_end ] --END-- [ RunTime:0.000385s ]

[ 2016-11-15T08:37:02+08:00 ] ::1 /app/weibo/index.php/Admin/Index/left
INFO: [ app_begin ] --START--
INFO: Run Behavior\ReadHtmlCache [ RunTime:0.000365s ]
INFO: Run Behavior\ReadHtmlCache [ RunTime:0.000007s ]
INFO: Run Behavior\CheckLang [ RunTime:0.000273s ]
INFO: [ app_begin ] --END-- [ RunTime:0.001044s ]
NOTIC: [8] Undefined index: mg_id /Applications/XAMPP/xamppfiles/htdocs/app/weibo/Component/AdminController.class.php 第 17 行.
SQL: select role_auth_ac from sw_manager a join sw_role b on a.mg_role_id=b.role_id where a.mg_id= [ RunTime:0.000156s ]
ERR: 1064:You have an error in your SQL syntax; check the manual that corresponds to your MariaDB server version for the right syntax to use near '' at line 1
 [ SQL语句 ] : select role_auth_ac from sw_manager a join sw_role b on a.mg_role_id=b.role_id where a.mg_id=
NOTIC: [8] Undefined index: mg_id /Applications/XAMPP/xamppfiles/htdocs/app/weibo/Admin/Controller/IndexController.class.php 第 18 行.
SQL: select * from sw_manager where mg_id= [ RunTime:0.000086s ]
ERR: 1064:You have an error in your SQL syntax; check the manual that corresponds to your MariaDB server version for the right syntax to use near '' at line 1
 [ SQL语句 ] : select * from sw_manager where mg_id=
SQL: select * from sw_role where role_id= [ RunTime:0.000066s ]
ERR: 1064:You have an error in your SQL syntax; check the manual that corresponds to your MariaDB server version for the right syntax to use near '' at line 1
 [ SQL语句 ] : select * from sw_role where role_id=
NOTIC: [8] Undefined index: mg_id /Applications/XAMPP/xamppfiles/htdocs/app/weibo/Admin/Controller/IndexController.class.php 第 28 行.
SQL: select * from sw_auth where auth_level=0 and auth_id in () [ RunTime:0.000076s ]
ERR: 1064:You have an error in your SQL syntax; check the manual that corresponds to your MariaDB server version for the right syntax to use near ')' at line 1
 [ SQL语句 ] : select * from sw_auth where auth_level=0 and auth_id in ()
NOTIC: [8] Undefined index: mg_id /Applications/XAMPP/xamppfiles/htdocs/app/weibo/Admin/Controller/IndexController.class.php 第 35 行.
SQL: select * from sw_auth where auth_level=1 and auth_id in () [ RunTime:0.000065s ]
ERR: 1064:You have an error in your SQL syntax; check the manual that corresponds to your MariaDB server version for the right syntax to use near ')' at line 1
 [ SQL语句 ] : select * from sw_auth where auth_level=1 and auth_id in ()
INFO: [ view_parse ] --START--
INFO: [ template_filter ] --START--
INFO: Run Behavior\ContentReplace [ RunTime:0.000044s ]
INFO: [ template_filter ] --END-- [ RunTime:0.000100s ]
INFO: Run Behavior\ParseTemplate [ RunTime:0.008294s ]
INFO: [ view_parse ] --END-- [ RunTime:0.008352s ]
INFO: [ view_filter ] --START--
INFO: Run Behavior\WriteHtmlCache [ RunTime:0.000132s ]
INFO: [ view_filter ] --END-- [ RunTime:0.000174s ]
INFO: [ app_end ] --START--
INFO: Run Behavior\ShowPageTrace [ RunTime:0.000456s ]
INFO: [ app_end ] --END-- [ RunTime:0.000512s ]

[ 2016-11-15T08:37:49+08:00 ] ::1 /app/weibo/index.php/Admin/Index/left
INFO: [ app_begin ] --START--
INFO: Run Behavior\ReadHtmlCache [ RunTime:0.000369s ]
INFO: Run Behavior\ReadHtmlCache [ RunTime:0.000008s ]
INFO: Run Behavior\CheckLang [ RunTime:0.000269s ]
INFO: [ app_begin ] --END-- [ RunTime:0.001043s ]
NOTIC: [8] Undefined index: mg_id /Applications/XAMPP/xamppfiles/htdocs/app/weibo/Component/AdminController.class.php 第 17 行.
SQL: select role_auth_ac from sw_manager a join sw_role b on a.mg_role_id=b.role_id where a.mg_id= [ RunTime:0.000213s ]
ERR: 1064:You have an error in your SQL syntax; check the manual that corresponds to your MariaDB server version for the right syntax to use near '' at line 1
 [ SQL语句 ] : select role_auth_ac from sw_manager a join sw_role b on a.mg_role_id=b.role_id where a.mg_id=
NOTIC: [8] Undefined index: mg_id /Applications/XAMPP/xamppfiles/htdocs/app/weibo/Admin/Controller/IndexController.class.php 第 18 行.
SQL: select * from sw_manager where mg_id= [ RunTime:0.000124s ]
ERR: 1064:You have an error in your SQL syntax; check the manual that corresponds to your MariaDB server version for the right syntax to use near '' at line 1
 [ SQL语句 ] : select * from sw_manager where mg_id=
SQL: select * from sw_role where role_id= [ RunTime:0.000136s ]
ERR: 1064:You have an error in your SQL syntax; check the manual that corresponds to your MariaDB server version for the right syntax to use near '' at line 1
 [ SQL语句 ] : select * from sw_role where role_id=
NOTIC: [8] Undefined index: mg_id /Applications/XAMPP/xamppfiles/htdocs/app/weibo/Admin/Controller/IndexController.class.php 第 28 行.
SQL: select * from sw_auth where auth_level=0 and auth_id in () [ RunTime:0.000119s ]
ERR: 1064:You have an error in your SQL syntax; check the manual that corresponds to your MariaDB server version for the right syntax to use near ')' at line 1
 [ SQL语句 ] : select * from sw_auth where auth_level=0 and auth_id in ()
NOTIC: [8] Undefined index: mg_id /Applications/XAMPP/xamppfiles/htdocs/app/weibo/Admin/Controller/IndexController.class.php 第 35 行.
SQL: select * from sw_auth where auth_level=1 and auth_id in () [ RunTime:0.000092s ]
ERR: 1064:You have an error in your SQL syntax; check the manual that corresponds to your MariaDB server version for the right syntax to use near ')' at line 1
 [ SQL语句 ] : select * from sw_auth where auth_level=1 and auth_id in ()
INFO: [ view_parse ] --START--
INFO: [ template_filter ] --START--
INFO: Run Behavior\ContentReplace [ RunTime:0.000044s ]
INFO: [ template_filter ] --END-- [ RunTime:0.000110s ]
INFO: Run Behavior\ParseTemplate [ RunTime:0.009909s ]
INFO: [ view_parse ] --END-- [ RunTime:0.009970s ]
INFO: [ view_filter ] --START--
INFO: Run Behavior\WriteHtmlCache [ RunTime:0.000122s ]
INFO: [ view_filter ] --END-- [ RunTime:0.000159s ]
INFO: [ app_end ] --START--
INFO: Run Behavior\ShowPageTrace [ RunTime:0.000399s ]
INFO: [ app_end ] --END-- [ RunTime:0.000445s ]

[ 2016-11-15T08:37:54+08:00 ] ::1 /app/weibo/index.php/Admin/Index
INFO: [ app_begin ] --START--
INFO: Run Behavior\ReadHtmlCache [ RunTime:0.000356s ]
INFO: Run Behavior\ReadHtmlCache [ RunTime:0.000007s ]
INFO: Run Behavior\CheckLang [ RunTime:0.000265s ]
INFO: [ app_begin ] --END-- [ RunTime:0.000924s ]
NOTIC: [8] Undefined index: mg_id /Applications/XAMPP/xamppfiles/htdocs/app/weibo/Component/AdminController.class.php 第 17 行.
SQL: select role_auth_ac from sw_manager a join sw_role b on a.mg_role_id=b.role_id where a.mg_id= [ RunTime:0.000171s ]
ERR: 1064:You have an error in your SQL syntax; check the manual that corresponds to your MariaDB server version for the right syntax to use near '' at line 1
 [ SQL语句 ] : select role_auth_ac from sw_manager a join sw_role b on a.mg_role_id=b.role_id where a.mg_id=
INFO: [ view_parse ] --START--
INFO: [ template_filter ] --START--
INFO: Run Behavior\ContentReplace [ RunTime:0.000025s ]
INFO: [ template_filter ] --END-- [ RunTime:0.000075s ]
INFO: Run Behavior\ParseTemplate [ RunTime:0.003804s ]
INFO: [ view_parse ] --END-- [ RunTime:0.003856s ]
INFO: [ view_filter ] --START--
INFO: Run Behavior\WriteHtmlCache [ RunTime:0.000118s ]
INFO: [ view_filter ] --END-- [ RunTime:0.000157s ]
INFO: [ app_end ] --START--
INFO: Run Behavior\ShowPageTrace [ RunTime:0.000342s ]
INFO: [ app_end ] --END-- [ RunTime:0.000380s ]

[ 2016-11-15T08:37:54+08:00 ] ::1 /app/weibo/index.php/Admin/Index/head
INFO: [ app_begin ] --START--
INFO: Run Behavior\ReadHtmlCache [ RunTime:0.000604s ]
INFO: Run Behavior\ReadHtmlCache [ RunTime:0.000013s ]
INFO: Run Behavior\CheckLang [ RunTime:0.000409s ]
INFO: [ app_begin ] --END-- [ RunTime:0.001566s ]
NOTIC: [8] Undefined index: mg_id /Applications/XAMPP/xamppfiles/htdocs/app/weibo/Component/AdminController.class.php 第 17 行.
SQL: select role_auth_ac from sw_manager a join sw_role b on a.mg_role_id=b.role_id where a.mg_id= [ RunTime:0.000132s ]
ERR: 1064:You have an error in your SQL syntax; check the manual that corresponds to your MariaDB server version for the right syntax to use near '' at line 1
 [ SQL语句 ] : select role_auth_ac from sw_manager a join sw_role b on a.mg_role_id=b.role_id where a.mg_id=
INFO: [ view_parse ] --START--
INFO: [ template_filter ] --START--
INFO: Run Behavior\ContentReplace [ RunTime:0.000026s ]
INFO: [ template_filter ] --END-- [ RunTime:0.000086s ]
INFO: Run Behavior\ParseTemplate [ RunTime:0.004587s ]
INFO: [ view_parse ] --END-- [ RunTime:0.004646s ]
INFO: [ view_filter ] --START--
INFO: Run Behavior\WriteHtmlCache [ RunTime:0.000124s ]
INFO: [ view_filter ] --END-- [ RunTime:0.000167s ]
INFO: [ app_end ] --START--
INFO: Run Behavior\ShowPageTrace [ RunTime:0.000379s ]
INFO: [ app_end ] --END-- [ RunTime:0.000420s ]

[ 2016-11-15T08:37:54+08:00 ] ::1 /app/weibo/index.php/Admin/Index/left
INFO: [ app_begin ] --START--
INFO: Run Behavior\ReadHtmlCache [ RunTime:0.000537s ]
INFO: Run Behavior\ReadHtmlCache [ RunTime:0.000012s ]
INFO: Run Behavior\CheckLang [ RunTime:0.000395s ]
INFO: [ app_begin ] --END-- [ RunTime:0.001419s ]
NOTIC: [8] Undefined index: mg_id /Applications/XAMPP/xamppfiles/htdocs/app/weibo/Component/AdminController.class.php 第 17 行.
SQL: select role_auth_ac from sw_manager a join sw_role b on a.mg_role_id=b.role_id where a.mg_id= [ RunTime:0.000164s ]
ERR: 1064:You have an error in your SQL syntax; check the manual that corresponds to your MariaDB server version for the right syntax to use near '' at line 1
 [ SQL语句 ] : select role_auth_ac from sw_manager a join sw_role b on a.mg_role_id=b.role_id where a.mg_id=
NOTIC: [8] Undefined index: mg_id /Applications/XAMPP/xamppfiles/htdocs/app/weibo/Admin/Controller/IndexController.class.php 第 18 行.
SQL: select * from sw_manager where mg_id= [ RunTime:0.000150s ]
ERR: 1064:You have an error in your SQL syntax; check the manual that corresponds to your MariaDB server version for the right syntax to use near '' at line 1
 [ SQL语句 ] : select * from sw_manager where mg_id=
SQL: select * from sw_role where role_id= [ RunTime:0.000118s ]
ERR: 1064:You have an error in your SQL syntax; check the manual that corresponds to your MariaDB server version for the right syntax to use near '' at line 1
 [ SQL语句 ] : select * from sw_role where role_id=
NOTIC: [8] Undefined index: mg_id /Applications/XAMPP/xamppfiles/htdocs/app/weibo/Admin/Controller/IndexController.class.php 第 28 行.
SQL: select * from sw_auth where auth_level=0 and auth_id in () [ RunTime:0.000399s ]
ERR: 1064:You have an error in your SQL syntax; check the manual that corresponds to your MariaDB server version for the right syntax to use near ')' at line 1
 [ SQL语句 ] : select * from sw_auth where auth_level=0 and auth_id in ()
NOTIC: [8] Undefined index: mg_id /Applications/XAMPP/xamppfiles/htdocs/app/weibo/Admin/Controller/IndexController.class.php 第 35 行.
SQL: select * from sw_auth where auth_level=1 and auth_id in () [ RunTime:0.000241s ]
ERR: 1064:You have an error in your SQL syntax; check the manual that corresponds to your MariaDB server version for the right syntax to use near ')' at line 1
 [ SQL语句 ] : select * from sw_auth where auth_level=1 and auth_id in ()
INFO: [ view_parse ] --START--
INFO: [ template_filter ] --START--
INFO: Run Behavior\ContentReplace [ RunTime:0.000041s ]
INFO: [ template_filter ] --END-- [ RunTime:0.000114s ]
INFO: Run Behavior\ParseTemplate [ RunTime:0.010421s ]
INFO: [ view_parse ] --END-- [ RunTime:0.010505s ]
INFO: [ view_filter ] --START--
INFO: Run Behavior\WriteHtmlCache [ RunTime:0.000149s ]
INFO: [ view_filter ] --END-- [ RunTime:0.000195s ]
INFO: [ app_end ] --START--
INFO: Run Behavior\ShowPageTrace [ RunTime:0.000500s ]
INFO: [ app_end ] --END-- [ RunTime:0.000551s ]

[ 2016-11-15T08:37:54+08:00 ] ::1 /app/weibo/index.php/Admin/Index/right
INFO: [ app_begin ] --START--
INFO: Run Behavior\ReadHtmlCache [ RunTime:0.000399s ]
INFO: Run Behavior\ReadHtmlCache [ RunTime:0.000009s ]
INFO: Run Behavior\CheckLang [ RunTime:0.000287s ]
INFO: [ app_begin ] --END-- [ RunTime:0.001115s ]
NOTIC: [8] Undefined index: mg_id /Applications/XAMPP/xamppfiles/htdocs/app/weibo/Component/AdminController.class.php 第 17 行.
SQL: select role_auth_ac from sw_manager a join sw_role b on a.mg_role_id=b.role_id where a.mg_id= [ RunTime:0.000156s ]
ERR: 1064:You have an error in your SQL syntax; check the manual that corresponds to your MariaDB server version for the right syntax to use near '' at line 1
 [ SQL语句 ] : select role_auth_ac from sw_manager a join sw_role b on a.mg_role_id=b.role_id where a.mg_id=
INFO: [ view_parse ] --START--
INFO: [ template_filter ] --START--
INFO: Run Behavior\ContentReplace [ RunTime:0.000046s ]
INFO: [ template_filter ] --END-- [ RunTime:0.000182s ]
INFO: Run Behavior\ParseTemplate [ RunTime:0.007925s ]
INFO: [ view_parse ] --END-- [ RunTime:0.008015s ]
INFO: [ view_filter ] --START--
INFO: Run Behavior\WriteHtmlCache [ RunTime:0.000166s ]
INFO: [ view_filter ] --END-- [ RunTime:0.000214s ]
INFO: [ app_end ] --START--
INFO: Run Behavior\ShowPageTrace [ RunTime:0.000426s ]
INFO: [ app_end ] --END-- [ RunTime:0.000475s ]

[ 2016-11-15T08:39:06+08:00 ] ::1 /app/weibo/index.php/Admin/Index/right
INFO: [ app_begin ] --START--
INFO: Run Behavior\ReadHtmlCache [ RunTime:0.000365s ]
INFO: Run Behavior\ReadHtmlCache [ RunTime:0.000008s ]
INFO: Run Behavior\CheckLang [ RunTime:0.000281s ]
INFO: [ app_begin ] --END-- [ RunTime:0.001001s ]
NOTIC: [8] Undefined index: mg_id /Applications/XAMPP/xamppfiles/htdocs/app/weibo/Component/AdminController.class.php 第 17 行.
SQL: select role_auth_ac from sw_manager a join sw_role b on a.mg_role_id=b.role_id where a.mg_id= [ RunTime:0.000125s ]
ERR: 1064:You have an error in your SQL syntax; check the manual that corresponds to your MariaDB server version for the right syntax to use near '' at line 1
 [ SQL语句 ] : select role_auth_ac from sw_manager a join sw_role b on a.mg_role_id=b.role_id where a.mg_id=
INFO: [ view_parse ] --START--
INFO: [ template_filter ] --START--
INFO: Run Behavior\ContentReplace [ RunTime:0.000026s ]
INFO: [ template_filter ] --END-- [ RunTime:0.000071s ]
INFO: Run Behavior\ParseTemplate [ RunTime:0.004571s ]
INFO: [ view_parse ] --END-- [ RunTime:0.004622s ]
INFO: [ view_filter ] --START--
INFO: Run Behavior\WriteHtmlCache [ RunTime:0.000107s ]
INFO: [ view_filter ] --END-- [ RunTime:0.000144s ]
INFO: [ app_end ] --START--
INFO: Run Behavior\ShowPageTrace [ RunTime:0.000341s ]
INFO: [ app_end ] --END-- [ RunTime:0.000380s ]

[ 2016-11-15T08:39:58+08:00 ] ::1 /app/weibo/index.php/Admin/Index/rig
INFO: [ app_begin ] --START--
INFO: Run Behavior\ReadHtmlCache [ RunTime:0.000368s ]
INFO: Run Behavior\ReadHtmlCache [ RunTime:0.000008s ]
INFO: Run Behavior\CheckLang [ RunTime:0.000269s ]
INFO: [ app_begin ] --END-- [ RunTime:0.000999s ]
NOTIC: [8] Undefined index: mg_id /Applications/XAMPP/xamppfiles/htdocs/app/weibo/Component/AdminController.class.php 第 17 行.
SQL: select role_auth_ac from sw_manager a join sw_role b on a.mg_role_id=b.role_id where a.mg_id= [ RunTime:0.000164s ]
ERR: 1064:You have an error in your SQL syntax; check the manual that corresponds to your MariaDB server version for the right syntax to use near '' at line 1
 [ SQL语句 ] : select role_auth_ac from sw_manager a join sw_role b on a.mg_role_id=b.role_id where a.mg_id=
NOTIC: [8] Undefined index: mg_id /Applications/XAMPP/xamppfiles/htdocs/app/weibo/Component/AdminController.class.php 第 23 行.
INFO: [ view_parse ] --START--
INFO: [ template_filter ] --START--
INFO: Run Behavior\ContentReplace [ RunTime:0.000027s ]
INFO: [ template_filter ] --END-- [ RunTime:0.000091s ]
INFO: Run Behavior\ParseTemplate [ RunTime:0.005344s ]
INFO: [ view_parse ] --END-- [ RunTime:0.005397s ]
INFO: [ view_filter ] --START--
INFO: Run Behavior\WriteHtmlCache [ RunTime:0.000140s ]
INFO: [ view_filter ] --END-- [ RunTime:0.000182s ]

[ 2016-11-15T08:40:01+08:00 ] ::1 /app/weibo/index.php/Admin/Index/right.html
INFO: [ app_begin ] --START--
INFO: Run Behavior\ReadHtmlCache [ RunTime:0.000386s ]
INFO: Run Behavior\ReadHtmlCache [ RunTime:0.000009s ]
INFO: Run Behavior\CheckLang [ RunTime:0.000276s ]
INFO: [ app_begin ] --END-- [ RunTime:0.001072s ]
NOTIC: [8] Undefined index: mg_id /Applications/XAMPP/xamppfiles/htdocs/app/weibo/Component/AdminController.class.php 第 17 行.
SQL: select role_auth_ac from sw_manager a join sw_role b on a.mg_role_id=b.role_id where a.mg_id= [ RunTime:0.000201s ]
ERR: 1064:You have an error in your SQL syntax; check the manual that corresponds to your MariaDB server version for the right syntax to use near '' at line 1
 [ SQL语句 ] : select role_auth_ac from sw_manager a join sw_role b on a.mg_role_id=b.role_id where a.mg_id=
INFO: [ view_parse ] --START--
INFO: [ template_filter ] --START--
INFO: Run Behavior\ContentReplace [ RunTime:0.000029s ]
INFO: [ template_filter ] --END-- [ RunTime:0.000088s ]
INFO: Run Behavior\ParseTemplate [ RunTime:0.005246s ]
INFO: [ view_parse ] --END-- [ RunTime:0.005299s ]
INFO: [ view_filter ] --START--
INFO: Run Behavior\WriteHtmlCache [ RunTime:0.000133s ]
INFO: [ view_filter ] --END-- [ RunTime:0.000173s ]
INFO: [ app_end ] --START--
INFO: Run Behavior\ShowPageTrace [ RunTime:0.000413s ]
INFO: [ app_end ] --END-- [ RunTime:0.000463s ]

